11:31:18 INFO  : Launching XSCT server: xsct.bat -n  -interactive C:\Studies\Embedded\SoC\SecondMicro\temp_xsdb_launch_script.tcl
11:31:18 INFO  : Platform repository initialization has completed.
11:31:18 INFO  : Registering command handlers for Vitis TCF services
11:31:21 INFO  : XSCT server has started successfully.
11:31:21 INFO  : plnx-install-location is set to ''
11:31:24 INFO  : Successfully done setting XSCT server connection channel  
11:31:24 INFO  : Successfully done query RDI_DATADIR 
11:31:24 INFO  : Successfully done setting workspace for the tool. 
11:32:08 INFO  : Result from executing command 'getProjects': microBlaze
11:32:08 INFO  : Result from executing command 'getPlatforms': 
11:34:03 INFO  : Hardware specification for platform project 'microBlaze' is updated.
11:35:46 INFO  : Checking for BSP changes to sync application flags for project 'testButton'...
11:35:46 INFO  : Result from executing command 'getProjects': RemoteSystemsTempFiles;microBlaze;testButton;testButton_system
11:35:46 WARN  : Failed to closehw "C:/Studies/Embedded/SoC/SecondMicro/microBlaze/export/microBlaze/hw/microBlazeWithFirst_wrapper.xsa"
Reason: C:/Studies/Embedded/SoC/SecondMicro/microBlaze/export/microBlaze/hw/microBlazeWithFirst_wrapper.xsa is not available in the current workspace
use 'getprojects' command to see list of available projects in current workspace
11:35:46 INFO  : Result from executing command 'getProjects': RemoteSystemsTempFiles;microBlaze;testButton;testButton_system
11:35:46 ERROR : Failed to openhw "C:/Studies/Embedded/SoC/SecondMicro/microBlaze/export/microBlaze/hw/microBlazeWithFirst_wrapper.xsa"
Reason: C:/Studies/Embedded/SoC/SecondMicro/microBlaze/export/microBlaze/hw/microBlazeWithFirst_wrapper.xsa is not available in the current workspace
use 'getprojects' command to see list of available projects in current workspace
11:35:46 ERROR : Failed to update application flags from BSP for 'testButton'. Reason: null
java.lang.NullPointerException
	at com.xilinx.sdx.sw.internal.SDxSwPlatform.<init>(SDxSwPlatform.java:305)
	at com.xilinx.sdx.sw.internal.SDxSwPlatform.create(SDxSwPlatform.java:214)
	at com.xilinx.sdx.sdk.core.util.SdkPlatformHelper.getSwPlatform(SdkPlatformHelper.java:61)
	at com.xilinx.sdx.sdk.core.build.SdkMakefileGenerationListener.getSwPlatform(SdkMakefileGenerationListener.java:160)
	at com.xilinx.sdx.sdk.core.build.SdkMakefileGenerationListener.syncAppFlags(SdkMakefileGenerationListener.java:78)
	at com.xilinx.sdx.sdk.core.build.SdkMakefileGenerationListener.preMakefileGeneration(SdkMakefileGenerationListener.java:48)
	at com.xilinx.sdk.managedbuilder.XilinxGnuMakefileGenerator.notifyPreMakefileGenerationListeners(XilinxGnuMakefileGenerator.java:91)
	at com.xilinx.sdk.managedbuilder.XilinxGnuMakefileGenerator.regenerateMakefiles(XilinxGnuMakefileGenerator.java:75)
	at org.eclipse.cdt.managedbuilder.internal.core.CommonBuilder.performMakefileGeneration(CommonBuilder.java:1006)
	at org.eclipse.cdt.managedbuilder.internal.core.CommonBuilder.performPrebuildGeneration(CommonBuilder.java:873)
	at org.eclipse.cdt.managedbuilder.internal.core.CommonBuilder.build(CommonBuilder.java:748)
	at org.eclipse.cdt.managedbuilder.internal.core.CommonBuilder.build(CommonBuilder.java:513)
	at org.eclipse.cdt.managedbuilder.internal.core.CommonBuilder.build(CommonBuilder.java:459)
	at org.eclipse.core.internal.events.BuildManager$2.run(BuildManager.java:832)
	at org.eclipse.core.runtime.SafeRunner.run(SafeRunner.java:45)
	at org.eclipse.core.internal.events.BuildManager.basicBuild(BuildManager.java:220)
	at org.eclipse.core.internal.events.BuildManager.basicBuild(BuildManager.java:263)
	at org.eclipse.core.internal.events.BuildManager$1.run(BuildManager.java:316)
	at org.eclipse.core.runtime.SafeRunner.run(SafeRunner.java:45)
	at org.eclipse.core.internal.events.BuildManager.basicBuild(BuildManager.java:319)
	at org.eclipse.core.internal.events.BuildManager.basicBuildLoop(BuildManager.java:371)
	at org.eclipse.core.internal.events.BuildManager.build(BuildManager.java:392)
	at org.eclipse.core.internal.resources.Workspace.buildInternal(Workspace.java:515)
	at org.eclipse.core.internal.resources.Workspace.build(Workspace.java:412)
	at org.eclipse.ui.actions.BuildAction$1.runInWorkspace(BuildAction.java:291)
	at org.eclipse.core.internal.resources.InternalWorkspaceJob.run(InternalWorkspaceJob.java:42)
	at org.eclipse.core.internal.jobs.Worker.run(Worker.java:63)
11:35:47 ERROR : Failed to compute checksum of hardware specification file used by project 'testButton'
11:35:47 INFO  : Result from executing command 'getProjects': RemoteSystemsTempFiles;microBlaze;testButton;testButton_system
11:35:47 ERROR : Failed to openhw "C:/Studies/Embedded/SoC/SecondMicro/microBlaze/export/microBlaze/hw/microBlazeWithFirst_wrapper.xsa"
Reason: C:/Studies/Embedded/SoC/SecondMicro/microBlaze/export/microBlaze/hw/microBlazeWithFirst_wrapper.xsa is not available in the current workspace
use 'getprojects' command to see list of available projects in current workspace
11:35:47 INFO  : Result from executing command 'getProjects': RemoteSystemsTempFiles;microBlaze;testButton;testButton_system
11:35:47 ERROR : Failed to openhw "C:/Studies/Embedded/SoC/SecondMicro/microBlaze/export/microBlaze/hw/microBlazeWithFirst_wrapper.xsa"
Reason: C:/Studies/Embedded/SoC/SecondMicro/microBlaze/export/microBlaze/hw/microBlazeWithFirst_wrapper.xsa is not available in the current workspace
use 'getprojects' command to see list of available projects in current workspace
11:35:47 INFO  : Result from executing command 'getProjects': RemoteSystemsTempFiles;microBlaze;testButton;testButton_system
11:35:47 ERROR : Failed to openhw "C:/Studies/Embedded/SoC/SecondMicro/microBlaze/export/microBlaze/hw/microBlazeWithFirst_wrapper.xsa"
Reason: C:/Studies/Embedded/SoC/SecondMicro/microBlaze/export/microBlaze/hw/microBlazeWithFirst_wrapper.xsa is not available in the current workspace
use 'getprojects' command to see list of available projects in current workspace
11:38:28 INFO  : Result from executing command 'removePlatformRepo': 
11:38:43 INFO  : Checking for BSP changes to sync application flags for project 'testButton'...
11:38:43 ERROR : Failed to get platform details for the project 'testButton'. Cannot sync application flags.
11:39:59 INFO  : Checking for BSP changes to sync application flags for project 'testButton'...
11:39:59 ERROR : Failed to get platform details for the project 'testButton'. Cannot sync application flags.
11:40:53 INFO  : Result from executing command 'removePlatformRepo': 
11:41:03 ERROR : Error from executing command 'removePlatformRepo': ERROR: No valid directory exists at given path.
11:41:08 INFO  : Checking for BSP changes to sync application flags for project 'testButton'...
11:41:08 ERROR : Failed to get platform details for the project 'testButton'. Cannot sync application flags.
11:42:56 INFO  : Result from executing command 'getProjects': test
11:42:56 INFO  : Result from executing command 'getPlatforms': 
11:46:11 INFO  : Hardware specification for platform project 'test' is updated.
11:52:55 INFO  : Hardware specification for platform project 'test' is updated.
12:32:37 INFO  : Result from executing command 'getProjects': test
12:32:37 INFO  : Result from executing command 'getPlatforms': test|C:/Studies/Embedded/SoC/SecondMicro/test/export/test/test.xpfm
12:34:09 INFO  : Result from executing command 'getProjects': test
12:34:09 INFO  : Result from executing command 'getPlatforms': test|C:/Studies/Embedded/SoC/SecondMicro/test/export/test/test.xpfm
12:34:42 INFO  : Hardware specification for platform project 'test' is updated.
12:34:49 INFO  : Result from executing command 'getProjects': test
12:34:49 INFO  : Result from executing command 'getPlatforms': test|C:/Studies/Embedded/SoC/SecondMicro/test/export/test/test.xpfm
12:41:15 ERROR : An unexpected exception occurred in the module 'reading platform'
12:42:03 INFO  : Result from executing command 'getProjects': microBlazeWithFirst_wrapper
12:42:03 INFO  : Result from executing command 'getPlatforms': 
12:42:03 INFO  : Platform 'microBlazeWithFirst_wrapper' is added to custom repositories.
12:42:04 INFO  : Platform 'microBlazeWithFirst_wrapper' is added to custom repositories.
12:43:18 INFO  : Hardware specification for platform project 'microBlazeWithFirst_wrapper' is updated.
12:43:40 INFO  : Checking for BSP changes to sync application flags for project 'metetest'...
12:43:40 INFO  : Result from executing command 'getProjects': RemoteSystemsTempFiles;metetest;metetest_system;microBlazeWithFirst_wrapper
12:43:40 WARN  : Failed to closehw "C:/Studies/Embedded/SoC/SecondMicro/microBlazeWithFirst_wrapper/export/microBlazeWithFirst_wrapper/hw/microBlazeWithFirst_wrapper.xsa"
Reason: C:/Studies/Embedded/SoC/SecondMicro/microBlazeWithFirst_wrapper/export/microBlazeWithFirst_wrapper/hw/microBlazeWithFirst_wrapper.xsa is not available in the current workspace
use 'getprojects' command to see list of available projects in current workspace
12:43:40 INFO  : Result from executing command 'getProjects': RemoteSystemsTempFiles;metetest;metetest_system;microBlazeWithFirst_wrapper
12:43:40 ERROR : Failed to openhw "C:/Studies/Embedded/SoC/SecondMicro/microBlazeWithFirst_wrapper/export/microBlazeWithFirst_wrapper/hw/microBlazeWithFirst_wrapper.xsa"
Reason: C:/Studies/Embedded/SoC/SecondMicro/microBlazeWithFirst_wrapper/export/microBlazeWithFirst_wrapper/hw/microBlazeWithFirst_wrapper.xsa is not available in the current workspace
use 'getprojects' command to see list of available projects in current workspace
12:43:40 ERROR : Failed to update application flags from BSP for 'metetest'. Reason: null
java.lang.NullPointerException
	at com.xilinx.sdx.sw.internal.SDxSwPlatform.<init>(SDxSwPlatform.java:305)
	at com.xilinx.sdx.sw.internal.SDxSwPlatform.create(SDxSwPlatform.java:214)
	at com.xilinx.sdx.sdk.core.util.SdkPlatformHelper.getSwPlatform(SdkPlatformHelper.java:61)
	at com.xilinx.sdx.sdk.core.build.SdkMakefileGenerationListener.getSwPlatform(SdkMakefileGenerationListener.java:160)
	at com.xilinx.sdx.sdk.core.build.SdkMakefileGenerationListener.syncAppFlags(SdkMakefileGenerationListener.java:78)
	at com.xilinx.sdx.sdk.core.build.SdkMakefileGenerationListener.preMakefileGeneration(SdkMakefileGenerationListener.java:48)
	at com.xilinx.sdk.managedbuilder.XilinxGnuMakefileGenerator.notifyPreMakefileGenerationListeners(XilinxGnuMakefileGenerator.java:91)
	at com.xilinx.sdk.managedbuilder.XilinxGnuMakefileGenerator.regenerateMakefiles(XilinxGnuMakefileGenerator.java:75)
	at org.eclipse.cdt.managedbuilder.internal.core.CommonBuilder.performMakefileGeneration(CommonBuilder.java:1006)
	at org.eclipse.cdt.managedbuilder.internal.core.CommonBuilder.performPrebuildGeneration(CommonBuilder.java:873)
	at org.eclipse.cdt.managedbuilder.internal.core.CommonBuilder.build(CommonBuilder.java:748)
	at org.eclipse.cdt.managedbuilder.internal.core.CommonBuilder.build(CommonBuilder.java:513)
	at org.eclipse.cdt.managedbuilder.internal.core.CommonBuilder.build(CommonBuilder.java:459)
	at org.eclipse.core.internal.events.BuildManager$2.run(BuildManager.java:832)
	at org.eclipse.core.runtime.SafeRunner.run(SafeRunner.java:45)
	at org.eclipse.core.internal.events.BuildManager.basicBuild(BuildManager.java:220)
	at org.eclipse.core.internal.events.BuildManager.basicBuild(BuildManager.java:263)
	at org.eclipse.core.internal.events.BuildManager$1.run(BuildManager.java:316)
	at org.eclipse.core.runtime.SafeRunner.run(SafeRunner.java:45)
	at org.eclipse.core.internal.events.BuildManager.basicBuild(BuildManager.java:319)
	at org.eclipse.core.internal.events.BuildManager.basicBuildLoop(BuildManager.java:371)
	at org.eclipse.core.internal.events.BuildManager.build(BuildManager.java:392)
	at org.eclipse.core.internal.resources.Workspace.buildInternal(Workspace.java:515)
	at org.eclipse.core.internal.resources.Workspace.build(Workspace.java:412)
	at org.eclipse.ui.actions.BuildAction$1.runInWorkspace(BuildAction.java:291)
	at org.eclipse.core.internal.resources.InternalWorkspaceJob.run(InternalWorkspaceJob.java:42)
	at org.eclipse.core.internal.jobs.Worker.run(Worker.java:63)
12:43:41 ERROR : Failed to compute checksum of hardware specification file used by project 'metetest'
12:43:41 INFO  : Result from executing command 'getProjects': RemoteSystemsTempFiles;metetest;metetest_system;microBlazeWithFirst_wrapper
12:43:41 ERROR : Failed to openhw "C:/Studies/Embedded/SoC/SecondMicro/microBlazeWithFirst_wrapper/export/microBlazeWithFirst_wrapper/hw/microBlazeWithFirst_wrapper.xsa"
Reason: C:/Studies/Embedded/SoC/SecondMicro/microBlazeWithFirst_wrapper/export/microBlazeWithFirst_wrapper/hw/microBlazeWithFirst_wrapper.xsa is not available in the current workspace
use 'getprojects' command to see list of available projects in current workspace
12:43:41 INFO  : Result from executing command 'getProjects': RemoteSystemsTempFiles;metetest;metetest_system;microBlazeWithFirst_wrapper
12:43:41 ERROR : Failed to openhw "C:/Studies/Embedded/SoC/SecondMicro/microBlazeWithFirst_wrapper/export/microBlazeWithFirst_wrapper/hw/microBlazeWithFirst_wrapper.xsa"
Reason: C:/Studies/Embedded/SoC/SecondMicro/microBlazeWithFirst_wrapper/export/microBlazeWithFirst_wrapper/hw/microBlazeWithFirst_wrapper.xsa is not available in the current workspace
use 'getprojects' command to see list of available projects in current workspace
12:43:41 INFO  : Result from executing command 'getProjects': RemoteSystemsTempFiles;metetest;metetest_system;microBlazeWithFirst_wrapper
12:43:41 ERROR : Failed to openhw "C:/Studies/Embedded/SoC/SecondMicro/microBlazeWithFirst_wrapper/export/microBlazeWithFirst_wrapper/hw/microBlazeWithFirst_wrapper.xsa"
Reason: C:/Studies/Embedded/SoC/SecondMicro/microBlazeWithFirst_wrapper/export/microBlazeWithFirst_wrapper/hw/microBlazeWithFirst_wrapper.xsa is not available in the current workspace
use 'getprojects' command to see list of available projects in current workspace
12:44:45 INFO  : Result from executing command 'getProjects': microBlazeWithFirst_wrapper
12:44:45 INFO  : Result from executing command 'getPlatforms': microBlazeWithFirst_wrapper|C:/Studies/Embedded/SoC/SecondMicro/microBlazeWithFirst_wrapper/export/microBlazeWithFirst_wrapper/microBlazeWithFirst_wrapper.xpfm
12:44:49 INFO  : Checking for BSP changes to sync application flags for project 'metetest'...
12:45:58 INFO  : Connected to target on host '127.0.0.1' and port '3121'.
12:46:01 INFO  : Jtag cable 'Digilent Basys3 210183AA10BAA' is selected.
12:46:02 INFO  : 'jtag frequency' command is executed.
12:46:04 INFO  : 'targets -set -filter {jtag_cable_name =~ "Digilent Basys3 210183AA10BAA" && level==0 && jtag_device_ctx=="jsn-Basys3-210183AA10BAA-0362d093-0"}' command is executed.
12:46:05 INFO  : Device configured successfully with "C:/Studies/Embedded/SoC/SecondMicro/metetest/_ide/bitstream/microBlazeWithFirst_wrapper.bit"
12:46:05 INFO  : Context for processor 'microblaze_0' is selected.
12:46:05 INFO  : Hardware design and registers information is loaded from 'C:/Studies/Embedded/SoC/SecondMicro/microBlazeWithFirst_wrapper/export/microBlazeWithFirst_wrapper/hw/microBlazeWithFirst_wrapper.xsa'.
12:46:07 INFO  : 'configparams mdm-detect-bscan-mask 2' command is executed.
12:46:07 INFO  : Context for processor 'microblaze_0' is selected.
12:46:07 INFO  : System reset is completed.
12:46:10 INFO  : 'after 3000' command is executed.
12:46:11 INFO  : Context for processor 'microblaze_0' is selected.
12:46:13 INFO  : The application 'C:/Studies/Embedded/SoC/SecondMicro/metetest/Debug/metetest.elf' is downloaded to processor 'microblaze_0'.
12:46:13 INFO  : ----------------XSDB Script----------------
connect -url tcp:127.0.0.1:3121
targets -set -filter {jtag_cable_name =~ "Digilent Basys3 210183AA10BAA" && level==0 && jtag_device_ctx=="jsn-Basys3-210183AA10BAA-0362d093-0"}
fpga -file C:/Studies/Embedded/SoC/SecondMicro/metetest/_ide/bitstream/microBlazeWithFirst_wrapper.bit
targets -set -nocase -filter {name =~ "*microblaze*#0" && bscan=="USER2" }
loadhw -hw C:/Studies/Embedded/SoC/SecondMicro/microBlazeWithFirst_wrapper/export/microBlazeWithFirst_wrapper/hw/microBlazeWithFirst_wrapper.xsa -regs
configparams mdm-detect-bscan-mask 2
targets -set -nocase -filter {name =~ "*microblaze*#0" && bscan=="USER2" }
rst -system
after 3000
targets -set -nocase -filter {name =~ "*microblaze*#0" && bscan=="USER2" }
dow C:/Studies/Embedded/SoC/SecondMicro/metetest/Debug/metetest.elf
----------------End of Script----------------

12:46:21 INFO  : Context for processor 'microblaze_0' is selected.
12:46:22 INFO  : 'con' command is executed.
12:46:22 INFO  : ----------------XSDB Script (After Launch)----------------
targets -set -nocase -filter {name =~ "*microblaze*#0" && bscan=="USER2" }
con
----------------End of Script----------------

12:46:22 INFO  : Launch script is exported to file 'C:\Studies\Embedded\SoC\SecondMicro\metetest_system\_ide\scripts\systemdebugger_metetest_system_standalone.tcl'
13:57:03 INFO  : Checking for BSP changes to sync application flags for project 'metetest'...
13:57:13 INFO  : Checking for BSP changes to sync application flags for project 'metetest'...
13:57:18 INFO  : Disconnected from the channel tcfchan#25.
13:57:20 INFO  : Connected to target on host '127.0.0.1' and port '3121'.
13:57:22 INFO  : Jtag cable 'Digilent Basys3 210183AA10BAA' is selected.
13:57:24 INFO  : 'jtag frequency' command is executed.
13:57:24 INFO  : 'targets -set -filter {jtag_cable_name =~ "Digilent Basys3 210183AA10BAA" && level==0 && jtag_device_ctx=="jsn-Basys3-210183AA10BAA-0362d093-0"}' command is executed.
13:57:26 INFO  : Device configured successfully with "C:/Studies/Embedded/SoC/SecondMicro/metetest/_ide/bitstream/microBlazeWithFirst_wrapper.bit"
13:57:26 INFO  : Context for processor 'microblaze_0' is selected.
13:57:26 INFO  : Hardware design and registers information is loaded from 'C:/Studies/Embedded/SoC/SecondMicro/microBlazeWithFirst_wrapper/export/microBlazeWithFirst_wrapper/hw/microBlazeWithFirst_wrapper.xsa'.
13:57:26 INFO  : 'configparams mdm-detect-bscan-mask 2' command is executed.
13:57:26 INFO  : Context for processor 'microblaze_0' is selected.
13:57:26 INFO  : System reset is completed.
13:57:29 INFO  : 'after 3000' command is executed.
13:57:30 INFO  : Context for processor 'microblaze_0' is selected.
13:57:34 INFO  : The application 'C:/Studies/Embedded/SoC/SecondMicro/metetest/Debug/metetest.elf' is downloaded to processor 'microblaze_0'.
13:57:34 INFO  : ----------------XSDB Script----------------
connect -url tcp:127.0.0.1:3121
targets -set -filter {jtag_cable_name =~ "Digilent Basys3 210183AA10BAA" && level==0 && jtag_device_ctx=="jsn-Basys3-210183AA10BAA-0362d093-0"}
fpga -file C:/Studies/Embedded/SoC/SecondMicro/metetest/_ide/bitstream/microBlazeWithFirst_wrapper.bit
targets -set -nocase -filter {name =~ "*microblaze*#0" && bscan=="USER2" }
loadhw -hw C:/Studies/Embedded/SoC/SecondMicro/microBlazeWithFirst_wrapper/export/microBlazeWithFirst_wrapper/hw/microBlazeWithFirst_wrapper.xsa -regs
configparams mdm-detect-bscan-mask 2
targets -set -nocase -filter {name =~ "*microblaze*#0" && bscan=="USER2" }
rst -system
after 3000
targets -set -nocase -filter {name =~ "*microblaze*#0" && bscan=="USER2" }
dow C:/Studies/Embedded/SoC/SecondMicro/metetest/Debug/metetest.elf
----------------End of Script----------------

13:57:36 INFO  : Context for processor 'microblaze_0' is selected.
13:57:38 INFO  : 'con' command is executed.
13:57:38 INFO  : ----------------XSDB Script (After Launch)----------------
targets -set -nocase -filter {name =~ "*microblaze*#0" && bscan=="USER2" }
con
----------------End of Script----------------

13:57:38 INFO  : Launch script is exported to file 'C:\Studies\Embedded\SoC\SecondMicro\metetest_system\_ide\scripts\systemdebugger_metetest_system_standalone.tcl'
13:57:54 INFO  : Disconnected from the channel tcfchan#26.
13:57:55 INFO  : Connected to target on host '127.0.0.1' and port '3121'.
13:57:55 INFO  : Jtag cable 'Digilent Basys3 210183AA10BAA' is selected.
13:57:57 INFO  : 'jtag frequency' command is executed.
13:57:57 INFO  : 'targets -set -filter {jtag_cable_name =~ "Digilent Basys3 210183AA10BAA" && level==0 && jtag_device_ctx=="jsn-Basys3-210183AA10BAA-0362d093-0"}' command is executed.
13:57:59 INFO  : Device configured successfully with "C:/Studies/Embedded/SoC/SecondMicro/metetest/_ide/bitstream/microBlazeWithFirst_wrapper.bit"
13:57:59 INFO  : Context for processor 'microblaze_0' is selected.
13:58:01 INFO  : Hardware design and registers information is loaded from 'C:/Studies/Embedded/SoC/SecondMicro/microBlazeWithFirst_wrapper/export/microBlazeWithFirst_wrapper/hw/microBlazeWithFirst_wrapper.xsa'.
13:58:01 INFO  : 'configparams mdm-detect-bscan-mask 2' command is executed.
13:58:01 INFO  : Context for processor 'microblaze_0' is selected.
13:58:01 INFO  : System reset is completed.
13:58:04 INFO  : 'after 3000' command is executed.
13:58:05 INFO  : Context for processor 'microblaze_0' is selected.
13:58:07 INFO  : The application 'C:/Studies/Embedded/SoC/SecondMicro/metetest/Debug/metetest.elf' is downloaded to processor 'microblaze_0'.
13:58:07 INFO  : ----------------XSDB Script----------------
connect -url tcp:127.0.0.1:3121
targets -set -filter {jtag_cable_name =~ "Digilent Basys3 210183AA10BAA" && level==0 && jtag_device_ctx=="jsn-Basys3-210183AA10BAA-0362d093-0"}
fpga -file C:/Studies/Embedded/SoC/SecondMicro/metetest/_ide/bitstream/microBlazeWithFirst_wrapper.bit
targets -set -nocase -filter {name =~ "*microblaze*#0" && bscan=="USER2" }
loadhw -hw C:/Studies/Embedded/SoC/SecondMicro/microBlazeWithFirst_wrapper/export/microBlazeWithFirst_wrapper/hw/microBlazeWithFirst_wrapper.xsa -regs
configparams mdm-detect-bscan-mask 2
targets -set -nocase -filter {name =~ "*microblaze*#0" && bscan=="USER2" }
rst -system
after 3000
targets -set -nocase -filter {name =~ "*microblaze*#0" && bscan=="USER2" }
dow C:/Studies/Embedded/SoC/SecondMicro/metetest/Debug/metetest.elf
----------------End of Script----------------

13:58:10 INFO  : Context for processor 'microblaze_0' is selected.
13:58:12 INFO  : 'con' command is executed.
13:58:12 INFO  : ----------------XSDB Script (After Launch)----------------
targets -set -nocase -filter {name =~ "*microblaze*#0" && bscan=="USER2" }
con
----------------End of Script----------------

13:58:12 INFO  : Launch script is exported to file 'C:\Studies\Embedded\SoC\SecondMicro\metetest_system\_ide\scripts\systemdebugger_metetest_system_standalone.tcl'
13:58:37 INFO  : Disconnected from the channel tcfchan#27.
13:58:39 INFO  : Connected to target on host '127.0.0.1' and port '3121'.
13:58:43 INFO  : Jtag cable 'Digilent Basys3 210183AA10BAA' is selected.
13:58:45 INFO  : 'jtag frequency' command is executed.
13:58:45 INFO  : 'targets -set -filter {jtag_cable_name =~ "Digilent Basys3 210183AA10BAA" && level==0 && jtag_device_ctx=="jsn-Basys3-210183AA10BAA-0362d093-0"}' command is executed.
13:58:47 INFO  : Device configured successfully with "C:/Studies/Embedded/SoC/SecondMicro/metetest/_ide/bitstream/microBlazeWithFirst_wrapper.bit"
13:58:47 INFO  : Context for processor 'microblaze_0' is selected.
13:58:47 INFO  : Hardware design and registers information is loaded from 'C:/Studies/Embedded/SoC/SecondMicro/microBlazeWithFirst_wrapper/export/microBlazeWithFirst_wrapper/hw/microBlazeWithFirst_wrapper.xsa'.
13:58:49 INFO  : 'configparams mdm-detect-bscan-mask 2' command is executed.
13:58:49 INFO  : Context for processor 'microblaze_0' is selected.
13:58:49 INFO  : System reset is completed.
13:58:52 INFO  : 'after 3000' command is executed.
13:58:53 INFO  : Context for processor 'microblaze_0' is selected.
13:58:55 INFO  : The application 'C:/Studies/Embedded/SoC/SecondMicro/metetest/Debug/metetest.elf' is downloaded to processor 'microblaze_0'.
13:58:55 INFO  : ----------------XSDB Script----------------
connect -url tcp:127.0.0.1:3121
targets -set -filter {jtag_cable_name =~ "Digilent Basys3 210183AA10BAA" && level==0 && jtag_device_ctx=="jsn-Basys3-210183AA10BAA-0362d093-0"}
fpga -file C:/Studies/Embedded/SoC/SecondMicro/metetest/_ide/bitstream/microBlazeWithFirst_wrapper.bit
targets -set -nocase -filter {name =~ "*microblaze*#0" && bscan=="USER2" }
loadhw -hw C:/Studies/Embedded/SoC/SecondMicro/microBlazeWithFirst_wrapper/export/microBlazeWithFirst_wrapper/hw/microBlazeWithFirst_wrapper.xsa -regs
configparams mdm-detect-bscan-mask 2
targets -set -nocase -filter {name =~ "*microblaze*#0" && bscan=="USER2" }
rst -system
after 3000
targets -set -nocase -filter {name =~ "*microblaze*#0" && bscan=="USER2" }
dow C:/Studies/Embedded/SoC/SecondMicro/metetest/Debug/metetest.elf
----------------End of Script----------------

13:58:58 INFO  : Context for processor 'microblaze_0' is selected.
13:59:00 INFO  : 'con' command is executed.
13:59:00 INFO  : ----------------XSDB Script (After Launch)----------------
targets -set -nocase -filter {name =~ "*microblaze*#0" && bscan=="USER2" }
con
----------------End of Script----------------

13:59:00 INFO  : Launch script is exported to file 'C:\Studies\Embedded\SoC\SecondMicro\metetest_system\_ide\scripts\systemdebugger_metetest_system_standalone.tcl'
14:03:05 INFO  : Disconnected from the channel tcfchan#28.
14:03:11 INFO  : Connected to target on host '127.0.0.1' and port '3121'.
14:03:20 INFO  : ----------------XSDB Script----------------
connect -url tcp:127.0.0.1:3121
----------------End of Script----------------

14:03:20 ERROR : Could not find FPGA device on the board for connection 'Local'.


Troubleshooting hints:
1. Check whether board is connected to system properly.
2. In case of zynq board, check whether Digilent/Xilinx cable switch settings are correct.
3. If you are using Xilinx Platform Cable USB, ensure that status LED is green.
14:03:34 INFO  : Connected to target on host '127.0.0.1' and port '3121'.
14:03:36 INFO  : Jtag cable 'Digilent Basys3 210183AA10BAA' is selected.
14:03:38 INFO  : 'jtag frequency' command is executed.
14:03:38 INFO  : 'targets -set -filter {jtag_cable_name =~ "Digilent Basys3 210183AA10BAA" && level==0 && jtag_device_ctx=="jsn-Basys3-210183AA10BAA-0362d093-0"}' command is executed.
14:03:40 INFO  : Device configured successfully with "C:/Studies/Embedded/SoC/SecondMicro/metetest/_ide/bitstream/microBlazeWithFirst_wrapper.bit"
14:03:40 INFO  : Context for processor 'microblaze_0' is selected.
14:03:40 INFO  : Hardware design and registers information is loaded from 'C:/Studies/Embedded/SoC/SecondMicro/microBlazeWithFirst_wrapper/export/microBlazeWithFirst_wrapper/hw/microBlazeWithFirst_wrapper.xsa'.
14:03:40 INFO  : 'configparams mdm-detect-bscan-mask 2' command is executed.
14:03:40 INFO  : Context for processor 'microblaze_0' is selected.
14:03:42 INFO  : System reset is completed.
14:03:45 INFO  : 'after 3000' command is executed.
14:03:46 INFO  : Context for processor 'microblaze_0' is selected.
14:03:48 INFO  : The application 'C:/Studies/Embedded/SoC/SecondMicro/metetest/Debug/metetest.elf' is downloaded to processor 'microblaze_0'.
14:03:48 INFO  : ----------------XSDB Script----------------
connect -url tcp:127.0.0.1:3121
targets -set -filter {jtag_cable_name =~ "Digilent Basys3 210183AA10BAA" && level==0 && jtag_device_ctx=="jsn-Basys3-210183AA10BAA-0362d093-0"}
fpga -file C:/Studies/Embedded/SoC/SecondMicro/metetest/_ide/bitstream/microBlazeWithFirst_wrapper.bit
targets -set -nocase -filter {name =~ "*microblaze*#0" && bscan=="USER2" }
loadhw -hw C:/Studies/Embedded/SoC/SecondMicro/microBlazeWithFirst_wrapper/export/microBlazeWithFirst_wrapper/hw/microBlazeWithFirst_wrapper.xsa -regs
configparams mdm-detect-bscan-mask 2
targets -set -nocase -filter {name =~ "*microblaze*#0" && bscan=="USER2" }
rst -system
after 3000
targets -set -nocase -filter {name =~ "*microblaze*#0" && bscan=="USER2" }
dow C:/Studies/Embedded/SoC/SecondMicro/metetest/Debug/metetest.elf
----------------End of Script----------------

14:03:52 INFO  : Context for processor 'microblaze_0' is selected.
14:03:54 INFO  : 'con' command is executed.
14:03:54 INFO  : ----------------XSDB Script (After Launch)----------------
targets -set -nocase -filter {name =~ "*microblaze*#0" && bscan=="USER2" }
con
----------------End of Script----------------

14:03:54 INFO  : Launch script is exported to file 'C:\Studies\Embedded\SoC\SecondMicro\metetest_system\_ide\scripts\systemdebugger_metetest_system_standalone.tcl'
14:16:54 INFO  : Checking for BSP changes to sync application flags for project 'metetest'...
14:17:00 INFO  : Disconnected from the channel tcfchan#29.
14:17:02 INFO  : Connected to target on host '127.0.0.1' and port '3121'.
14:17:04 INFO  : Jtag cable 'Digilent Basys3 210183AA10BAA' is selected.
14:17:06 INFO  : 'jtag frequency' command is executed.
14:17:06 INFO  : 'targets -set -filter {jtag_cable_name =~ "Digilent Basys3 210183AA10BAA" && level==0 && jtag_device_ctx=="jsn-Basys3-210183AA10BAA-0362d093-0"}' command is executed.
14:17:10 INFO  : Device configured successfully with "C:/Studies/Embedded/SoC/SecondMicro/metetest/_ide/bitstream/microBlazeWithFirst_wrapper.bit"
14:17:10 INFO  : Context for processor 'microblaze_0' is selected.
14:17:12 INFO  : Hardware design and registers information is loaded from 'C:/Studies/Embedded/SoC/SecondMicro/microBlazeWithFirst_wrapper/export/microBlazeWithFirst_wrapper/hw/microBlazeWithFirst_wrapper.xsa'.
14:17:12 INFO  : 'configparams mdm-detect-bscan-mask 2' command is executed.
14:17:12 INFO  : Context for processor 'microblaze_0' is selected.
14:17:12 INFO  : System reset is completed.
14:17:15 INFO  : 'after 3000' command is executed.
14:17:16 INFO  : Context for processor 'microblaze_0' is selected.
14:17:18 INFO  : The application 'C:/Studies/Embedded/SoC/SecondMicro/metetest/Debug/metetest.elf' is downloaded to processor 'microblaze_0'.
14:17:18 INFO  : ----------------XSDB Script----------------
connect -url tcp:127.0.0.1:3121
targets -set -filter {jtag_cable_name =~ "Digilent Basys3 210183AA10BAA" && level==0 && jtag_device_ctx=="jsn-Basys3-210183AA10BAA-0362d093-0"}
fpga -file C:/Studies/Embedded/SoC/SecondMicro/metetest/_ide/bitstream/microBlazeWithFirst_wrapper.bit
targets -set -nocase -filter {name =~ "*microblaze*#0" && bscan=="USER2" }
loadhw -hw C:/Studies/Embedded/SoC/SecondMicro/microBlazeWithFirst_wrapper/export/microBlazeWithFirst_wrapper/hw/microBlazeWithFirst_wrapper.xsa -regs
configparams mdm-detect-bscan-mask 2
targets -set -nocase -filter {name =~ "*microblaze*#0" && bscan=="USER2" }
rst -system
after 3000
targets -set -nocase -filter {name =~ "*microblaze*#0" && bscan=="USER2" }
dow C:/Studies/Embedded/SoC/SecondMicro/metetest/Debug/metetest.elf
----------------End of Script----------------

14:17:20 INFO  : Context for processor 'microblaze_0' is selected.
14:17:22 INFO  : 'con' command is executed.
14:17:22 INFO  : ----------------XSDB Script (After Launch)----------------
targets -set -nocase -filter {name =~ "*microblaze*#0" && bscan=="USER2" }
con
----------------End of Script----------------

14:17:22 INFO  : Launch script is exported to file 'C:\Studies\Embedded\SoC\SecondMicro\metetest_system\_ide\scripts\systemdebugger_metetest_system_standalone.tcl'
14:20:04 INFO  : Checking for BSP changes to sync application flags for project 'metetest'...
14:20:10 INFO  : Disconnected from the channel tcfchan#30.
14:20:12 INFO  : Connected to target on host '127.0.0.1' and port '3121'.
14:20:12 INFO  : Jtag cable 'Digilent Basys3 210183AA10BAA' is selected.
14:20:14 INFO  : 'jtag frequency' command is executed.
14:20:15 INFO  : 'targets -set -filter {jtag_cable_name =~ "Digilent Basys3 210183AA10BAA" && level==0 && jtag_device_ctx=="jsn-Basys3-210183AA10BAA-0362d093-0"}' command is executed.
14:20:20 INFO  : Device configured successfully with "C:/Studies/Embedded/SoC/SecondMicro/metetest/_ide/bitstream/microBlazeWithFirst_wrapper.bit"
14:20:23 ERROR : no targets found with "name =~ "*microblaze*#0" && bscan=="USER2" ". available targets: none
14:20:23 INFO  : ----------------XSDB Script----------------
connect -url tcp:127.0.0.1:3121
targets -set -filter {jtag_cable_name =~ "Digilent Basys3 210183AA10BAA" && level==0 && jtag_device_ctx=="jsn-Basys3-210183AA10BAA-0362d093-0"}
fpga -file C:/Studies/Embedded/SoC/SecondMicro/metetest/_ide/bitstream/microBlazeWithFirst_wrapper.bit
targets -set -nocase -filter {name =~ "*microblaze*#0" && bscan=="USER2" }
----------------End of Script----------------

14:20:23 ERROR : no targets found with "name =~ "*microblaze*#0" && bscan=="USER2" ". available targets: none
14:20:28 INFO  : Connected to target on host '127.0.0.1' and port '3121'.
14:20:29 INFO  : Jtag cable 'Digilent Basys3 210183AA10BAA' is selected.
14:20:31 INFO  : 'jtag frequency' command is executed.
14:20:31 INFO  : 'targets -set -filter {jtag_cable_name =~ "Digilent Basys3 210183AA10BAA" && level==0 && jtag_device_ctx=="jsn-Basys3-210183AA10BAA-0362d093-0"}' command is executed.
14:20:33 INFO  : Device configured successfully with "C:/Studies/Embedded/SoC/SecondMicro/metetest/_ide/bitstream/microBlazeWithFirst_wrapper.bit"
14:20:33 INFO  : Context for processor 'microblaze_0' is selected.
14:20:35 INFO  : Hardware design and registers information is loaded from 'C:/Studies/Embedded/SoC/SecondMicro/microBlazeWithFirst_wrapper/export/microBlazeWithFirst_wrapper/hw/microBlazeWithFirst_wrapper.xsa'.
14:20:35 INFO  : 'configparams mdm-detect-bscan-mask 2' command is executed.
14:20:35 INFO  : Context for processor 'microblaze_0' is selected.
14:20:35 INFO  : System reset is completed.
14:20:38 INFO  : 'after 3000' command is executed.
14:20:39 INFO  : Context for processor 'microblaze_0' is selected.
14:20:41 INFO  : The application 'C:/Studies/Embedded/SoC/SecondMicro/metetest/Debug/metetest.elf' is downloaded to processor 'microblaze_0'.
14:20:41 INFO  : ----------------XSDB Script----------------
connect -url tcp:127.0.0.1:3121
targets -set -filter {jtag_cable_name =~ "Digilent Basys3 210183AA10BAA" && level==0 && jtag_device_ctx=="jsn-Basys3-210183AA10BAA-0362d093-0"}
fpga -file C:/Studies/Embedded/SoC/SecondMicro/metetest/_ide/bitstream/microBlazeWithFirst_wrapper.bit
targets -set -nocase -filter {name =~ "*microblaze*#0" && bscan=="USER2" }
loadhw -hw C:/Studies/Embedded/SoC/SecondMicro/microBlazeWithFirst_wrapper/export/microBlazeWithFirst_wrapper/hw/microBlazeWithFirst_wrapper.xsa -regs
configparams mdm-detect-bscan-mask 2
targets -set -nocase -filter {name =~ "*microblaze*#0" && bscan=="USER2" }
rst -system
after 3000
targets -set -nocase -filter {name =~ "*microblaze*#0" && bscan=="USER2" }
dow C:/Studies/Embedded/SoC/SecondMicro/metetest/Debug/metetest.elf
----------------End of Script----------------

14:20:45 INFO  : Context for processor 'microblaze_0' is selected.
14:20:47 INFO  : 'con' command is executed.
14:20:47 INFO  : ----------------XSDB Script (After Launch)----------------
targets -set -nocase -filter {name =~ "*microblaze*#0" && bscan=="USER2" }
con
----------------End of Script----------------

14:20:47 INFO  : Launch script is exported to file 'C:\Studies\Embedded\SoC\SecondMicro\metetest_system\_ide\scripts\systemdebugger_metetest_system_standalone.tcl'
14:25:32 INFO  : Result from executing command 'getProjects': microBlazeWithFirst_wrapper;secondMicro
14:25:32 INFO  : Result from executing command 'getPlatforms': microBlazeWithFirst_wrapper|C:/Studies/Embedded/SoC/SecondMicro/microBlazeWithFirst_wrapper/export/microBlazeWithFirst_wrapper/microBlazeWithFirst_wrapper.xpfm
14:25:32 INFO  : Platform 'secondMicro' is added to custom repositories.
14:25:34 INFO  : Platform 'secondMicro' is added to custom repositories.
14:26:59 INFO  : Result from executing command 'getProjects': microBlazeWithFirst_wrapper;secondMicro
14:27:00 INFO  : Result from executing command 'getPlatforms': microBlazeWithFirst_wrapper|C:/Studies/Embedded/SoC/SecondMicro/microBlazeWithFirst_wrapper/export/microBlazeWithFirst_wrapper/microBlazeWithFirst_wrapper.xpfm;secondMicro|C:/Studies/Embedded/SoC/SecondMicro/secondMicro/export/secondMicro/secondMicro.xpfm
14:27:55 INFO  : Checking for BSP changes to sync application flags for project 'secondTry'...
14:28:00 INFO  : Disconnected from the channel tcfchan#31.
14:28:02 INFO  : Connected to target on host '127.0.0.1' and port '3121'.
14:28:02 INFO  : Jtag cable 'Digilent Basys3 210183AA10BAA' is selected.
14:28:04 INFO  : 'jtag frequency' command is executed.
14:28:06 INFO  : 'targets -set -filter {jtag_cable_name =~ "Digilent Basys3 210183AA10BAA" && level==0 && jtag_device_ctx=="jsn-Basys3-210183AA10BAA-0362d093-0"}' command is executed.
14:28:10 INFO  : Device configured successfully with "C:/Studies/Embedded/SoC/SecondMicro/metetest/_ide/bitstream/microBlazeWithFirst_wrapper.bit"
14:28:13 ERROR : no targets found with "name =~ "*microblaze*#0" && bscan=="USER2" ". available targets: none
14:28:13 INFO  : ----------------XSDB Script----------------
connect -url tcp:127.0.0.1:3121
targets -set -filter {jtag_cable_name =~ "Digilent Basys3 210183AA10BAA" && level==0 && jtag_device_ctx=="jsn-Basys3-210183AA10BAA-0362d093-0"}
fpga -file C:/Studies/Embedded/SoC/SecondMicro/metetest/_ide/bitstream/microBlazeWithFirst_wrapper.bit
targets -set -nocase -filter {name =~ "*microblaze*#0" && bscan=="USER2" }
----------------End of Script----------------

14:28:13 ERROR : no targets found with "name =~ "*microblaze*#0" && bscan=="USER2" ". available targets: none
14:29:02 INFO  : Connected to target on host '127.0.0.1' and port '3121'.
14:29:04 INFO  : Jtag cable 'Digilent Basys3 210183AA10BAA' is selected.
14:29:06 INFO  : 'jtag frequency' command is executed.
14:29:06 INFO  : 'targets -set -filter {jtag_cable_name =~ "Digilent Basys3 210183AA10BAA" && level==0 && jtag_device_ctx=="jsn-Basys3-210183AA10BAA-0362d093-0"}' command is executed.
14:29:08 INFO  : Device configured successfully with "C:/Studies/Embedded/SoC/SecondMicro/metetest/_ide/bitstream/microBlazeWithFirst_wrapper.bit"
14:29:08 INFO  : Context for processor 'microblaze_0' is selected.
14:29:10 INFO  : Hardware design and registers information is loaded from 'C:/Studies/Embedded/SoC/SecondMicro/microBlazeWithFirst_wrapper/export/microBlazeWithFirst_wrapper/hw/microBlazeWithFirst_wrapper.xsa'.
14:29:10 INFO  : 'configparams mdm-detect-bscan-mask 2' command is executed.
14:29:10 INFO  : Context for processor 'microblaze_0' is selected.
14:29:10 INFO  : System reset is completed.
14:29:13 INFO  : 'after 3000' command is executed.
14:29:14 INFO  : Context for processor 'microblaze_0' is selected.
14:29:16 INFO  : The application 'C:/Studies/Embedded/SoC/SecondMicro/metetest/Debug/metetest.elf' is downloaded to processor 'microblaze_0'.
14:29:16 INFO  : ----------------XSDB Script----------------
connect -url tcp:127.0.0.1:3121
targets -set -filter {jtag_cable_name =~ "Digilent Basys3 210183AA10BAA" && level==0 && jtag_device_ctx=="jsn-Basys3-210183AA10BAA-0362d093-0"}
fpga -file C:/Studies/Embedded/SoC/SecondMicro/metetest/_ide/bitstream/microBlazeWithFirst_wrapper.bit
targets -set -nocase -filter {name =~ "*microblaze*#0" && bscan=="USER2" }
loadhw -hw C:/Studies/Embedded/SoC/SecondMicro/microBlazeWithFirst_wrapper/export/microBlazeWithFirst_wrapper/hw/microBlazeWithFirst_wrapper.xsa -regs
configparams mdm-detect-bscan-mask 2
targets -set -nocase -filter {name =~ "*microblaze*#0" && bscan=="USER2" }
rst -system
after 3000
targets -set -nocase -filter {name =~ "*microblaze*#0" && bscan=="USER2" }
dow C:/Studies/Embedded/SoC/SecondMicro/metetest/Debug/metetest.elf
----------------End of Script----------------

14:29:19 INFO  : Context for processor 'microblaze_0' is selected.
14:29:21 INFO  : 'con' command is executed.
14:29:21 INFO  : ----------------XSDB Script (After Launch)----------------
targets -set -nocase -filter {name =~ "*microblaze*#0" && bscan=="USER2" }
con
----------------End of Script----------------

14:29:21 INFO  : Launch script is exported to file 'C:\Studies\Embedded\SoC\SecondMicro\metetest_system\_ide\scripts\systemdebugger_metetest_system_standalone.tcl'
14:30:13 INFO  : Checking for BSP changes to sync application flags for project 'secondTry'...
14:30:17 INFO  : Disconnected from the channel tcfchan#34.
14:30:18 INFO  : Connected to target on host '127.0.0.1' and port '3121'.
14:30:19 INFO  : Jtag cable 'Digilent Basys3 210183AA10BAA' is selected.
14:30:20 INFO  : 'jtag frequency' command is executed.
14:30:22 INFO  : 'targets -set -filter {jtag_cable_name =~ "Digilent Basys3 210183AA10BAA" && level==0 && jtag_device_ctx=="jsn-Basys3-210183AA10BAA-0362d093-0"}' command is executed.
14:30:26 INFO  : Device configured successfully with "C:/Studies/Embedded/SoC/SecondMicro/metetest/_ide/bitstream/microBlazeWithFirst_wrapper.bit"
14:30:29 ERROR : no targets found with "name =~ "*microblaze*#0" && bscan=="USER2" ". available targets: none
14:30:29 INFO  : ----------------XSDB Script----------------
connect -url tcp:127.0.0.1:3121
targets -set -filter {jtag_cable_name =~ "Digilent Basys3 210183AA10BAA" && level==0 && jtag_device_ctx=="jsn-Basys3-210183AA10BAA-0362d093-0"}
fpga -file C:/Studies/Embedded/SoC/SecondMicro/metetest/_ide/bitstream/microBlazeWithFirst_wrapper.bit
targets -set -nocase -filter {name =~ "*microblaze*#0" && bscan=="USER2" }
----------------End of Script----------------

14:30:29 ERROR : no targets found with "name =~ "*microblaze*#0" && bscan=="USER2" ". available targets: none
14:30:39 INFO  : Connected to target on host '127.0.0.1' and port '3121'.
14:30:40 INFO  : Jtag cable 'Digilent Basys3 210183AA10BAA' is selected.
14:30:42 INFO  : 'jtag frequency' command is executed.
14:30:42 INFO  : 'targets -set -filter {jtag_cable_name =~ "Digilent Basys3 210183AA10BAA" && level==0 && jtag_device_ctx=="jsn-Basys3-210183AA10BAA-0362d093-0"}' command is executed.
14:30:44 INFO  : Device configured successfully with "C:/Studies/Embedded/SoC/SecondMicro/secondTry/_ide/bitstream/microBlazeWithSecond_wrapper.bit"
14:30:44 INFO  : Context for processor 'microblaze_0' is selected.
14:30:46 INFO  : Hardware design and registers information is loaded from 'C:/Studies/Embedded/SoC/SecondMicro/secondMicro/export/secondMicro/hw/microBlazeWithSecond_wrapper.xsa'.
14:30:46 INFO  : 'configparams mdm-detect-bscan-mask 2' command is executed.
14:30:46 INFO  : Context for processor 'microblaze_0' is selected.
14:30:48 INFO  : System reset is completed.
14:30:51 INFO  : 'after 3000' command is executed.
14:30:52 INFO  : Context for processor 'microblaze_0' is selected.
14:30:54 INFO  : The application 'C:/Studies/Embedded/SoC/SecondMicro/secondTry/Debug/secondTry.elf' is downloaded to processor 'microblaze_0'.
14:30:54 INFO  : ----------------XSDB Script----------------
connect -url tcp:127.0.0.1:3121
targets -set -filter {jtag_cable_name =~ "Digilent Basys3 210183AA10BAA" && level==0 && jtag_device_ctx=="jsn-Basys3-210183AA10BAA-0362d093-0"}
fpga -file C:/Studies/Embedded/SoC/SecondMicro/secondTry/_ide/bitstream/microBlazeWithSecond_wrapper.bit
targets -set -nocase -filter {name =~ "*microblaze*#0" && bscan=="USER2" }
loadhw -hw C:/Studies/Embedded/SoC/SecondMicro/secondMicro/export/secondMicro/hw/microBlazeWithSecond_wrapper.xsa -regs
configparams mdm-detect-bscan-mask 2
targets -set -nocase -filter {name =~ "*microblaze*#0" && bscan=="USER2" }
rst -system
after 3000
targets -set -nocase -filter {name =~ "*microblaze*#0" && bscan=="USER2" }
dow C:/Studies/Embedded/SoC/SecondMicro/secondTry/Debug/secondTry.elf
----------------End of Script----------------

14:30:58 INFO  : Context for processor 'microblaze_0' is selected.
14:31:01 INFO  : 'con' command is executed.
14:31:01 INFO  : ----------------XSDB Script (After Launch)----------------
targets -set -nocase -filter {name =~ "*microblaze*#0" && bscan=="USER2" }
con
----------------End of Script----------------

14:31:01 INFO  : Launch script is exported to file 'C:\Studies\Embedded\SoC\SecondMicro\secondTry_system\_ide\scripts\systemdebugger_secondtry_system_standalone.tcl'
14:31:50 INFO  : Disconnected from the channel tcfchan#35.
14:31:52 INFO  : Connected to target on host '127.0.0.1' and port '3121'.
14:32:02 INFO  : Jtag cable 'Digilent Basys3 210183AA10BAA' is selected.
14:32:05 INFO  : 'jtag frequency' command is executed.
14:32:22 INFO  : 'targets -set -filter {jtag_cable_name =~ "Digilent Basys3 210183AA10BAA" && level==0 && jtag_device_ctx=="jsn-Basys3-210183AA10BAA-0362d093-0"}' command is executed.
14:32:28 INFO  : Device configured successfully with "C:/Studies/Embedded/SoC/SecondMicro/secondTry/_ide/bitstream/microBlazeWithSecond_wrapper.bit"
14:32:28 INFO  : Context for processor 'microblaze_0' is selected.
14:32:28 INFO  : Hardware design and registers information is loaded from 'C:/Studies/Embedded/SoC/SecondMicro/secondMicro/export/secondMicro/hw/microBlazeWithSecond_wrapper.xsa'.
14:32:28 INFO  : 'configparams mdm-detect-bscan-mask 2' command is executed.
14:32:28 INFO  : Context for processor 'microblaze_0' is selected.
14:32:30 INFO  : System reset is completed.
14:32:33 INFO  : 'after 3000' command is executed.
14:32:34 INFO  : Context for processor 'microblaze_0' is selected.
14:32:36 INFO  : The application 'C:/Studies/Embedded/SoC/SecondMicro/secondTry/Debug/secondTry.elf' is downloaded to processor 'microblaze_0'.
14:32:36 INFO  : ----------------XSDB Script----------------
connect -url tcp:127.0.0.1:3121
targets -set -filter {jtag_cable_name =~ "Digilent Basys3 210183AA10BAA" && level==0 && jtag_device_ctx=="jsn-Basys3-210183AA10BAA-0362d093-0"}
fpga -file C:/Studies/Embedded/SoC/SecondMicro/secondTry/_ide/bitstream/microBlazeWithSecond_wrapper.bit
targets -set -nocase -filter {name =~ "*microblaze*#0" && bscan=="USER2" }
loadhw -hw C:/Studies/Embedded/SoC/SecondMicro/secondMicro/export/secondMicro/hw/microBlazeWithSecond_wrapper.xsa -regs
configparams mdm-detect-bscan-mask 2
targets -set -nocase -filter {name =~ "*microblaze*#0" && bscan=="USER2" }
rst -system
after 3000
targets -set -nocase -filter {name =~ "*microblaze*#0" && bscan=="USER2" }
dow C:/Studies/Embedded/SoC/SecondMicro/secondTry/Debug/secondTry.elf
----------------End of Script----------------

14:32:40 INFO  : Context for processor 'microblaze_0' is selected.
14:32:42 INFO  : 'con' command is executed.
14:32:42 INFO  : ----------------XSDB Script (After Launch)----------------
targets -set -nocase -filter {name =~ "*microblaze*#0" && bscan=="USER2" }
con
----------------End of Script----------------

14:32:42 INFO  : Launch script is exported to file 'C:\Studies\Embedded\SoC\SecondMicro\secondTry_system\_ide\scripts\systemdebugger_secondtry_system_standalone.tcl'
14:33:25 INFO  : Disconnected from the channel tcfchan#36.
14:33:27 INFO  : Connected to target on host '127.0.0.1' and port '3121'.
14:33:35 INFO  : Jtag cable 'Digilent Basys3 210183AA10BAA' is selected.
14:33:38 INFO  : 'jtag frequency' command is executed.
14:33:55 INFO  : 'targets -set -filter {jtag_cable_name =~ "Digilent Basys3 210183AA10BAA" && level==0 && jtag_device_ctx=="jsn-Basys3-210183AA10BAA-0362d093-0"}' command is executed.
14:34:01 INFO  : Device configured successfully with "C:/Studies/Embedded/SoC/SecondMicro/secondTry/_ide/bitstream/microBlazeWithSecond_wrapper.bit"
14:34:01 INFO  : Context for processor 'microblaze_0' is selected.
14:34:01 INFO  : Hardware design and registers information is loaded from 'C:/Studies/Embedded/SoC/SecondMicro/secondMicro/export/secondMicro/hw/microBlazeWithSecond_wrapper.xsa'.
14:34:01 INFO  : 'configparams mdm-detect-bscan-mask 2' command is executed.
14:34:01 INFO  : Context for processor 'microblaze_0' is selected.
14:34:03 INFO  : System reset is completed.
14:34:06 INFO  : 'after 3000' command is executed.
14:34:07 INFO  : Context for processor 'microblaze_0' is selected.
14:34:09 INFO  : The application 'C:/Studies/Embedded/SoC/SecondMicro/secondTry/Debug/secondTry.elf' is downloaded to processor 'microblaze_0'.
14:34:09 INFO  : ----------------XSDB Script----------------
connect -url tcp:127.0.0.1:3121
targets -set -filter {jtag_cable_name =~ "Digilent Basys3 210183AA10BAA" && level==0 && jtag_device_ctx=="jsn-Basys3-210183AA10BAA-0362d093-0"}
fpga -file C:/Studies/Embedded/SoC/SecondMicro/secondTry/_ide/bitstream/microBlazeWithSecond_wrapper.bit
targets -set -nocase -filter {name =~ "*microblaze*#0" && bscan=="USER2" }
loadhw -hw C:/Studies/Embedded/SoC/SecondMicro/secondMicro/export/secondMicro/hw/microBlazeWithSecond_wrapper.xsa -regs
configparams mdm-detect-bscan-mask 2
targets -set -nocase -filter {name =~ "*microblaze*#0" && bscan=="USER2" }
rst -system
after 3000
targets -set -nocase -filter {name =~ "*microblaze*#0" && bscan=="USER2" }
dow C:/Studies/Embedded/SoC/SecondMicro/secondTry/Debug/secondTry.elf
----------------End of Script----------------

14:34:13 INFO  : Context for processor 'microblaze_0' is selected.
14:34:14 INFO  : 'con' command is executed.
14:34:14 INFO  : ----------------XSDB Script (After Launch)----------------
targets -set -nocase -filter {name =~ "*microblaze*#0" && bscan=="USER2" }
con
----------------End of Script----------------

14:34:14 INFO  : Launch script is exported to file 'C:\Studies\Embedded\SoC\SecondMicro\secondTry_system\_ide\scripts\systemdebugger_secondtry_system_standalone.tcl'
14:35:08 INFO  : Disconnected from the channel tcfchan#37.
14:35:10 INFO  : Connected to target on host '127.0.0.1' and port '3121'.
14:35:19 INFO  : ----------------XSDB Script----------------
connect -url tcp:127.0.0.1:3121
----------------End of Script----------------

14:35:19 ERROR : Could not find FPGA device on the board for connection 'Local'.


Troubleshooting hints:
1. Check whether board is connected to system properly.
2. In case of zynq board, check whether Digilent/Xilinx cable switch settings are correct.
3. If you are using Xilinx Platform Cable USB, ensure that status LED is green.
14:35:27 INFO  : Connected to target on host '127.0.0.1' and port '3121'.
14:35:29 INFO  : Jtag cable 'Digilent Basys3 210183AA10BAA' is selected.
14:35:31 INFO  : 'jtag frequency' command is executed.
14:35:31 INFO  : 'targets -set -filter {jtag_cable_name =~ "Digilent Basys3 210183AA10BAA" && level==0 && jtag_device_ctx=="jsn-Basys3-210183AA10BAA-0362d093-0"}' command is executed.
14:35:33 INFO  : Device configured successfully with "C:/Studies/Embedded/SoC/SecondMicro/secondTry/_ide/bitstream/microBlazeWithSecond_wrapper.bit"
14:35:33 INFO  : Context for processor 'microblaze_0' is selected.
14:35:33 INFO  : Hardware design and registers information is loaded from 'C:/Studies/Embedded/SoC/SecondMicro/secondMicro/export/secondMicro/hw/microBlazeWithSecond_wrapper.xsa'.
14:35:35 INFO  : 'configparams mdm-detect-bscan-mask 2' command is executed.
14:35:35 INFO  : Context for processor 'microblaze_0' is selected.
14:35:35 INFO  : System reset is completed.
14:35:38 INFO  : 'after 3000' command is executed.
14:35:39 INFO  : Context for processor 'microblaze_0' is selected.
14:35:41 INFO  : The application 'C:/Studies/Embedded/SoC/SecondMicro/secondTry/Debug/secondTry.elf' is downloaded to processor 'microblaze_0'.
14:35:41 INFO  : ----------------XSDB Script----------------
connect -url tcp:127.0.0.1:3121
targets -set -filter {jtag_cable_name =~ "Digilent Basys3 210183AA10BAA" && level==0 && jtag_device_ctx=="jsn-Basys3-210183AA10BAA-0362d093-0"}
fpga -file C:/Studies/Embedded/SoC/SecondMicro/secondTry/_ide/bitstream/microBlazeWithSecond_wrapper.bit
targets -set -nocase -filter {name =~ "*microblaze*#0" && bscan=="USER2" }
loadhw -hw C:/Studies/Embedded/SoC/SecondMicro/secondMicro/export/secondMicro/hw/microBlazeWithSecond_wrapper.xsa -regs
configparams mdm-detect-bscan-mask 2
targets -set -nocase -filter {name =~ "*microblaze*#0" && bscan=="USER2" }
rst -system
after 3000
targets -set -nocase -filter {name =~ "*microblaze*#0" && bscan=="USER2" }
dow C:/Studies/Embedded/SoC/SecondMicro/secondTry/Debug/secondTry.elf
----------------End of Script----------------

14:35:45 INFO  : Context for processor 'microblaze_0' is selected.
14:35:48 INFO  : 'con' command is executed.
14:35:48 INFO  : ----------------XSDB Script (After Launch)----------------
targets -set -nocase -filter {name =~ "*microblaze*#0" && bscan=="USER2" }
con
----------------End of Script----------------

14:35:48 INFO  : Launch script is exported to file 'C:\Studies\Embedded\SoC\SecondMicro\secondTry_system\_ide\scripts\systemdebugger_secondtry_system_standalone.tcl'
14:41:18 INFO  : Checking for BSP changes to sync application flags for project 'secondTry'...
14:41:35 INFO  : Checking for BSP changes to sync application flags for project 'secondTry'...
14:41:46 INFO  : Disconnected from the channel tcfchan#38.
14:41:48 INFO  : Connected to target on host '127.0.0.1' and port '3121'.
14:41:50 INFO  : Jtag cable 'Digilent Basys3 210183AA10BAA' is selected.
14:41:52 INFO  : 'jtag frequency' command is executed.
14:41:52 INFO  : 'targets -set -filter {jtag_cable_name =~ "Digilent Basys3 210183AA10BAA" && level==0 && jtag_device_ctx=="jsn-Basys3-210183AA10BAA-0362d093-0"}' command is executed.
14:41:56 INFO  : Device configured successfully with "C:/Studies/Embedded/SoC/SecondMicro/secondTry/_ide/bitstream/microBlazeWithSecond_wrapper.bit"
14:41:56 INFO  : Context for processor 'microblaze_0' is selected.
14:41:56 INFO  : Hardware design and registers information is loaded from 'C:/Studies/Embedded/SoC/SecondMicro/secondMicro/export/secondMicro/hw/microBlazeWithSecond_wrapper.xsa'.
14:41:56 INFO  : 'configparams mdm-detect-bscan-mask 2' command is executed.
14:41:58 INFO  : Context for processor 'microblaze_0' is selected.
14:41:58 INFO  : System reset is completed.
14:42:01 INFO  : 'after 3000' command is executed.
14:42:02 INFO  : Context for processor 'microblaze_0' is selected.
14:42:04 INFO  : The application 'C:/Studies/Embedded/SoC/SecondMicro/secondTry/Debug/secondTry.elf' is downloaded to processor 'microblaze_0'.
14:42:04 INFO  : ----------------XSDB Script----------------
connect -url tcp:127.0.0.1:3121
targets -set -filter {jtag_cable_name =~ "Digilent Basys3 210183AA10BAA" && level==0 && jtag_device_ctx=="jsn-Basys3-210183AA10BAA-0362d093-0"}
fpga -file C:/Studies/Embedded/SoC/SecondMicro/secondTry/_ide/bitstream/microBlazeWithSecond_wrapper.bit
targets -set -nocase -filter {name =~ "*microblaze*#0" && bscan=="USER2" }
loadhw -hw C:/Studies/Embedded/SoC/SecondMicro/secondMicro/export/secondMicro/hw/microBlazeWithSecond_wrapper.xsa -regs
configparams mdm-detect-bscan-mask 2
targets -set -nocase -filter {name =~ "*microblaze*#0" && bscan=="USER2" }
rst -system
after 3000
targets -set -nocase -filter {name =~ "*microblaze*#0" && bscan=="USER2" }
dow C:/Studies/Embedded/SoC/SecondMicro/secondTry/Debug/secondTry.elf
----------------End of Script----------------

14:42:08 INFO  : Context for processor 'microblaze_0' is selected.
14:42:10 INFO  : 'con' command is executed.
14:42:10 INFO  : ----------------XSDB Script (After Launch)----------------
targets -set -nocase -filter {name =~ "*microblaze*#0" && bscan=="USER2" }
con
----------------End of Script----------------

14:42:10 INFO  : Launch script is exported to file 'C:\Studies\Embedded\SoC\SecondMicro\secondTry_system\_ide\scripts\systemdebugger_secondtry_system_standalone.tcl'
14:42:44 INFO  : Disconnected from the channel tcfchan#39.
14:42:46 INFO  : Connected to target on host '127.0.0.1' and port '3121'.
14:42:46 INFO  : Jtag cable 'Digilent Basys3 210183AA10BAA' is selected.
14:42:47 INFO  : 'jtag frequency' command is executed.
14:42:49 INFO  : 'targets -set -filter {jtag_cable_name =~ "Digilent Basys3 210183AA10BAA" && level==0 && jtag_device_ctx=="jsn-Basys3-210183AA10BAA-0362d093-0"}' command is executed.
14:42:54 INFO  : Device configured successfully with "C:/Studies/Embedded/SoC/SecondMicro/secondTry/_ide/bitstream/microBlazeWithSecond_wrapper.bit"
14:42:57 ERROR : no targets found with "name =~ "*microblaze*#0" && bscan=="USER2" ". available targets: none
14:42:57 INFO  : ----------------XSDB Script----------------
connect -url tcp:127.0.0.1:3121
targets -set -filter {jtag_cable_name =~ "Digilent Basys3 210183AA10BAA" && level==0 && jtag_device_ctx=="jsn-Basys3-210183AA10BAA-0362d093-0"}
fpga -file C:/Studies/Embedded/SoC/SecondMicro/secondTry/_ide/bitstream/microBlazeWithSecond_wrapper.bit
targets -set -nocase -filter {name =~ "*microblaze*#0" && bscan=="USER2" }
----------------End of Script----------------

14:42:57 ERROR : no targets found with "name =~ "*microblaze*#0" && bscan=="USER2" ". available targets: none
14:43:06 INFO  : Connected to target on host '127.0.0.1' and port '3121'.
14:43:07 INFO  : Jtag cable 'Digilent Basys3 210183AA10BAA' is selected.
14:43:09 INFO  : 'jtag frequency' command is executed.
14:43:09 INFO  : 'targets -set -filter {jtag_cable_name =~ "Digilent Basys3 210183AA10BAA" && level==0 && jtag_device_ctx=="jsn-Basys3-210183AA10BAA-0362d093-0"}' command is executed.
14:43:11 INFO  : Device configured successfully with "C:/Studies/Embedded/SoC/SecondMicro/secondTry/_ide/bitstream/microBlazeWithSecond_wrapper.bit"
14:43:11 INFO  : Context for processor 'microblaze_0' is selected.
14:43:11 INFO  : Hardware design and registers information is loaded from 'C:/Studies/Embedded/SoC/SecondMicro/secondMicro/export/secondMicro/hw/microBlazeWithSecond_wrapper.xsa'.
14:43:11 INFO  : 'configparams mdm-detect-bscan-mask 2' command is executed.
14:43:13 INFO  : Context for processor 'microblaze_0' is selected.
14:43:13 INFO  : System reset is completed.
14:43:16 INFO  : 'after 3000' command is executed.
14:43:17 INFO  : Context for processor 'microblaze_0' is selected.
14:43:19 INFO  : The application 'C:/Studies/Embedded/SoC/SecondMicro/secondTry/Debug/secondTry.elf' is downloaded to processor 'microblaze_0'.
14:43:19 INFO  : ----------------XSDB Script----------------
connect -url tcp:127.0.0.1:3121
targets -set -filter {jtag_cable_name =~ "Digilent Basys3 210183AA10BAA" && level==0 && jtag_device_ctx=="jsn-Basys3-210183AA10BAA-0362d093-0"}
fpga -file C:/Studies/Embedded/SoC/SecondMicro/secondTry/_ide/bitstream/microBlazeWithSecond_wrapper.bit
targets -set -nocase -filter {name =~ "*microblaze*#0" && bscan=="USER2" }
loadhw -hw C:/Studies/Embedded/SoC/SecondMicro/secondMicro/export/secondMicro/hw/microBlazeWithSecond_wrapper.xsa -regs
configparams mdm-detect-bscan-mask 2
targets -set -nocase -filter {name =~ "*microblaze*#0" && bscan=="USER2" }
rst -system
after 3000
targets -set -nocase -filter {name =~ "*microblaze*#0" && bscan=="USER2" }
dow C:/Studies/Embedded/SoC/SecondMicro/secondTry/Debug/secondTry.elf
----------------End of Script----------------

14:43:23 INFO  : Context for processor 'microblaze_0' is selected.
14:43:25 INFO  : 'con' command is executed.
14:43:25 INFO  : ----------------XSDB Script (After Launch)----------------
targets -set -nocase -filter {name =~ "*microblaze*#0" && bscan=="USER2" }
con
----------------End of Script----------------

14:43:25 INFO  : Launch script is exported to file 'C:\Studies\Embedded\SoC\SecondMicro\secondTry_system\_ide\scripts\systemdebugger_secondtry_system_standalone.tcl'
15:02:07 INFO  : Result from executing command 'getProjects': microBlazeWithFirst_wrapper;secondMicro
15:02:07 INFO  : Result from executing command 'getPlatforms': microBlazeWithFirst_wrapper|C:/Studies/Embedded/SoC/SecondMicro/microBlazeWithFirst_wrapper/export/microBlazeWithFirst_wrapper/microBlazeWithFirst_wrapper.xpfm;secondMicro|C:/Studies/Embedded/SoC/SecondMicro/secondMicro/export/secondMicro/secondMicro.xpfm
15:02:08 INFO  : Checking for BSP changes to sync application flags for project 'secondTry'...
15:03:23 INFO  : Checking for BSP changes to sync application flags for project 'secondTry'...
15:03:40 INFO  : Disconnected from the channel tcfchan#40.
15:03:42 INFO  : Connected to target on host '127.0.0.1' and port '3121'.
15:03:42 INFO  : Jtag cable 'Digilent Basys3 210183AA10BAA' is selected.
15:03:44 INFO  : 'jtag frequency' command is executed.
15:03:46 INFO  : 'targets -set -filter {jtag_cable_name =~ "Digilent Basys3 210183AA10BAA" && level==0 && jtag_device_ctx=="jsn-Basys3-210183AA10BAA-0362d093-0"}' command is executed.
15:03:50 INFO  : Device configured successfully with "C:/Studies/Embedded/SoC/SecondMicro/secondTry/_ide/bitstream/microBlazeWithSecond_wrapper.bit"
15:03:53 ERROR : no targets found with "name =~ "*microblaze*#0" && bscan=="USER2" ". available targets: none
15:03:53 INFO  : ----------------XSDB Script----------------
connect -url tcp:127.0.0.1:3121
targets -set -filter {jtag_cable_name =~ "Digilent Basys3 210183AA10BAA" && level==0 && jtag_device_ctx=="jsn-Basys3-210183AA10BAA-0362d093-0"}
fpga -file C:/Studies/Embedded/SoC/SecondMicro/secondTry/_ide/bitstream/microBlazeWithSecond_wrapper.bit
targets -set -nocase -filter {name =~ "*microblaze*#0" && bscan=="USER2" }
----------------End of Script----------------

15:03:53 ERROR : no targets found with "name =~ "*microblaze*#0" && bscan=="USER2" ". available targets: none
15:03:57 INFO  : Connected to target on host '127.0.0.1' and port '3121'.
15:03:58 INFO  : Jtag cable 'Digilent Basys3 210183AA10BAA' is selected.
15:04:00 INFO  : 'jtag frequency' command is executed.
15:04:00 INFO  : 'targets -set -filter {jtag_cable_name =~ "Digilent Basys3 210183AA10BAA" && level==0 && jtag_device_ctx=="jsn-Basys3-210183AA10BAA-0362d093-0"}' command is executed.
15:04:02 INFO  : Device configured successfully with "C:/Studies/Embedded/SoC/SecondMicro/secondTry/_ide/bitstream/microBlazeWithSecond_wrapper.bit"
15:04:02 INFO  : Context for processor 'microblaze_0' is selected.
15:04:02 INFO  : Hardware design and registers information is loaded from 'C:/Studies/Embedded/SoC/SecondMicro/secondMicro/export/secondMicro/hw/microBlazeWithSecond_wrapper.xsa'.
15:04:04 INFO  : 'configparams mdm-detect-bscan-mask 2' command is executed.
15:04:04 INFO  : Context for processor 'microblaze_0' is selected.
15:04:04 INFO  : System reset is completed.
15:04:07 INFO  : 'after 3000' command is executed.
15:04:08 INFO  : Context for processor 'microblaze_0' is selected.
15:04:12 INFO  : The application 'C:/Studies/Embedded/SoC/SecondMicro/secondTry/Debug/secondTry.elf' is downloaded to processor 'microblaze_0'.
15:04:12 INFO  : ----------------XSDB Script----------------
connect -url tcp:127.0.0.1:3121
targets -set -filter {jtag_cable_name =~ "Digilent Basys3 210183AA10BAA" && level==0 && jtag_device_ctx=="jsn-Basys3-210183AA10BAA-0362d093-0"}
fpga -file C:/Studies/Embedded/SoC/SecondMicro/secondTry/_ide/bitstream/microBlazeWithSecond_wrapper.bit
targets -set -nocase -filter {name =~ "*microblaze*#0" && bscan=="USER2" }
loadhw -hw C:/Studies/Embedded/SoC/SecondMicro/secondMicro/export/secondMicro/hw/microBlazeWithSecond_wrapper.xsa -regs
configparams mdm-detect-bscan-mask 2
targets -set -nocase -filter {name =~ "*microblaze*#0" && bscan=="USER2" }
rst -system
after 3000
targets -set -nocase -filter {name =~ "*microblaze*#0" && bscan=="USER2" }
dow C:/Studies/Embedded/SoC/SecondMicro/secondTry/Debug/secondTry.elf
----------------End of Script----------------

15:04:14 INFO  : Context for processor 'microblaze_0' is selected.
15:04:17 INFO  : 'con' command is executed.
15:04:17 INFO  : ----------------XSDB Script (After Launch)----------------
targets -set -nocase -filter {name =~ "*microblaze*#0" && bscan=="USER2" }
con
----------------End of Script----------------

15:04:17 INFO  : Launch script is exported to file 'C:\Studies\Embedded\SoC\SecondMicro\secondTry_system\_ide\scripts\systemdebugger_secondtry_system_standalone.tcl'
15:07:40 INFO  : Disconnected from the channel tcfchan#42.
15:07:42 INFO  : Connected to target on host '127.0.0.1' and port '3121'.
15:07:44 INFO  : Jtag cable 'Digilent Basys3 210183AA10BAA' is selected.
15:07:46 INFO  : 'jtag frequency' command is executed.
15:07:48 INFO  : 'targets -set -filter {jtag_cable_name =~ "Digilent Basys3 210183AA10BAA" && level==0 && jtag_device_ctx=="jsn-Basys3-210183AA10BAA-0362d093-0"}' command is executed.
15:07:48 INFO  : Device configured successfully with "C:/Studies/Embedded/SoC/SecondMicro/secondTry/_ide/bitstream/microBlazeWithSecond_wrapper.bit"
15:07:48 INFO  : Context for processor 'microblaze_0' is selected.
15:07:50 INFO  : Hardware design and registers information is loaded from 'C:/Studies/Embedded/SoC/SecondMicro/secondMicro/export/secondMicro/hw/microBlazeWithSecond_wrapper.xsa'.
15:07:50 INFO  : 'configparams mdm-detect-bscan-mask 2' command is executed.
15:07:50 INFO  : Context for processor 'microblaze_0' is selected.
15:07:50 INFO  : System reset is completed.
15:07:53 INFO  : 'after 3000' command is executed.
15:07:54 INFO  : Context for processor 'microblaze_0' is selected.
15:07:58 INFO  : The application 'C:/Studies/Embedded/SoC/SecondMicro/secondTry/Debug/secondTry.elf' is downloaded to processor 'microblaze_0'.
15:07:58 INFO  : ----------------XSDB Script----------------
connect -url tcp:127.0.0.1:3121
targets -set -filter {jtag_cable_name =~ "Digilent Basys3 210183AA10BAA" && level==0 && jtag_device_ctx=="jsn-Basys3-210183AA10BAA-0362d093-0"}
fpga -file C:/Studies/Embedded/SoC/SecondMicro/secondTry/_ide/bitstream/microBlazeWithSecond_wrapper.bit
targets -set -nocase -filter {name =~ "*microblaze*#0" && bscan=="USER2" }
loadhw -hw C:/Studies/Embedded/SoC/SecondMicro/secondMicro/export/secondMicro/hw/microBlazeWithSecond_wrapper.xsa -regs
configparams mdm-detect-bscan-mask 2
targets -set -nocase -filter {name =~ "*microblaze*#0" && bscan=="USER2" }
rst -system
after 3000
targets -set -nocase -filter {name =~ "*microblaze*#0" && bscan=="USER2" }
dow C:/Studies/Embedded/SoC/SecondMicro/secondTry/Debug/secondTry.elf
----------------End of Script----------------

15:08:00 INFO  : Context for processor 'microblaze_0' is selected.
15:08:03 INFO  : 'con' command is executed.
15:08:03 INFO  : ----------------XSDB Script (After Launch)----------------
targets -set -nocase -filter {name =~ "*microblaze*#0" && bscan=="USER2" }
con
----------------End of Script----------------

15:08:03 INFO  : Launch script is exported to file 'C:\Studies\Embedded\SoC\SecondMicro\secondTry_system\_ide\scripts\systemdebugger_secondtry_system_standalone.tcl'
15:09:30 INFO  : Disconnected from the channel tcfchan#43.
15:09:32 INFO  : Connected to target on host '127.0.0.1' and port '3121'.
15:09:34 INFO  : Jtag cable 'Digilent Basys3 210183AA10BAA' is selected.
15:09:36 INFO  : 'jtag frequency' command is executed.
15:09:38 INFO  : 'targets -set -filter {jtag_cable_name =~ "Digilent Basys3 210183AA10BAA" && level==0 && jtag_device_ctx=="jsn-Basys3-210183AA10BAA-0362d093-0"}' command is executed.
15:09:42 INFO  : Device configured successfully with "C:/Studies/Embedded/SoC/SecondMicro/secondTry/_ide/bitstream/microBlazeWithSecond_wrapper.bit"
15:09:42 INFO  : Context for processor 'microblaze_0' is selected.
15:09:42 INFO  : Hardware design and registers information is loaded from 'C:/Studies/Embedded/SoC/SecondMicro/secondMicro/export/secondMicro/hw/microBlazeWithSecond_wrapper.xsa'.
15:09:42 INFO  : 'configparams mdm-detect-bscan-mask 2' command is executed.
15:09:42 INFO  : Context for processor 'microblaze_0' is selected.
15:09:42 INFO  : System reset is completed.
15:09:45 INFO  : 'after 3000' command is executed.
15:09:46 INFO  : Context for processor 'microblaze_0' is selected.
15:09:48 INFO  : The application 'C:/Studies/Embedded/SoC/SecondMicro/secondTry/Debug/secondTry.elf' is downloaded to processor 'microblaze_0'.
15:09:48 INFO  : ----------------XSDB Script----------------
connect -url tcp:127.0.0.1:3121
targets -set -filter {jtag_cable_name =~ "Digilent Basys3 210183AA10BAA" && level==0 && jtag_device_ctx=="jsn-Basys3-210183AA10BAA-0362d093-0"}
fpga -file C:/Studies/Embedded/SoC/SecondMicro/secondTry/_ide/bitstream/microBlazeWithSecond_wrapper.bit
targets -set -nocase -filter {name =~ "*microblaze*#0" && bscan=="USER2" }
loadhw -hw C:/Studies/Embedded/SoC/SecondMicro/secondMicro/export/secondMicro/hw/microBlazeWithSecond_wrapper.xsa -regs
configparams mdm-detect-bscan-mask 2
targets -set -nocase -filter {name =~ "*microblaze*#0" && bscan=="USER2" }
rst -system
after 3000
targets -set -nocase -filter {name =~ "*microblaze*#0" && bscan=="USER2" }
dow C:/Studies/Embedded/SoC/SecondMicro/secondTry/Debug/secondTry.elf
----------------End of Script----------------

15:09:50 INFO  : Context for processor 'microblaze_0' is selected.
15:09:52 INFO  : 'con' command is executed.
15:09:52 INFO  : ----------------XSDB Script (After Launch)----------------
targets -set -nocase -filter {name =~ "*microblaze*#0" && bscan=="USER2" }
con
----------------End of Script----------------

15:09:52 INFO  : Launch script is exported to file 'C:\Studies\Embedded\SoC\SecondMicro\secondTry_system\_ide\scripts\systemdebugger_secondtry_system_standalone.tcl'
15:12:22 INFO  : Checking for BSP changes to sync application flags for project 'secondTry'...
15:12:36 INFO  : Checking for BSP changes to sync application flags for project 'secondTry'...
15:12:42 INFO  : Checking for BSP changes to sync application flags for project 'secondTry'...
15:12:48 INFO  : Checking for BSP changes to sync application flags for project 'secondTry'...
15:12:54 INFO  : Disconnected from the channel tcfchan#44.
15:12:56 INFO  : Connected to target on host '127.0.0.1' and port '3121'.
15:12:58 INFO  : Jtag cable 'Digilent Basys3 210183AA10BAA' is selected.
15:13:00 INFO  : 'jtag frequency' command is executed.
15:13:00 INFO  : 'targets -set -filter {jtag_cable_name =~ "Digilent Basys3 210183AA10BAA" && level==0 && jtag_device_ctx=="jsn-Basys3-210183AA10BAA-0362d093-0"}' command is executed.
15:13:04 INFO  : Device configured successfully with "C:/Studies/Embedded/SoC/SecondMicro/secondTry/_ide/bitstream/microBlazeWithSecond_wrapper.bit"
15:13:04 INFO  : Context for processor 'microblaze_0' is selected.
15:13:04 INFO  : Hardware design and registers information is loaded from 'C:/Studies/Embedded/SoC/SecondMicro/secondMicro/export/secondMicro/hw/microBlazeWithSecond_wrapper.xsa'.
15:13:04 INFO  : 'configparams mdm-detect-bscan-mask 2' command is executed.
15:13:06 INFO  : Context for processor 'microblaze_0' is selected.
15:13:06 INFO  : System reset is completed.
15:13:09 INFO  : 'after 3000' command is executed.
15:13:10 INFO  : Context for processor 'microblaze_0' is selected.
15:13:12 INFO  : The application 'C:/Studies/Embedded/SoC/SecondMicro/secondTry/Debug/secondTry.elf' is downloaded to processor 'microblaze_0'.
15:13:12 INFO  : ----------------XSDB Script----------------
connect -url tcp:127.0.0.1:3121
targets -set -filter {jtag_cable_name =~ "Digilent Basys3 210183AA10BAA" && level==0 && jtag_device_ctx=="jsn-Basys3-210183AA10BAA-0362d093-0"}
fpga -file C:/Studies/Embedded/SoC/SecondMicro/secondTry/_ide/bitstream/microBlazeWithSecond_wrapper.bit
targets -set -nocase -filter {name =~ "*microblaze*#0" && bscan=="USER2" }
loadhw -hw C:/Studies/Embedded/SoC/SecondMicro/secondMicro/export/secondMicro/hw/microBlazeWithSecond_wrapper.xsa -regs
configparams mdm-detect-bscan-mask 2
targets -set -nocase -filter {name =~ "*microblaze*#0" && bscan=="USER2" }
rst -system
after 3000
targets -set -nocase -filter {name =~ "*microblaze*#0" && bscan=="USER2" }
dow C:/Studies/Embedded/SoC/SecondMicro/secondTry/Debug/secondTry.elf
----------------End of Script----------------

15:13:15 INFO  : Context for processor 'microblaze_0' is selected.
15:13:17 INFO  : 'con' command is executed.
15:13:17 INFO  : ----------------XSDB Script (After Launch)----------------
targets -set -nocase -filter {name =~ "*microblaze*#0" && bscan=="USER2" }
con
----------------End of Script----------------

15:13:17 INFO  : Launch script is exported to file 'C:\Studies\Embedded\SoC\SecondMicro\secondTry_system\_ide\scripts\systemdebugger_secondtry_system_standalone.tcl'
16:01:09 INFO  : Disconnected from the channel tcfchan#45.
