TRACE::2022-09-02.17:04:02::SCWPlatform::Trying to open the hw design at C:/Studies/Embedded/SoC/firstMicroBlaze/hw/micro_wrapper.xsa
TRACE::2022-09-02.17:04:02::SCWPlatform::DSA given C:/Studies/Embedded/SoC/firstMicroBlaze/hw/micro_wrapper.xsa
TRACE::2022-09-02.17:04:02::SCWPlatform::DSA absoulate path C:/Studies/Embedded/SoC/firstMicroBlaze/hw/micro_wrapper.xsa
TRACE::2022-09-02.17:04:02::SCWPlatform::DSA directory C:/Studies/Embedded/SoC/firstMicroBlaze/hw
TRACE::2022-09-02.17:04:02::SCWPlatform:: Platform Path C:/Studies/Embedded/SoC/firstMicroBlaze/hw/micro_wrapper.xsa
TRACE::2022-09-02.17:04:02::SCWPlatform:: Unique name xilinx:basys3::0.0
TRACE::2022-09-02.17:04:02::SCWPlatform::Do not have an existing db opened. 
TRACE::2022-09-02.17:04:03::SCWPlatform::Opened new HwDB with name micro_wrapper_0
TRACE::2022-09-02.17:04:03::SCWWriter::formatted JSON is {
	"platformName":	"firstMicroBlaze",
	"sprVersion":	"2.0",
	"mode":	"gui",
	"dsaType":	"Fixed",
	"platformDesc":	"firstMicroBlaze",
	"platHandOff":	"C:/Studies/micro_wrapper.xsa",
	"platIntHandOff":	"<platformDir>/hw/micro_wrapper.xsa",
	"deviceType":	"FPGA",
	"platIsPrebuiltAutogen":	"false",
	"platIsNoBootBsp":	"false",
	"hasFsblMakeHasChanges":	"false",
	"hasPmufwMakeHasChanges":	"false",
	"platPreBuiltFlag":	false,
	"platformSamplesDir":	""
}
TRACE::2022-09-02.17:04:03::SCWWriter::formatted JSON is {
	"platformName":	"firstMicroBlaze",
	"sprVersion":	"2.0",
	"mode":	"gui",
	"dsaType":	"Fixed",
	"platformDesc":	"firstMicroBlaze",
	"platHandOff":	"C:/Studies/micro_wrapper.xsa",
	"platIntHandOff":	"<platformDir>/hw/micro_wrapper.xsa",
	"deviceType":	"FPGA",
	"platIsPrebuiltAutogen":	"false",
	"platIsNoBootBsp":	"false",
	"hasFsblMakeHasChanges":	"false",
	"hasPmufwMakeHasChanges":	"false",
	"platPreBuiltFlag":	false,
	"platformSamplesDir":	"",
	"platActiveSys":	"firstMicroBlaze",
	"systems":	[{
			"systemName":	"firstMicroBlaze",
			"systemDesc":	"firstMicroBlaze",
			"sysIsBootAutoGen":	"true",
			"systemDispName":	"firstMicroBlaze"
		}]
}
TRACE::2022-09-02.17:04:03::SCWPlatform::Boot application domains not present, creating them
TRACE::2022-09-02.17:04:03::SCWPlatform::Pure FPGA device, no boot application will be created.
TRACE::2022-09-02.17:04:03::SCWWriter::formatted JSON is {
	"platformName":	"firstMicroBlaze",
	"sprVersion":	"2.0",
	"mode":	"gui",
	"dsaType":	"Fixed",
	"platformDesc":	"firstMicroBlaze",
	"platHandOff":	"C:/Studies/micro_wrapper.xsa",
	"platIntHandOff":	"<platformDir>/hw/micro_wrapper.xsa",
	"deviceType":	"FPGA",
	"platIsPrebuiltAutogen":	"false",
	"platIsNoBootBsp":	"false",
	"hasFsblMakeHasChanges":	"false",
	"hasPmufwMakeHasChanges":	"false",
	"platPreBuiltFlag":	false,
	"platformSamplesDir":	"",
	"platActiveSys":	"firstMicroBlaze",
	"systems":	[{
			"systemName":	"firstMicroBlaze",
			"systemDesc":	"firstMicroBlaze",
			"sysIsBootAutoGen":	"true",
			"systemDispName":	"firstMicroBlaze"
		}]
}
TRACE::2022-09-02.17:04:03::SCWPlatform::Trying to open the hw design at C:/Studies/Embedded/SoC/firstMicroBlaze/hw/micro_wrapper.xsa
TRACE::2022-09-02.17:04:03::SCWPlatform::DSA given C:/Studies/Embedded/SoC/firstMicroBlaze/hw/micro_wrapper.xsa
TRACE::2022-09-02.17:04:03::SCWPlatform::DSA absoulate path C:/Studies/Embedded/SoC/firstMicroBlaze/hw/micro_wrapper.xsa
TRACE::2022-09-02.17:04:03::SCWPlatform::DSA directory C:/Studies/Embedded/SoC/firstMicroBlaze/hw
TRACE::2022-09-02.17:04:03::SCWPlatform:: Platform Path C:/Studies/Embedded/SoC/firstMicroBlaze/hw/micro_wrapper.xsa
TRACE::2022-09-02.17:04:03::SCWPlatform:: Unique name xilinx:basys3::0.0
TRACE::2022-09-02.17:04:03::SCWPlatform::Trying to set the existing hwdb with name micro_wrapper_0
TRACE::2022-09-02.17:04:03::SCWPlatform::Opened existing hwdb micro_wrapper_0
TRACE::2022-09-02.17:04:03::SCWPlatform::Found the Hw Db part of the input DSA
TRACE::2022-09-02.17:04:03::SCWPlatform::Trying to open the hw design at C:/Studies/Embedded/SoC/firstMicroBlaze/hw/micro_wrapper.xsa
TRACE::2022-09-02.17:04:03::SCWPlatform::DSA given C:/Studies/Embedded/SoC/firstMicroBlaze/hw/micro_wrapper.xsa
TRACE::2022-09-02.17:04:03::SCWPlatform::DSA absoulate path C:/Studies/Embedded/SoC/firstMicroBlaze/hw/micro_wrapper.xsa
TRACE::2022-09-02.17:04:03::SCWPlatform::DSA directory C:/Studies/Embedded/SoC/firstMicroBlaze/hw
TRACE::2022-09-02.17:04:03::SCWPlatform:: Platform Path C:/Studies/Embedded/SoC/firstMicroBlaze/hw/micro_wrapper.xsa
TRACE::2022-09-02.17:04:03::SCWPlatform:: Unique name xilinx:basys3::0.0
TRACE::2022-09-02.17:04:03::SCWPlatform::Trying to set the existing hwdb with name micro_wrapper_0
TRACE::2022-09-02.17:04:03::SCWPlatform::Opened existing hwdb micro_wrapper_0
TRACE::2022-09-02.17:04:03::SCWPlatform::Found the Hw Db part of the input DSA
TRACE::2022-09-02.17:04:03::SCWPlatform::Trying to open the hw design at C:/Studies/Embedded/SoC/firstMicroBlaze/hw/micro_wrapper.xsa
TRACE::2022-09-02.17:04:03::SCWPlatform::DSA given C:/Studies/Embedded/SoC/firstMicroBlaze/hw/micro_wrapper.xsa
TRACE::2022-09-02.17:04:03::SCWPlatform::DSA absoulate path C:/Studies/Embedded/SoC/firstMicroBlaze/hw/micro_wrapper.xsa
TRACE::2022-09-02.17:04:03::SCWPlatform::DSA directory C:/Studies/Embedded/SoC/firstMicroBlaze/hw
TRACE::2022-09-02.17:04:03::SCWPlatform:: Platform Path C:/Studies/Embedded/SoC/firstMicroBlaze/hw/micro_wrapper.xsa
TRACE::2022-09-02.17:04:03::SCWPlatform:: Unique name xilinx:basys3::0.0
TRACE::2022-09-02.17:04:03::SCWPlatform::Trying to set the existing hwdb with name micro_wrapper_0
TRACE::2022-09-02.17:04:03::SCWPlatform::Opened existing hwdb micro_wrapper_0
TRACE::2022-09-02.17:04:03::SCWPlatform::Found the Hw Db part of the input DSA
TRACE::2022-09-02.17:04:03::SCWDomain::checking for install qemu data   : 
TRACE::2022-09-02.17:04:03::SCWPlatform::Trying to open the hw design at C:/Studies/Embedded/SoC/firstMicroBlaze/hw/micro_wrapper.xsa
TRACE::2022-09-02.17:04:03::SCWPlatform::DSA given C:/Studies/Embedded/SoC/firstMicroBlaze/hw/micro_wrapper.xsa
TRACE::2022-09-02.17:04:03::SCWPlatform::DSA absoulate path C:/Studies/Embedded/SoC/firstMicroBlaze/hw/micro_wrapper.xsa
TRACE::2022-09-02.17:04:03::SCWPlatform::DSA directory C:/Studies/Embedded/SoC/firstMicroBlaze/hw
TRACE::2022-09-02.17:04:03::SCWPlatform:: Platform Path C:/Studies/Embedded/SoC/firstMicroBlaze/hw/micro_wrapper.xsa
TRACE::2022-09-02.17:04:03::SCWPlatform:: Unique name xilinx:basys3::0.0
TRACE::2022-09-02.17:04:03::SCWPlatform::Trying to set the existing hwdb with name micro_wrapper_0
TRACE::2022-09-02.17:04:03::SCWPlatform::Opened existing hwdb micro_wrapper_0
TRACE::2022-09-02.17:04:03::SCWPlatform::Found the Hw Db part of the input DSA
TRACE::2022-09-02.17:04:03::SCWPlatform::Trying to open the hw design at C:/Studies/Embedded/SoC/firstMicroBlaze/hw/micro_wrapper.xsa
TRACE::2022-09-02.17:04:03::SCWPlatform::DSA given C:/Studies/Embedded/SoC/firstMicroBlaze/hw/micro_wrapper.xsa
TRACE::2022-09-02.17:04:03::SCWPlatform::DSA absoulate path C:/Studies/Embedded/SoC/firstMicroBlaze/hw/micro_wrapper.xsa
TRACE::2022-09-02.17:04:03::SCWPlatform::DSA directory C:/Studies/Embedded/SoC/firstMicroBlaze/hw
TRACE::2022-09-02.17:04:03::SCWPlatform:: Platform Path C:/Studies/Embedded/SoC/firstMicroBlaze/hw/micro_wrapper.xsa
TRACE::2022-09-02.17:04:03::SCWPlatform:: Unique name xilinx:basys3::0.0
TRACE::2022-09-02.17:04:03::SCWPlatform::Trying to set the existing hwdb with name micro_wrapper_0
TRACE::2022-09-02.17:04:03::SCWPlatform::Opened existing hwdb micro_wrapper_0
TRACE::2022-09-02.17:04:03::SCWPlatform::Found the Hw Db part of the input DSA
TRACE::2022-09-02.17:04:03::SCWPlatform::Trying to open the hw design at C:/Studies/Embedded/SoC/firstMicroBlaze/hw/micro_wrapper.xsa
TRACE::2022-09-02.17:04:03::SCWPlatform::DSA given C:/Studies/Embedded/SoC/firstMicroBlaze/hw/micro_wrapper.xsa
TRACE::2022-09-02.17:04:03::SCWPlatform::DSA absoulate path C:/Studies/Embedded/SoC/firstMicroBlaze/hw/micro_wrapper.xsa
TRACE::2022-09-02.17:04:03::SCWPlatform::DSA directory C:/Studies/Embedded/SoC/firstMicroBlaze/hw
TRACE::2022-09-02.17:04:03::SCWPlatform:: Platform Path C:/Studies/Embedded/SoC/firstMicroBlaze/hw/micro_wrapper.xsa
TRACE::2022-09-02.17:04:03::SCWPlatform:: Unique name xilinx:basys3::0.0
TRACE::2022-09-02.17:04:03::SCWPlatform::Trying to set the existing hwdb with name micro_wrapper_0
TRACE::2022-09-02.17:04:03::SCWPlatform::Opened existing hwdb micro_wrapper_0
TRACE::2022-09-02.17:04:03::SCWPlatform::Found the Hw Db part of the input DSA
TRACE::2022-09-02.17:04:03::SCWMssOS::Checking the sw design at  C:/Studies/Embedded/SoC/firstMicroBlaze/microblaze_0/standalone_domain/bsp/system.mss
TRACE::2022-09-02.17:04:03::SCWMssOS::DEBUG:  swdes dump  
TRACE::2022-09-02.17:04:03::SCWMssOS::No sw design opened at  C:/Studies/Embedded/SoC/firstMicroBlaze/microblaze_0/standalone_domain/bsp/system.mss
TRACE::2022-09-02.17:04:03::SCWMssOS::mss does not exists at C:/Studies/Embedded/SoC/firstMicroBlaze/microblaze_0/standalone_domain/bsp/system.mss
TRACE::2022-09-02.17:04:03::SCWMssOS::Creating sw design at  C:/Studies/Embedded/SoC/firstMicroBlaze/microblaze_0/standalone_domain/bsp/system.mss
TRACE::2022-09-02.17:04:03::SCWMssOS::Adding the swdes entry, created swdb C:/Studies/Embedded/SoC/firstMicroBlaze/microblaze_0/standalone_domain/bsp/system.mss with des name C:/Studies/Embedded/SoC/firstMicroBlaze/microblaze_0/standalone_domain/bsp/system.mss
TRACE::2022-09-02.17:04:03::SCWMssOS::updating the scw layer changes to swdes at   C:/Studies/Embedded/SoC/firstMicroBlaze/microblaze_0/standalone_domain/bsp/system.mss
TRACE::2022-09-02.17:04:03::SCWMssOS::Writing mss at C:/Studies/Embedded/SoC/firstMicroBlaze/microblaze_0/standalone_domain/bsp/system.mss
TRACE::2022-09-02.17:04:03::SCWMssOS::Completed writing the mss file at C:/Studies/Embedded/SoC/firstMicroBlaze/microblaze_0/standalone_domain/bsp
TRACE::2022-09-02.17:04:03::SCWMssOS::Picking up changes from newly written mss file into SCW Layer. 
TRACE::2022-09-02.17:04:03::SCWMssOS::Updated the changes from newly written mss file into SCW Layer. 
TRACE::2022-09-02.17:04:03::SCWMssOS::Completed writing the mss file at C:/Studies/Embedded/SoC/firstMicroBlaze/microblaze_0/standalone_domain/bsp
TRACE::2022-09-02.17:04:03::SCWMssOS::Forcing BSP Sources regeneration.
TRACE::2022-09-02.17:04:07::SCWMssOS::Saving the mss changes C:/Studies/Embedded/SoC/firstMicroBlaze/microblaze_0/standalone_domain/bsp/system.mss
TRACE::2022-09-02.17:04:07::SCWMssOS::Adding the swdes entry, mss present, able to open swdb C:/Studies/Embedded/SoC/firstMicroBlaze/microblaze_0/standalone_domain/bsp/system.mss with des name system
TRACE::2022-09-02.17:04:07::SCWMssOS::Writing the mss file completed C:/Studies/Embedded/SoC/firstMicroBlaze/microblaze_0/standalone_domain/bsp/system.mss
TRACE::2022-09-02.17:04:07::SCWMssOS::Commit changes completed.
TRACE::2022-09-02.17:04:07::SCWPlatform::Trying to open the hw design at C:/Studies/Embedded/SoC/firstMicroBlaze/hw/micro_wrapper.xsa
TRACE::2022-09-02.17:04:07::SCWPlatform::DSA given C:/Studies/Embedded/SoC/firstMicroBlaze/hw/micro_wrapper.xsa
TRACE::2022-09-02.17:04:07::SCWPlatform::DSA absoulate path C:/Studies/Embedded/SoC/firstMicroBlaze/hw/micro_wrapper.xsa
TRACE::2022-09-02.17:04:07::SCWPlatform::DSA directory C:/Studies/Embedded/SoC/firstMicroBlaze/hw
TRACE::2022-09-02.17:04:07::SCWPlatform:: Platform Path C:/Studies/Embedded/SoC/firstMicroBlaze/hw/micro_wrapper.xsa
TRACE::2022-09-02.17:04:07::SCWPlatform:: Unique name xilinx:basys3::0.0
TRACE::2022-09-02.17:04:07::SCWPlatform::Trying to set the existing hwdb with name micro_wrapper_0
TRACE::2022-09-02.17:04:07::SCWPlatform::Opened existing hwdb micro_wrapper_0
TRACE::2022-09-02.17:04:07::SCWPlatform::Found the Hw Db part of the input DSA
TRACE::2022-09-02.17:04:07::SCWMssOS::Checking the sw design at  C:/Studies/Embedded/SoC/firstMicroBlaze/microblaze_0/standalone_domain/bsp/system.mss
TRACE::2022-09-02.17:04:07::SCWMssOS::DEBUG:  swdes dump  C:/Studies/Embedded/SoC/firstMicroBlaze/microblaze_0/standalone_domain/bsp/system.mss|system||

TRACE::2022-09-02.17:04:07::SCWMssOS::Sw design exists and opened at  C:/Studies/Embedded/SoC/firstMicroBlaze/microblaze_0/standalone_domain/bsp/system.mss
TRACE::2022-09-02.17:04:07::SCWPlatform::Trying to open the hw design at C:/Studies/Embedded/SoC/firstMicroBlaze/hw/micro_wrapper.xsa
TRACE::2022-09-02.17:04:07::SCWPlatform::DSA given C:/Studies/Embedded/SoC/firstMicroBlaze/hw/micro_wrapper.xsa
TRACE::2022-09-02.17:04:07::SCWPlatform::DSA absoulate path C:/Studies/Embedded/SoC/firstMicroBlaze/hw/micro_wrapper.xsa
TRACE::2022-09-02.17:04:07::SCWPlatform::DSA directory C:/Studies/Embedded/SoC/firstMicroBlaze/hw
TRACE::2022-09-02.17:04:07::SCWPlatform:: Platform Path C:/Studies/Embedded/SoC/firstMicroBlaze/hw/micro_wrapper.xsa
TRACE::2022-09-02.17:04:07::SCWPlatform:: Unique name xilinx:basys3::0.0
TRACE::2022-09-02.17:04:07::SCWPlatform::Trying to set the existing hwdb with name micro_wrapper_0
TRACE::2022-09-02.17:04:07::SCWPlatform::Opened existing hwdb micro_wrapper_0
TRACE::2022-09-02.17:04:07::SCWPlatform::Found the Hw Db part of the input DSA
TRACE::2022-09-02.17:04:07::SCWMssOS::Checking the sw design at  C:/Studies/Embedded/SoC/firstMicroBlaze/microblaze_0/standalone_domain/bsp/system.mss
TRACE::2022-09-02.17:04:07::SCWMssOS::DEBUG:  swdes dump  C:/Studies/Embedded/SoC/firstMicroBlaze/microblaze_0/standalone_domain/bsp/system.mss|system||

TRACE::2022-09-02.17:04:07::SCWMssOS::Sw design exists and opened at  C:/Studies/Embedded/SoC/firstMicroBlaze/microblaze_0/standalone_domain/bsp/system.mss
TRACE::2022-09-02.17:04:07::SCWPlatform::Trying to open the hw design at C:/Studies/Embedded/SoC/firstMicroBlaze/hw/micro_wrapper.xsa
TRACE::2022-09-02.17:04:07::SCWPlatform::DSA given C:/Studies/Embedded/SoC/firstMicroBlaze/hw/micro_wrapper.xsa
TRACE::2022-09-02.17:04:07::SCWPlatform::DSA absoulate path C:/Studies/Embedded/SoC/firstMicroBlaze/hw/micro_wrapper.xsa
TRACE::2022-09-02.17:04:07::SCWPlatform::DSA directory C:/Studies/Embedded/SoC/firstMicroBlaze/hw
TRACE::2022-09-02.17:04:07::SCWPlatform:: Platform Path C:/Studies/Embedded/SoC/firstMicroBlaze/hw/micro_wrapper.xsa
TRACE::2022-09-02.17:04:07::SCWPlatform:: Unique name xilinx:basys3::0.0
TRACE::2022-09-02.17:04:07::SCWPlatform::Trying to set the existing hwdb with name micro_wrapper_0
TRACE::2022-09-02.17:04:07::SCWPlatform::Opened existing hwdb micro_wrapper_0
TRACE::2022-09-02.17:04:07::SCWPlatform::Found the Hw Db part of the input DSA
TRACE::2022-09-02.17:04:07::SCWMssOS::Checking the sw design at  C:/Studies/Embedded/SoC/firstMicroBlaze/microblaze_0/standalone_domain/bsp/system.mss
TRACE::2022-09-02.17:04:07::SCWMssOS::DEBUG:  swdes dump  C:/Studies/Embedded/SoC/firstMicroBlaze/microblaze_0/standalone_domain/bsp/system.mss|system||

TRACE::2022-09-02.17:04:07::SCWMssOS::Sw design exists and opened at  C:/Studies/Embedded/SoC/firstMicroBlaze/microblaze_0/standalone_domain/bsp/system.mss
TRACE::2022-09-02.17:04:07::SCWWriter::formatted JSON is {
	"platformName":	"firstMicroBlaze",
	"sprVersion":	"2.0",
	"mode":	"gui",
	"dsaType":	"Fixed",
	"platformDesc":	"firstMicroBlaze",
	"platHandOff":	"C:/Studies/micro_wrapper.xsa",
	"platIntHandOff":	"<platformDir>/hw/micro_wrapper.xsa",
	"deviceType":	"FPGA",
	"platIsPrebuiltAutogen":	"false",
	"platIsNoBootBsp":	"false",
	"hasFsblMakeHasChanges":	"false",
	"hasPmufwMakeHasChanges":	"false",
	"platPreBuiltFlag":	false,
	"platformSamplesDir":	"",
	"platActiveSys":	"firstMicroBlaze",
	"systems":	[{
			"systemName":	"firstMicroBlaze",
			"systemDesc":	"firstMicroBlaze",
			"sysIsBootAutoGen":	"true",
			"systemDispName":	"firstMicroBlaze",
			"sysActiveDom":	"standalone_domain",
			"sysDefaultDom":	"standalone_domain",
			"domains":	[{
					"domainName":	"standalone_domain",
					"domainDispName":	"standalone_domain",
					"domainDesc":	"standalone_domain",
					"processors":	"microblaze_0",
					"os":	"standalone",
					"sdxOs":	"standalone",
					"debugEnable":	"False",
					"domRuntimes":	["cpp"],
					"swRepo":	"",
					"mssOsVer":	"7.6",
					"mssFile":	"",
					"md5Digest":	"cf485b8ae5505c341d54cf882761de53",
					"compatibleApp":	"",
					"domType":	"mssDomain",
					"arch":	"32-bit",
					"appSettings":	{
						"appCompilerFlags":	"",
						"appLinkerFlags":	""
					},
					"addedLibs":	[],
					"libOptions":	{
						"libsContainingOptions":	[]
					},
					"prebuiltLibs":	{
						"prebuiltIncPath":	[],
						"prebuiltLibPath":	[]
					},
					"isolation":	{
					}
				}]
		}]
}
LOG::2022-09-02.17:04:07::SCWPlatform::Started generating the artifacts platform firstMicroBlaze
TRACE::2022-09-02.17:04:07::SCWPlatform::Sanity checking of platform is completed
LOG::2022-09-02.17:04:07::SCWPlatform::Started generating the artifacts for system configuration firstMicroBlaze
LOG::2022-09-02.17:04:07::SCWSystem::Checking the domain standalone_domain
LOG::2022-09-02.17:04:07::SCWSystem::Not a boot domain 
LOG::2022-09-02.17:04:07::SCWSystem::Started Processing the domain standalone_domain
TRACE::2022-09-02.17:04:07::SCWDomain::Generating domain artifcats
TRACE::2022-09-02.17:04:07::SCWMssOS::Generating standalone artifcats
TRACE::2022-09-02.17:04:07::SCWMssOS:: Copying the user libraries. 
TRACE::2022-09-02.17:04:07::SCWPlatform::Trying to open the hw design at C:/Studies/Embedded/SoC/firstMicroBlaze/hw/micro_wrapper.xsa
TRACE::2022-09-02.17:04:07::SCWPlatform::DSA given C:/Studies/Embedded/SoC/firstMicroBlaze/hw/micro_wrapper.xsa
TRACE::2022-09-02.17:04:07::SCWPlatform::DSA absoulate path C:/Studies/Embedded/SoC/firstMicroBlaze/hw/micro_wrapper.xsa
TRACE::2022-09-02.17:04:07::SCWPlatform::DSA directory C:/Studies/Embedded/SoC/firstMicroBlaze/hw
TRACE::2022-09-02.17:04:07::SCWPlatform:: Platform Path C:/Studies/Embedded/SoC/firstMicroBlaze/hw/micro_wrapper.xsa
TRACE::2022-09-02.17:04:07::SCWPlatform:: Unique name xilinx:basys3::0.0
TRACE::2022-09-02.17:04:07::SCWPlatform::Trying to set the existing hwdb with name micro_wrapper_0
TRACE::2022-09-02.17:04:07::SCWPlatform::Opened existing hwdb micro_wrapper_0
TRACE::2022-09-02.17:04:07::SCWPlatform::Found the Hw Db part of the input DSA
TRACE::2022-09-02.17:04:07::SCWMssOS::Checking the sw design at  C:/Studies/Embedded/SoC/firstMicroBlaze/microblaze_0/standalone_domain/bsp/system.mss
TRACE::2022-09-02.17:04:07::SCWMssOS::DEBUG:  swdes dump  C:/Studies/Embedded/SoC/firstMicroBlaze/microblaze_0/standalone_domain/bsp/system.mss|system||

TRACE::2022-09-02.17:04:07::SCWMssOS::Sw design exists and opened at  C:/Studies/Embedded/SoC/firstMicroBlaze/microblaze_0/standalone_domain/bsp/system.mss
TRACE::2022-09-02.17:04:07::SCWMssOS::Completed writing the mss file at C:/Studies/Embedded/SoC/firstMicroBlaze/microblaze_0/standalone_domain/bsp
TRACE::2022-09-02.17:04:07::SCWMssOS::Mss edits present, copying mssfile into export location C:/Studies/Embedded/SoC/firstMicroBlaze/microblaze_0/standalone_domain/bsp/system.mss
TRACE::2022-09-02.17:04:07::SCWMssOS::bsp generated is upto date with the mss file. Skipping bsp generation.
TRACE::2022-09-02.17:04:07::SCWMssOS::BSP is already built. skipping the bsp build ... 
TRACE::2022-09-02.17:04:07::SCWDomain::Skipping the build for domain :  standalone_domain
TRACE::2022-09-02.17:04:07::SCWMssOS::skipping the bsp build ... 
TRACE::2022-09-02.17:04:07::SCWMssOS::Copying to export directory.
TRACE::2022-09-02.17:04:07::SCWMssOS:: Checking if to create the Supporting Applications
TRACE::2022-09-02.17:04:07::SCWMssOS:: No Linux domain exists, trying to generate FSBL 
LOG::2022-09-02.17:04:07::SCWSystem::Completed Processing the domain standalone_domain
LOG::2022-09-02.17:04:07::SCWSystem::Completed Processing the sysconfig firstMicroBlaze
LOG::2022-09-02.17:04:07::SCWPlatform::Completed generating the artifacts for system configuration firstMicroBlaze
TRACE::2022-09-02.17:04:07::SCWPlatform::Started preparing the platform 
TRACE::2022-09-02.17:04:07::SCWSystem::Writing the bif file for system config firstMicroBlaze
TRACE::2022-09-02.17:04:07::SCWSystem::dir created 
TRACE::2022-09-02.17:04:07::SCWSystem::Writing the bif 
TRACE::2022-09-02.17:04:07::SCWPlatform::Started writing the spfm file 
TRACE::2022-09-02.17:04:07::SCWPlatform::Started writing the xpfm file 
TRACE::2022-09-02.17:04:07::SCWPlatform::Completed generating the platform
TRACE::2022-09-02.17:04:07::SCWMssOS::Saving the mss changes C:/Studies/Embedded/SoC/firstMicroBlaze/microblaze_0/standalone_domain/bsp/system.mss
TRACE::2022-09-02.17:04:07::SCWMssOS::Found a swdesign opened with the mssfile.
TRACE::2022-09-02.17:04:07::SCWMssOS::Completed writemss as part of save.
TRACE::2022-09-02.17:04:07::SCWMssOS::Commit changes completed.
TRACE::2022-09-02.17:04:07::SCWPlatform::Trying to open the hw design at C:/Studies/Embedded/SoC/firstMicroBlaze/hw/micro_wrapper.xsa
TRACE::2022-09-02.17:04:07::SCWPlatform::DSA given C:/Studies/Embedded/SoC/firstMicroBlaze/hw/micro_wrapper.xsa
TRACE::2022-09-02.17:04:07::SCWPlatform::DSA absoulate path C:/Studies/Embedded/SoC/firstMicroBlaze/hw/micro_wrapper.xsa
TRACE::2022-09-02.17:04:07::SCWPlatform::DSA directory C:/Studies/Embedded/SoC/firstMicroBlaze/hw
TRACE::2022-09-02.17:04:07::SCWPlatform:: Platform Path C:/Studies/Embedded/SoC/firstMicroBlaze/hw/micro_wrapper.xsa
TRACE::2022-09-02.17:04:07::SCWPlatform:: Unique name xilinx:basys3::0.0
TRACE::2022-09-02.17:04:07::SCWPlatform::Trying to set the existing hwdb with name micro_wrapper_0
TRACE::2022-09-02.17:04:07::SCWPlatform::Opened existing hwdb micro_wrapper_0
TRACE::2022-09-02.17:04:07::SCWPlatform::Found the Hw Db part of the input DSA
TRACE::2022-09-02.17:04:07::SCWMssOS::Checking the sw design at  C:/Studies/Embedded/SoC/firstMicroBlaze/microblaze_0/standalone_domain/bsp/system.mss
TRACE::2022-09-02.17:04:07::SCWMssOS::DEBUG:  swdes dump  C:/Studies/Embedded/SoC/firstMicroBlaze/microblaze_0/standalone_domain/bsp/system.mss|system||

TRACE::2022-09-02.17:04:07::SCWMssOS::Sw design exists and opened at  C:/Studies/Embedded/SoC/firstMicroBlaze/microblaze_0/standalone_domain/bsp/system.mss
TRACE::2022-09-02.17:04:07::SCWPlatform::Trying to open the hw design at C:/Studies/Embedded/SoC/firstMicroBlaze/hw/micro_wrapper.xsa
TRACE::2022-09-02.17:04:07::SCWPlatform::DSA given C:/Studies/Embedded/SoC/firstMicroBlaze/hw/micro_wrapper.xsa
TRACE::2022-09-02.17:04:07::SCWPlatform::DSA absoulate path C:/Studies/Embedded/SoC/firstMicroBlaze/hw/micro_wrapper.xsa
TRACE::2022-09-02.17:04:07::SCWPlatform::DSA directory C:/Studies/Embedded/SoC/firstMicroBlaze/hw
TRACE::2022-09-02.17:04:07::SCWPlatform:: Platform Path C:/Studies/Embedded/SoC/firstMicroBlaze/hw/micro_wrapper.xsa
TRACE::2022-09-02.17:04:07::SCWPlatform:: Unique name xilinx:basys3::0.0
TRACE::2022-09-02.17:04:07::SCWPlatform::Trying to set the existing hwdb with name micro_wrapper_0
TRACE::2022-09-02.17:04:07::SCWPlatform::Opened existing hwdb micro_wrapper_0
TRACE::2022-09-02.17:04:07::SCWPlatform::Found the Hw Db part of the input DSA
TRACE::2022-09-02.17:04:07::SCWMssOS::Checking the sw design at  C:/Studies/Embedded/SoC/firstMicroBlaze/microblaze_0/standalone_domain/bsp/system.mss
TRACE::2022-09-02.17:04:07::SCWMssOS::DEBUG:  swdes dump  C:/Studies/Embedded/SoC/firstMicroBlaze/microblaze_0/standalone_domain/bsp/system.mss|system||

TRACE::2022-09-02.17:04:07::SCWMssOS::Sw design exists and opened at  C:/Studies/Embedded/SoC/firstMicroBlaze/microblaze_0/standalone_domain/bsp/system.mss
TRACE::2022-09-02.17:04:07::SCWPlatform::Trying to open the hw design at C:/Studies/Embedded/SoC/firstMicroBlaze/hw/micro_wrapper.xsa
TRACE::2022-09-02.17:04:07::SCWPlatform::DSA given C:/Studies/Embedded/SoC/firstMicroBlaze/hw/micro_wrapper.xsa
TRACE::2022-09-02.17:04:07::SCWPlatform::DSA absoulate path C:/Studies/Embedded/SoC/firstMicroBlaze/hw/micro_wrapper.xsa
TRACE::2022-09-02.17:04:07::SCWPlatform::DSA directory C:/Studies/Embedded/SoC/firstMicroBlaze/hw
TRACE::2022-09-02.17:04:07::SCWPlatform:: Platform Path C:/Studies/Embedded/SoC/firstMicroBlaze/hw/micro_wrapper.xsa
TRACE::2022-09-02.17:04:07::SCWPlatform:: Unique name xilinx:basys3::0.0
TRACE::2022-09-02.17:04:07::SCWPlatform::Trying to set the existing hwdb with name micro_wrapper_0
TRACE::2022-09-02.17:04:07::SCWPlatform::Opened existing hwdb micro_wrapper_0
TRACE::2022-09-02.17:04:07::SCWPlatform::Found the Hw Db part of the input DSA
TRACE::2022-09-02.17:04:07::SCWMssOS::Checking the sw design at  C:/Studies/Embedded/SoC/firstMicroBlaze/microblaze_0/standalone_domain/bsp/system.mss
TRACE::2022-09-02.17:04:07::SCWMssOS::DEBUG:  swdes dump  C:/Studies/Embedded/SoC/firstMicroBlaze/microblaze_0/standalone_domain/bsp/system.mss|system||

TRACE::2022-09-02.17:04:07::SCWMssOS::Sw design exists and opened at  C:/Studies/Embedded/SoC/firstMicroBlaze/microblaze_0/standalone_domain/bsp/system.mss
TRACE::2022-09-02.17:04:07::SCWWriter::formatted JSON is {
	"platformName":	"firstMicroBlaze",
	"sprVersion":	"2.0",
	"mode":	"gui",
	"dsaType":	"Fixed",
	"platformDesc":	"firstMicroBlaze",
	"platHandOff":	"C:/Studies/micro_wrapper.xsa",
	"platIntHandOff":	"<platformDir>/hw/micro_wrapper.xsa",
	"deviceType":	"FPGA",
	"platIsPrebuiltAutogen":	"false",
	"platIsNoBootBsp":	"false",
	"hasFsblMakeHasChanges":	"false",
	"hasPmufwMakeHasChanges":	"false",
	"platPreBuiltFlag":	false,
	"platformSamplesDir":	"",
	"platActiveSys":	"firstMicroBlaze",
	"systems":	[{
			"systemName":	"firstMicroBlaze",
			"systemDesc":	"firstMicroBlaze",
			"sysIsBootAutoGen":	"true",
			"systemDispName":	"firstMicroBlaze",
			"sysActiveDom":	"standalone_domain",
			"sysDefaultDom":	"standalone_domain",
			"domains":	[{
					"domainName":	"standalone_domain",
					"domainDispName":	"standalone_domain",
					"domainDesc":	"standalone_domain",
					"processors":	"microblaze_0",
					"os":	"standalone",
					"sdxOs":	"standalone",
					"debugEnable":	"False",
					"domRuntimes":	["cpp"],
					"swRepo":	"",
					"mssOsVer":	"7.6",
					"mssFile":	"",
					"md5Digest":	"cf485b8ae5505c341d54cf882761de53",
					"compatibleApp":	"",
					"domType":	"mssDomain",
					"arch":	"32-bit",
					"appSettings":	{
						"appCompilerFlags":	"",
						"appLinkerFlags":	""
					},
					"addedLibs":	[],
					"libOptions":	{
						"libsContainingOptions":	[]
					},
					"prebuiltLibs":	{
						"prebuiltIncPath":	[],
						"prebuiltLibPath":	[]
					},
					"isolation":	{
					}
				}]
		}]
}
KEYINFO::2022-09-02.17:04:07::SCWPlatform::updated the xpfm file.
TRACE::2022-09-02.17:04:07::SCWPlatform::Trying to open the hw design at C:/Studies/Embedded/SoC/firstMicroBlaze/hw/micro_wrapper.xsa
TRACE::2022-09-02.17:04:07::SCWPlatform::DSA given C:/Studies/Embedded/SoC/firstMicroBlaze/hw/micro_wrapper.xsa
TRACE::2022-09-02.17:04:07::SCWPlatform::DSA absoulate path C:/Studies/Embedded/SoC/firstMicroBlaze/hw/micro_wrapper.xsa
TRACE::2022-09-02.17:04:07::SCWPlatform::DSA directory C:/Studies/Embedded/SoC/firstMicroBlaze/hw
TRACE::2022-09-02.17:04:07::SCWPlatform:: Platform Path C:/Studies/Embedded/SoC/firstMicroBlaze/hw/micro_wrapper.xsa
TRACE::2022-09-02.17:04:07::SCWPlatform:: Unique name xilinx:basys3::0.0
TRACE::2022-09-02.17:04:07::SCWPlatform::Trying to set the existing hwdb with name micro_wrapper_0
TRACE::2022-09-02.17:04:07::SCWPlatform::Opened existing hwdb micro_wrapper_0
TRACE::2022-09-02.17:04:07::SCWPlatform::Found the Hw Db part of the input DSA
TRACE::2022-09-02.17:04:07::SCWMssOS::Checking the sw design at  C:/Studies/Embedded/SoC/firstMicroBlaze/microblaze_0/standalone_domain/bsp/system.mss
TRACE::2022-09-02.17:04:07::SCWMssOS::DEBUG:  swdes dump  C:/Studies/Embedded/SoC/firstMicroBlaze/microblaze_0/standalone_domain/bsp/system.mss|system||

TRACE::2022-09-02.17:04:07::SCWMssOS::Sw design exists and opened at  C:/Studies/Embedded/SoC/firstMicroBlaze/microblaze_0/standalone_domain/bsp/system.mss
TRACE::2022-09-02.17:04:07::SCWMssOS::Saving the mss changes C:/Studies/Embedded/SoC/firstMicroBlaze/microblaze_0/standalone_domain/bsp/system.mss
TRACE::2022-09-02.17:04:07::SCWMssOS::Found a swdesign opened with the mssfile.
TRACE::2022-09-02.17:04:07::SCWMssOS::Completed writemss as part of save.
TRACE::2022-09-02.17:04:07::SCWMssOS::Commit changes completed.
TRACE::2022-09-02.17:04:07::SCWPlatform::Trying to open the hw design at C:/Studies/Embedded/SoC/firstMicroBlaze/hw/micro_wrapper.xsa
TRACE::2022-09-02.17:04:07::SCWPlatform::DSA given C:/Studies/Embedded/SoC/firstMicroBlaze/hw/micro_wrapper.xsa
TRACE::2022-09-02.17:04:07::SCWPlatform::DSA absoulate path C:/Studies/Embedded/SoC/firstMicroBlaze/hw/micro_wrapper.xsa
TRACE::2022-09-02.17:04:07::SCWPlatform::DSA directory C:/Studies/Embedded/SoC/firstMicroBlaze/hw
TRACE::2022-09-02.17:04:07::SCWPlatform:: Platform Path C:/Studies/Embedded/SoC/firstMicroBlaze/hw/micro_wrapper.xsa
TRACE::2022-09-02.17:04:07::SCWPlatform:: Unique name xilinx:basys3::0.0
TRACE::2022-09-02.17:04:07::SCWPlatform::Trying to set the existing hwdb with name micro_wrapper_0
TRACE::2022-09-02.17:04:07::SCWPlatform::Opened existing hwdb micro_wrapper_0
TRACE::2022-09-02.17:04:07::SCWPlatform::Found the Hw Db part of the input DSA
TRACE::2022-09-02.17:04:07::SCWMssOS::Checking the sw design at  C:/Studies/Embedded/SoC/firstMicroBlaze/microblaze_0/standalone_domain/bsp/system.mss
TRACE::2022-09-02.17:04:07::SCWMssOS::DEBUG:  swdes dump  C:/Studies/Embedded/SoC/firstMicroBlaze/microblaze_0/standalone_domain/bsp/system.mss|system||

TRACE::2022-09-02.17:04:07::SCWMssOS::Sw design exists and opened at  C:/Studies/Embedded/SoC/firstMicroBlaze/microblaze_0/standalone_domain/bsp/system.mss
TRACE::2022-09-02.17:04:07::SCWPlatform::Trying to open the hw design at C:/Studies/Embedded/SoC/firstMicroBlaze/hw/micro_wrapper.xsa
TRACE::2022-09-02.17:04:07::SCWPlatform::DSA given C:/Studies/Embedded/SoC/firstMicroBlaze/hw/micro_wrapper.xsa
TRACE::2022-09-02.17:04:07::SCWPlatform::DSA absoulate path C:/Studies/Embedded/SoC/firstMicroBlaze/hw/micro_wrapper.xsa
TRACE::2022-09-02.17:04:07::SCWPlatform::DSA directory C:/Studies/Embedded/SoC/firstMicroBlaze/hw
TRACE::2022-09-02.17:04:07::SCWPlatform:: Platform Path C:/Studies/Embedded/SoC/firstMicroBlaze/hw/micro_wrapper.xsa
TRACE::2022-09-02.17:04:07::SCWPlatform:: Unique name xilinx:basys3::0.0
TRACE::2022-09-02.17:04:07::SCWPlatform::Trying to set the existing hwdb with name micro_wrapper_0
TRACE::2022-09-02.17:04:07::SCWPlatform::Opened existing hwdb micro_wrapper_0
TRACE::2022-09-02.17:04:07::SCWPlatform::Found the Hw Db part of the input DSA
TRACE::2022-09-02.17:04:07::SCWMssOS::Checking the sw design at  C:/Studies/Embedded/SoC/firstMicroBlaze/microblaze_0/standalone_domain/bsp/system.mss
TRACE::2022-09-02.17:04:07::SCWMssOS::DEBUG:  swdes dump  C:/Studies/Embedded/SoC/firstMicroBlaze/microblaze_0/standalone_domain/bsp/system.mss|system||

TRACE::2022-09-02.17:04:07::SCWMssOS::Sw design exists and opened at  C:/Studies/Embedded/SoC/firstMicroBlaze/microblaze_0/standalone_domain/bsp/system.mss
TRACE::2022-09-02.17:04:07::SCWPlatform::Trying to open the hw design at C:/Studies/Embedded/SoC/firstMicroBlaze/hw/micro_wrapper.xsa
TRACE::2022-09-02.17:04:07::SCWPlatform::DSA given C:/Studies/Embedded/SoC/firstMicroBlaze/hw/micro_wrapper.xsa
TRACE::2022-09-02.17:04:07::SCWPlatform::DSA absoulate path C:/Studies/Embedded/SoC/firstMicroBlaze/hw/micro_wrapper.xsa
TRACE::2022-09-02.17:04:07::SCWPlatform::DSA directory C:/Studies/Embedded/SoC/firstMicroBlaze/hw
TRACE::2022-09-02.17:04:07::SCWPlatform:: Platform Path C:/Studies/Embedded/SoC/firstMicroBlaze/hw/micro_wrapper.xsa
TRACE::2022-09-02.17:04:07::SCWPlatform:: Unique name xilinx:basys3::0.0
TRACE::2022-09-02.17:04:07::SCWPlatform::Trying to set the existing hwdb with name micro_wrapper_0
TRACE::2022-09-02.17:04:07::SCWPlatform::Opened existing hwdb micro_wrapper_0
TRACE::2022-09-02.17:04:07::SCWPlatform::Found the Hw Db part of the input DSA
TRACE::2022-09-02.17:04:07::SCWMssOS::Checking the sw design at  C:/Studies/Embedded/SoC/firstMicroBlaze/microblaze_0/standalone_domain/bsp/system.mss
TRACE::2022-09-02.17:04:07::SCWMssOS::DEBUG:  swdes dump  C:/Studies/Embedded/SoC/firstMicroBlaze/microblaze_0/standalone_domain/bsp/system.mss|system||

TRACE::2022-09-02.17:04:07::SCWMssOS::Sw design exists and opened at  C:/Studies/Embedded/SoC/firstMicroBlaze/microblaze_0/standalone_domain/bsp/system.mss
TRACE::2022-09-02.17:04:07::SCWWriter::formatted JSON is {
	"platformName":	"firstMicroBlaze",
	"sprVersion":	"2.0",
	"mode":	"gui",
	"dsaType":	"Fixed",
	"platformDesc":	"firstMicroBlaze",
	"platHandOff":	"C:/Studies/micro_wrapper.xsa",
	"platIntHandOff":	"<platformDir>/hw/micro_wrapper.xsa",
	"deviceType":	"FPGA",
	"platIsPrebuiltAutogen":	"false",
	"platIsNoBootBsp":	"false",
	"hasFsblMakeHasChanges":	"false",
	"hasPmufwMakeHasChanges":	"false",
	"platPreBuiltFlag":	false,
	"platformSamplesDir":	"",
	"platActiveSys":	"firstMicroBlaze",
	"systems":	[{
			"systemName":	"firstMicroBlaze",
			"systemDesc":	"firstMicroBlaze",
			"sysIsBootAutoGen":	"true",
			"systemDispName":	"firstMicroBlaze",
			"sysActiveDom":	"standalone_domain",
			"sysDefaultDom":	"standalone_domain",
			"domains":	[{
					"domainName":	"standalone_domain",
					"domainDispName":	"standalone_domain",
					"domainDesc":	"standalone_domain",
					"processors":	"microblaze_0",
					"os":	"standalone",
					"sdxOs":	"standalone",
					"debugEnable":	"False",
					"domRuntimes":	["cpp"],
					"swRepo":	"",
					"mssOsVer":	"7.6",
					"mssFile":	"",
					"md5Digest":	"cf485b8ae5505c341d54cf882761de53",
					"compatibleApp":	"",
					"domType":	"mssDomain",
					"arch":	"32-bit",
					"appSettings":	{
						"appCompilerFlags":	"",
						"appLinkerFlags":	""
					},
					"addedLibs":	[],
					"libOptions":	{
						"libsContainingOptions":	[]
					},
					"prebuiltLibs":	{
						"prebuiltIncPath":	[],
						"prebuiltLibPath":	[]
					},
					"isolation":	{
					}
				}]
		}]
}
TRACE::2022-09-02.17:04:07::SCWPlatform::Trying to open the hw design at C:/Studies/Embedded/SoC/firstMicroBlaze/hw/micro_wrapper.xsa
TRACE::2022-09-02.17:04:07::SCWPlatform::DSA given C:/Studies/Embedded/SoC/firstMicroBlaze/hw/micro_wrapper.xsa
TRACE::2022-09-02.17:04:07::SCWPlatform::DSA absoulate path C:/Studies/Embedded/SoC/firstMicroBlaze/hw/micro_wrapper.xsa
TRACE::2022-09-02.17:04:07::SCWPlatform::DSA directory C:/Studies/Embedded/SoC/firstMicroBlaze/hw
TRACE::2022-09-02.17:04:07::SCWPlatform:: Platform Path C:/Studies/Embedded/SoC/firstMicroBlaze/hw/micro_wrapper.xsa
TRACE::2022-09-02.17:04:07::SCWPlatform:: Unique name xilinx:basys3::0.0
TRACE::2022-09-02.17:04:07::SCWPlatform::Trying to set the existing hwdb with name micro_wrapper_0
TRACE::2022-09-02.17:04:07::SCWPlatform::Opened existing hwdb micro_wrapper_0
TRACE::2022-09-02.17:04:07::SCWPlatform::Found the Hw Db part of the input DSA
TRACE::2022-09-02.17:04:07::SCWMssOS::Checking the sw design at  C:/Studies/Embedded/SoC/firstMicroBlaze/microblaze_0/standalone_domain/bsp/system.mss
TRACE::2022-09-02.17:04:07::SCWMssOS::DEBUG:  swdes dump  C:/Studies/Embedded/SoC/firstMicroBlaze/microblaze_0/standalone_domain/bsp/system.mss|system||

TRACE::2022-09-02.17:04:07::SCWMssOS::Sw design exists and opened at  C:/Studies/Embedded/SoC/firstMicroBlaze/microblaze_0/standalone_domain/bsp/system.mss
TRACE::2022-09-02.17:04:07::SCWPlatform::Trying to open the hw design at C:/Studies/Embedded/SoC/firstMicroBlaze/hw/micro_wrapper.xsa
TRACE::2022-09-02.17:04:07::SCWPlatform::DSA given C:/Studies/Embedded/SoC/firstMicroBlaze/hw/micro_wrapper.xsa
TRACE::2022-09-02.17:04:07::SCWPlatform::DSA absoulate path C:/Studies/Embedded/SoC/firstMicroBlaze/hw/micro_wrapper.xsa
TRACE::2022-09-02.17:04:07::SCWPlatform::DSA directory C:/Studies/Embedded/SoC/firstMicroBlaze/hw
TRACE::2022-09-02.17:04:07::SCWPlatform:: Platform Path C:/Studies/Embedded/SoC/firstMicroBlaze/hw/micro_wrapper.xsa
TRACE::2022-09-02.17:04:07::SCWPlatform:: Unique name xilinx:basys3::0.0
TRACE::2022-09-02.17:04:07::SCWPlatform::Trying to set the existing hwdb with name micro_wrapper_0
TRACE::2022-09-02.17:04:07::SCWPlatform::Opened existing hwdb micro_wrapper_0
TRACE::2022-09-02.17:04:07::SCWPlatform::Found the Hw Db part of the input DSA
TRACE::2022-09-02.17:04:07::SCWMssOS::Checking the sw design at  C:/Studies/Embedded/SoC/firstMicroBlaze/microblaze_0/standalone_domain/bsp/system.mss
TRACE::2022-09-02.17:04:07::SCWMssOS::DEBUG:  swdes dump  C:/Studies/Embedded/SoC/firstMicroBlaze/microblaze_0/standalone_domain/bsp/system.mss|system||

TRACE::2022-09-02.17:04:07::SCWMssOS::Sw design exists and opened at  C:/Studies/Embedded/SoC/firstMicroBlaze/microblaze_0/standalone_domain/bsp/system.mss
TRACE::2022-09-02.17:04:07::SCWPlatform::Trying to open the hw design at C:/Studies/Embedded/SoC/firstMicroBlaze/hw/micro_wrapper.xsa
TRACE::2022-09-02.17:04:07::SCWPlatform::DSA given C:/Studies/Embedded/SoC/firstMicroBlaze/hw/micro_wrapper.xsa
TRACE::2022-09-02.17:04:07::SCWPlatform::DSA absoulate path C:/Studies/Embedded/SoC/firstMicroBlaze/hw/micro_wrapper.xsa
TRACE::2022-09-02.17:04:07::SCWPlatform::DSA directory C:/Studies/Embedded/SoC/firstMicroBlaze/hw
TRACE::2022-09-02.17:04:07::SCWPlatform:: Platform Path C:/Studies/Embedded/SoC/firstMicroBlaze/hw/micro_wrapper.xsa
TRACE::2022-09-02.17:04:07::SCWPlatform:: Unique name xilinx:basys3::0.0
TRACE::2022-09-02.17:04:07::SCWPlatform::Trying to set the existing hwdb with name micro_wrapper_0
TRACE::2022-09-02.17:04:07::SCWPlatform::Opened existing hwdb micro_wrapper_0
TRACE::2022-09-02.17:04:07::SCWPlatform::Found the Hw Db part of the input DSA
TRACE::2022-09-02.17:04:07::SCWMssOS::Checking the sw design at  C:/Studies/Embedded/SoC/firstMicroBlaze/microblaze_0/standalone_domain/bsp/system.mss
TRACE::2022-09-02.17:04:07::SCWMssOS::DEBUG:  swdes dump  C:/Studies/Embedded/SoC/firstMicroBlaze/microblaze_0/standalone_domain/bsp/system.mss|system||

TRACE::2022-09-02.17:04:07::SCWMssOS::Sw design exists and opened at  C:/Studies/Embedded/SoC/firstMicroBlaze/microblaze_0/standalone_domain/bsp/system.mss
TRACE::2022-09-02.17:04:07::SCWMssOS::Saving the mss changes C:/Studies/Embedded/SoC/firstMicroBlaze/microblaze_0/standalone_domain/bsp/system.mss
TRACE::2022-09-02.17:04:07::SCWMssOS::Found a swdesign opened with the mssfile.
TRACE::2022-09-02.17:04:07::SCWMssOS::Completed writemss as part of save.
TRACE::2022-09-02.17:04:07::SCWMssOS::Commit changes completed.
TRACE::2022-09-02.17:04:07::SCWPlatform::Trying to open the hw design at C:/Studies/Embedded/SoC/firstMicroBlaze/hw/micro_wrapper.xsa
TRACE::2022-09-02.17:04:07::SCWPlatform::DSA given C:/Studies/Embedded/SoC/firstMicroBlaze/hw/micro_wrapper.xsa
TRACE::2022-09-02.17:04:07::SCWPlatform::DSA absoulate path C:/Studies/Embedded/SoC/firstMicroBlaze/hw/micro_wrapper.xsa
TRACE::2022-09-02.17:04:07::SCWPlatform::DSA directory C:/Studies/Embedded/SoC/firstMicroBlaze/hw
TRACE::2022-09-02.17:04:07::SCWPlatform:: Platform Path C:/Studies/Embedded/SoC/firstMicroBlaze/hw/micro_wrapper.xsa
TRACE::2022-09-02.17:04:07::SCWPlatform:: Unique name xilinx:basys3::0.0
TRACE::2022-09-02.17:04:07::SCWPlatform::Trying to set the existing hwdb with name micro_wrapper_0
TRACE::2022-09-02.17:04:07::SCWPlatform::Opened existing hwdb micro_wrapper_0
TRACE::2022-09-02.17:04:07::SCWPlatform::Found the Hw Db part of the input DSA
TRACE::2022-09-02.17:04:07::SCWMssOS::Checking the sw design at  C:/Studies/Embedded/SoC/firstMicroBlaze/microblaze_0/standalone_domain/bsp/system.mss
TRACE::2022-09-02.17:04:07::SCWMssOS::DEBUG:  swdes dump  C:/Studies/Embedded/SoC/firstMicroBlaze/microblaze_0/standalone_domain/bsp/system.mss|system||

TRACE::2022-09-02.17:04:07::SCWMssOS::Sw design exists and opened at  C:/Studies/Embedded/SoC/firstMicroBlaze/microblaze_0/standalone_domain/bsp/system.mss
TRACE::2022-09-02.17:04:07::SCWPlatform::Trying to open the hw design at C:/Studies/Embedded/SoC/firstMicroBlaze/hw/micro_wrapper.xsa
TRACE::2022-09-02.17:04:07::SCWPlatform::DSA given C:/Studies/Embedded/SoC/firstMicroBlaze/hw/micro_wrapper.xsa
TRACE::2022-09-02.17:04:07::SCWPlatform::DSA absoulate path C:/Studies/Embedded/SoC/firstMicroBlaze/hw/micro_wrapper.xsa
TRACE::2022-09-02.17:04:07::SCWPlatform::DSA directory C:/Studies/Embedded/SoC/firstMicroBlaze/hw
TRACE::2022-09-02.17:04:07::SCWPlatform:: Platform Path C:/Studies/Embedded/SoC/firstMicroBlaze/hw/micro_wrapper.xsa
TRACE::2022-09-02.17:04:07::SCWPlatform:: Unique name xilinx:basys3::0.0
TRACE::2022-09-02.17:04:07::SCWPlatform::Trying to set the existing hwdb with name micro_wrapper_0
TRACE::2022-09-02.17:04:07::SCWPlatform::Opened existing hwdb micro_wrapper_0
TRACE::2022-09-02.17:04:07::SCWPlatform::Found the Hw Db part of the input DSA
TRACE::2022-09-02.17:04:07::SCWMssOS::Checking the sw design at  C:/Studies/Embedded/SoC/firstMicroBlaze/microblaze_0/standalone_domain/bsp/system.mss
TRACE::2022-09-02.17:04:07::SCWMssOS::DEBUG:  swdes dump  C:/Studies/Embedded/SoC/firstMicroBlaze/microblaze_0/standalone_domain/bsp/system.mss|system||

TRACE::2022-09-02.17:04:07::SCWMssOS::Sw design exists and opened at  C:/Studies/Embedded/SoC/firstMicroBlaze/microblaze_0/standalone_domain/bsp/system.mss
TRACE::2022-09-02.17:04:07::SCWPlatform::Trying to open the hw design at C:/Studies/Embedded/SoC/firstMicroBlaze/hw/micro_wrapper.xsa
TRACE::2022-09-02.17:04:07::SCWPlatform::DSA given C:/Studies/Embedded/SoC/firstMicroBlaze/hw/micro_wrapper.xsa
TRACE::2022-09-02.17:04:07::SCWPlatform::DSA absoulate path C:/Studies/Embedded/SoC/firstMicroBlaze/hw/micro_wrapper.xsa
TRACE::2022-09-02.17:04:07::SCWPlatform::DSA directory C:/Studies/Embedded/SoC/firstMicroBlaze/hw
TRACE::2022-09-02.17:04:07::SCWPlatform:: Platform Path C:/Studies/Embedded/SoC/firstMicroBlaze/hw/micro_wrapper.xsa
TRACE::2022-09-02.17:04:07::SCWPlatform:: Unique name xilinx:basys3::0.0
TRACE::2022-09-02.17:04:07::SCWPlatform::Trying to set the existing hwdb with name micro_wrapper_0
TRACE::2022-09-02.17:04:07::SCWPlatform::Opened existing hwdb micro_wrapper_0
TRACE::2022-09-02.17:04:07::SCWPlatform::Found the Hw Db part of the input DSA
TRACE::2022-09-02.17:04:07::SCWMssOS::Checking the sw design at  C:/Studies/Embedded/SoC/firstMicroBlaze/microblaze_0/standalone_domain/bsp/system.mss
TRACE::2022-09-02.17:04:07::SCWMssOS::DEBUG:  swdes dump  C:/Studies/Embedded/SoC/firstMicroBlaze/microblaze_0/standalone_domain/bsp/system.mss|system||

TRACE::2022-09-02.17:04:07::SCWMssOS::Sw design exists and opened at  C:/Studies/Embedded/SoC/firstMicroBlaze/microblaze_0/standalone_domain/bsp/system.mss
TRACE::2022-09-02.17:04:07::SCWWriter::formatted JSON is {
	"platformName":	"firstMicroBlaze",
	"sprVersion":	"2.0",
	"mode":	"gui",
	"dsaType":	"Fixed",
	"platformDesc":	"firstMicroBlaze",
	"platHandOff":	"C:/Studies/micro_wrapper.xsa",
	"platIntHandOff":	"<platformDir>/hw/micro_wrapper.xsa",
	"deviceType":	"FPGA",
	"platIsPrebuiltAutogen":	"false",
	"platIsNoBootBsp":	"false",
	"hasFsblMakeHasChanges":	"false",
	"hasPmufwMakeHasChanges":	"false",
	"platPreBuiltFlag":	false,
	"platformSamplesDir":	"",
	"platActiveSys":	"firstMicroBlaze",
	"systems":	[{
			"systemName":	"firstMicroBlaze",
			"systemDesc":	"firstMicroBlaze",
			"sysIsBootAutoGen":	"true",
			"systemDispName":	"firstMicroBlaze",
			"sysActiveDom":	"standalone_domain",
			"sysDefaultDom":	"standalone_domain",
			"domains":	[{
					"domainName":	"standalone_domain",
					"domainDispName":	"standalone on microblaze_0",
					"domainDesc":	"standalone_domain",
					"processors":	"microblaze_0",
					"os":	"standalone",
					"sdxOs":	"standalone",
					"debugEnable":	"False",
					"domRuntimes":	["cpp"],
					"swRepo":	"",
					"mssOsVer":	"7.6",
					"mssFile":	"",
					"md5Digest":	"cf485b8ae5505c341d54cf882761de53",
					"compatibleApp":	"",
					"domType":	"mssDomain",
					"arch":	"32-bit",
					"appSettings":	{
						"appCompilerFlags":	"",
						"appLinkerFlags":	""
					},
					"addedLibs":	[],
					"libOptions":	{
						"libsContainingOptions":	[]
					},
					"prebuiltLibs":	{
						"prebuiltIncPath":	[],
						"prebuiltLibPath":	[]
					},
					"isolation":	{
					}
				}]
		}]
}
TRACE::2022-09-02.17:04:07::SCWMssOS::Saving the mss changes C:/Studies/Embedded/SoC/firstMicroBlaze/microblaze_0/standalone_domain/bsp/system.mss
TRACE::2022-09-02.17:04:07::SCWMssOS::Found a swdesign opened with the mssfile.
TRACE::2022-09-02.17:04:07::SCWMssOS::Completed writemss as part of save.
TRACE::2022-09-02.17:04:07::SCWMssOS::Commit changes completed.
TRACE::2022-09-02.17:04:07::SCWPlatform::Trying to open the hw design at C:/Studies/Embedded/SoC/firstMicroBlaze/hw/micro_wrapper.xsa
TRACE::2022-09-02.17:04:07::SCWPlatform::DSA given C:/Studies/Embedded/SoC/firstMicroBlaze/hw/micro_wrapper.xsa
TRACE::2022-09-02.17:04:07::SCWPlatform::DSA absoulate path C:/Studies/Embedded/SoC/firstMicroBlaze/hw/micro_wrapper.xsa
TRACE::2022-09-02.17:04:07::SCWPlatform::DSA directory C:/Studies/Embedded/SoC/firstMicroBlaze/hw
TRACE::2022-09-02.17:04:07::SCWPlatform:: Platform Path C:/Studies/Embedded/SoC/firstMicroBlaze/hw/micro_wrapper.xsa
TRACE::2022-09-02.17:04:07::SCWPlatform:: Unique name xilinx:basys3::0.0
TRACE::2022-09-02.17:04:07::SCWPlatform::Trying to set the existing hwdb with name micro_wrapper_0
TRACE::2022-09-02.17:04:07::SCWPlatform::Opened existing hwdb micro_wrapper_0
TRACE::2022-09-02.17:04:07::SCWPlatform::Found the Hw Db part of the input DSA
TRACE::2022-09-02.17:04:07::SCWMssOS::Checking the sw design at  C:/Studies/Embedded/SoC/firstMicroBlaze/microblaze_0/standalone_domain/bsp/system.mss
TRACE::2022-09-02.17:04:07::SCWMssOS::DEBUG:  swdes dump  C:/Studies/Embedded/SoC/firstMicroBlaze/microblaze_0/standalone_domain/bsp/system.mss|system||

TRACE::2022-09-02.17:04:07::SCWMssOS::Sw design exists and opened at  C:/Studies/Embedded/SoC/firstMicroBlaze/microblaze_0/standalone_domain/bsp/system.mss
TRACE::2022-09-02.17:04:07::SCWPlatform::Trying to open the hw design at C:/Studies/Embedded/SoC/firstMicroBlaze/hw/micro_wrapper.xsa
TRACE::2022-09-02.17:04:07::SCWPlatform::DSA given C:/Studies/Embedded/SoC/firstMicroBlaze/hw/micro_wrapper.xsa
TRACE::2022-09-02.17:04:07::SCWPlatform::DSA absoulate path C:/Studies/Embedded/SoC/firstMicroBlaze/hw/micro_wrapper.xsa
TRACE::2022-09-02.17:04:07::SCWPlatform::DSA directory C:/Studies/Embedded/SoC/firstMicroBlaze/hw
TRACE::2022-09-02.17:04:07::SCWPlatform:: Platform Path C:/Studies/Embedded/SoC/firstMicroBlaze/hw/micro_wrapper.xsa
TRACE::2022-09-02.17:04:07::SCWPlatform:: Unique name xilinx:basys3::0.0
TRACE::2022-09-02.17:04:07::SCWPlatform::Trying to set the existing hwdb with name micro_wrapper_0
TRACE::2022-09-02.17:04:07::SCWPlatform::Opened existing hwdb micro_wrapper_0
TRACE::2022-09-02.17:04:07::SCWPlatform::Found the Hw Db part of the input DSA
TRACE::2022-09-02.17:04:07::SCWMssOS::Checking the sw design at  C:/Studies/Embedded/SoC/firstMicroBlaze/microblaze_0/standalone_domain/bsp/system.mss
TRACE::2022-09-02.17:04:07::SCWMssOS::DEBUG:  swdes dump  C:/Studies/Embedded/SoC/firstMicroBlaze/microblaze_0/standalone_domain/bsp/system.mss|system||

TRACE::2022-09-02.17:04:07::SCWMssOS::Sw design exists and opened at  C:/Studies/Embedded/SoC/firstMicroBlaze/microblaze_0/standalone_domain/bsp/system.mss
TRACE::2022-09-02.17:04:07::SCWPlatform::Trying to open the hw design at C:/Studies/Embedded/SoC/firstMicroBlaze/hw/micro_wrapper.xsa
TRACE::2022-09-02.17:04:07::SCWPlatform::DSA given C:/Studies/Embedded/SoC/firstMicroBlaze/hw/micro_wrapper.xsa
TRACE::2022-09-02.17:04:07::SCWPlatform::DSA absoulate path C:/Studies/Embedded/SoC/firstMicroBlaze/hw/micro_wrapper.xsa
TRACE::2022-09-02.17:04:07::SCWPlatform::DSA directory C:/Studies/Embedded/SoC/firstMicroBlaze/hw
TRACE::2022-09-02.17:04:07::SCWPlatform:: Platform Path C:/Studies/Embedded/SoC/firstMicroBlaze/hw/micro_wrapper.xsa
TRACE::2022-09-02.17:04:07::SCWPlatform:: Unique name xilinx:basys3::0.0
TRACE::2022-09-02.17:04:07::SCWPlatform::Trying to set the existing hwdb with name micro_wrapper_0
TRACE::2022-09-02.17:04:07::SCWPlatform::Opened existing hwdb micro_wrapper_0
TRACE::2022-09-02.17:04:07::SCWPlatform::Found the Hw Db part of the input DSA
TRACE::2022-09-02.17:04:07::SCWMssOS::Checking the sw design at  C:/Studies/Embedded/SoC/firstMicroBlaze/microblaze_0/standalone_domain/bsp/system.mss
TRACE::2022-09-02.17:04:07::SCWMssOS::DEBUG:  swdes dump  C:/Studies/Embedded/SoC/firstMicroBlaze/microblaze_0/standalone_domain/bsp/system.mss|system||

TRACE::2022-09-02.17:04:07::SCWMssOS::Sw design exists and opened at  C:/Studies/Embedded/SoC/firstMicroBlaze/microblaze_0/standalone_domain/bsp/system.mss
TRACE::2022-09-02.17:04:07::SCWWriter::formatted JSON is {
	"platformName":	"firstMicroBlaze",
	"sprVersion":	"2.0",
	"mode":	"gui",
	"dsaType":	"Fixed",
	"platformDesc":	"firstMicroBlaze",
	"platHandOff":	"C:/Studies/micro_wrapper.xsa",
	"platIntHandOff":	"<platformDir>/hw/micro_wrapper.xsa",
	"deviceType":	"FPGA",
	"platIsPrebuiltAutogen":	"false",
	"platIsNoBootBsp":	"false",
	"hasFsblMakeHasChanges":	"false",
	"hasPmufwMakeHasChanges":	"false",
	"platPreBuiltFlag":	false,
	"platformSamplesDir":	"",
	"platActiveSys":	"firstMicroBlaze",
	"systems":	[{
			"systemName":	"firstMicroBlaze",
			"systemDesc":	"firstMicroBlaze",
			"sysIsBootAutoGen":	"true",
			"systemDispName":	"firstMicroBlaze",
			"sysActiveDom":	"standalone_domain",
			"sysDefaultDom":	"standalone_domain",
			"domains":	[{
					"domainName":	"standalone_domain",
					"domainDispName":	"standalone on microblaze_0",
					"domainDesc":	"standalone_domain",
					"processors":	"microblaze_0",
					"os":	"standalone",
					"sdxOs":	"standalone",
					"debugEnable":	"False",
					"domRuntimes":	["cpp"],
					"swRepo":	"",
					"mssOsVer":	"7.6",
					"mssFile":	"",
					"md5Digest":	"cf485b8ae5505c341d54cf882761de53",
					"compatibleApp":	"",
					"domType":	"mssDomain",
					"arch":	"32-bit",
					"appSettings":	{
						"appCompilerFlags":	"",
						"appLinkerFlags":	""
					},
					"addedLibs":	[],
					"libOptions":	{
						"libsContainingOptions":	[]
					},
					"prebuiltLibs":	{
						"prebuiltIncPath":	[],
						"prebuiltLibPath":	[]
					},
					"isolation":	{
					}
				}]
		}]
}
TRACE::2022-09-02.17:04:07::SCWPlatform::Clearing the existing platform
TRACE::2022-09-02.17:04:07::SCWSystem::Clearing the existing sysconfig
TRACE::2022-09-02.17:04:07::SCWMssOS::Removing the swdes entry for  C:/Studies/Embedded/SoC/firstMicroBlaze/microblaze_0/standalone_domain/bsp/system.mss
TRACE::2022-09-02.17:04:07::SCWSystem::Clearing the domains completed.
TRACE::2022-09-02.17:04:07::SCWPlatform::Clearing the opened hw db.
TRACE::2022-09-02.17:04:07::SCWPlatform::DSA given C:/Studies/Embedded/SoC/firstMicroBlaze/hw/micro_wrapper.xsa
TRACE::2022-09-02.17:04:07::SCWPlatform::DSA absoulate path C:/Studies/Embedded/SoC/firstMicroBlaze/hw/micro_wrapper.xsa
TRACE::2022-09-02.17:04:07::SCWPlatform:: Platform location is C:/Studies/Embedded/SoC/firstMicroBlaze/hw
TRACE::2022-09-02.17:04:07::SCWPlatform:: Platform Path C:/Studies/Embedded/SoC/firstMicroBlaze/hw/micro_wrapper.xsa
TRACE::2022-09-02.17:04:07::SCWPlatform:: Unique name xilinx:basys3::0.0
TRACE::2022-09-02.17:04:07::SCWPlatform::Removing the HwDB with name C:/Studies/Embedded/SoC/firstMicroBlaze/hw/micro_wrapper.xsa
TRACE::2022-09-02.17:04:07::SCWPlatform::Trying to open the hw design at C:/Studies/Embedded/SoC/firstMicroBlaze/hw/micro_wrapper.xsa
TRACE::2022-09-02.17:04:07::SCWPlatform::DSA given C:/Studies/Embedded/SoC/firstMicroBlaze/hw/micro_wrapper.xsa
TRACE::2022-09-02.17:04:07::SCWPlatform::DSA absoulate path C:/Studies/Embedded/SoC/firstMicroBlaze/hw/micro_wrapper.xsa
TRACE::2022-09-02.17:04:07::SCWPlatform::DSA directory C:/Studies/Embedded/SoC/firstMicroBlaze/hw
TRACE::2022-09-02.17:04:07::SCWPlatform:: Platform Path C:/Studies/Embedded/SoC/firstMicroBlaze/hw/micro_wrapper.xsa
TRACE::2022-09-02.17:04:07::SCWPlatform:: Unique name xilinx:basys3::0.0
TRACE::2022-09-02.17:04:07::SCWPlatform::Do not have an existing db opened. 
TRACE::2022-09-02.17:04:08::SCWPlatform::Opened new HwDB with name micro_wrapper_1
TRACE::2022-09-02.17:04:08::SCWReader::Active system found as  firstMicroBlaze
TRACE::2022-09-02.17:04:08::SCWReader::Handling sysconfig firstMicroBlaze
TRACE::2022-09-02.17:04:08::SCWDomain::checking for install qemu data   : 
TRACE::2022-09-02.17:04:08::SCWPlatform::Trying to open the hw design at C:/Studies/Embedded/SoC/firstMicroBlaze/hw/micro_wrapper.xsa
TRACE::2022-09-02.17:04:08::SCWPlatform::DSA given C:/Studies/Embedded/SoC/firstMicroBlaze/hw/micro_wrapper.xsa
TRACE::2022-09-02.17:04:08::SCWPlatform::DSA absoulate path C:/Studies/Embedded/SoC/firstMicroBlaze/hw/micro_wrapper.xsa
TRACE::2022-09-02.17:04:08::SCWPlatform::DSA directory C:/Studies/Embedded/SoC/firstMicroBlaze/hw
TRACE::2022-09-02.17:04:08::SCWPlatform:: Platform Path C:/Studies/Embedded/SoC/firstMicroBlaze/hw/micro_wrapper.xsa
TRACE::2022-09-02.17:04:08::SCWPlatform:: Unique name xilinx:basys3::0.0
TRACE::2022-09-02.17:04:08::SCWPlatform::Trying to set the existing hwdb with name micro_wrapper_1
TRACE::2022-09-02.17:04:08::SCWPlatform::Opened existing hwdb micro_wrapper_1
TRACE::2022-09-02.17:04:08::SCWPlatform::Found the Hw Db part of the input DSA
TRACE::2022-09-02.17:04:08::SCWPlatform::Trying to open the hw design at C:/Studies/Embedded/SoC/firstMicroBlaze/hw/micro_wrapper.xsa
TRACE::2022-09-02.17:04:08::SCWPlatform::DSA given C:/Studies/Embedded/SoC/firstMicroBlaze/hw/micro_wrapper.xsa
TRACE::2022-09-02.17:04:08::SCWPlatform::DSA absoulate path C:/Studies/Embedded/SoC/firstMicroBlaze/hw/micro_wrapper.xsa
TRACE::2022-09-02.17:04:08::SCWPlatform::DSA directory C:/Studies/Embedded/SoC/firstMicroBlaze/hw
TRACE::2022-09-02.17:04:08::SCWPlatform:: Platform Path C:/Studies/Embedded/SoC/firstMicroBlaze/hw/micro_wrapper.xsa
TRACE::2022-09-02.17:04:08::SCWPlatform:: Unique name xilinx:basys3::0.0
TRACE::2022-09-02.17:04:08::SCWPlatform::Trying to set the existing hwdb with name micro_wrapper_1
TRACE::2022-09-02.17:04:08::SCWPlatform::Opened existing hwdb micro_wrapper_1
TRACE::2022-09-02.17:04:08::SCWPlatform::Found the Hw Db part of the input DSA
TRACE::2022-09-02.17:04:08::SCWPlatform::Trying to open the hw design at C:/Studies/Embedded/SoC/firstMicroBlaze/hw/micro_wrapper.xsa
TRACE::2022-09-02.17:04:08::SCWPlatform::DSA given C:/Studies/Embedded/SoC/firstMicroBlaze/hw/micro_wrapper.xsa
TRACE::2022-09-02.17:04:08::SCWPlatform::DSA absoulate path C:/Studies/Embedded/SoC/firstMicroBlaze/hw/micro_wrapper.xsa
TRACE::2022-09-02.17:04:08::SCWPlatform::DSA directory C:/Studies/Embedded/SoC/firstMicroBlaze/hw
TRACE::2022-09-02.17:04:08::SCWPlatform:: Platform Path C:/Studies/Embedded/SoC/firstMicroBlaze/hw/micro_wrapper.xsa
TRACE::2022-09-02.17:04:08::SCWPlatform:: Unique name xilinx:basys3::0.0
TRACE::2022-09-02.17:04:08::SCWPlatform::Trying to set the existing hwdb with name micro_wrapper_1
TRACE::2022-09-02.17:04:08::SCWPlatform::Opened existing hwdb micro_wrapper_1
TRACE::2022-09-02.17:04:08::SCWPlatform::Found the Hw Db part of the input DSA
TRACE::2022-09-02.17:04:08::SCWPlatform::Trying to open the hw design at C:/Studies/Embedded/SoC/firstMicroBlaze/hw/micro_wrapper.xsa
TRACE::2022-09-02.17:04:08::SCWPlatform::DSA given C:/Studies/Embedded/SoC/firstMicroBlaze/hw/micro_wrapper.xsa
TRACE::2022-09-02.17:04:08::SCWPlatform::DSA absoulate path C:/Studies/Embedded/SoC/firstMicroBlaze/hw/micro_wrapper.xsa
TRACE::2022-09-02.17:04:08::SCWPlatform::DSA directory C:/Studies/Embedded/SoC/firstMicroBlaze/hw
TRACE::2022-09-02.17:04:08::SCWPlatform:: Platform Path C:/Studies/Embedded/SoC/firstMicroBlaze/hw/micro_wrapper.xsa
TRACE::2022-09-02.17:04:08::SCWPlatform:: Unique name xilinx:basys3::0.0
TRACE::2022-09-02.17:04:08::SCWPlatform::Trying to set the existing hwdb with name micro_wrapper_1
TRACE::2022-09-02.17:04:08::SCWPlatform::Opened existing hwdb micro_wrapper_1
TRACE::2022-09-02.17:04:08::SCWPlatform::Found the Hw Db part of the input DSA
TRACE::2022-09-02.17:04:08::SCWMssOS::Checking the sw design at  C:/Studies/Embedded/SoC/firstMicroBlaze/microblaze_0/standalone_domain/bsp/system.mss
TRACE::2022-09-02.17:04:08::SCWMssOS::DEBUG:  swdes dump  
TRACE::2022-09-02.17:04:08::SCWMssOS::No sw design opened at  C:/Studies/Embedded/SoC/firstMicroBlaze/microblaze_0/standalone_domain/bsp/system.mss
TRACE::2022-09-02.17:04:08::SCWMssOS::mss exists loading the mss file  C:/Studies/Embedded/SoC/firstMicroBlaze/microblaze_0/standalone_domain/bsp/system.mss
TRACE::2022-09-02.17:04:08::SCWMssOS::Opened the sw design from mss  C:/Studies/Embedded/SoC/firstMicroBlaze/microblaze_0/standalone_domain/bsp/system.mss
TRACE::2022-09-02.17:04:08::SCWMssOS::Adding the swdes entry C:/Studies/Embedded/SoC/firstMicroBlaze/microblaze_0/standalone_domain/bsp/system.mss with des name system
TRACE::2022-09-02.17:04:08::SCWMssOS::updating the scw layer about changes
TRACE::2022-09-02.17:04:08::SCWMssOS::Opened the sw design.  C:/Studies/Embedded/SoC/firstMicroBlaze/microblaze_0/standalone_domain/bsp/system.mss
TRACE::2022-09-02.17:04:08::SCWMssOS::Saving the mss changes C:/Studies/Embedded/SoC/firstMicroBlaze/microblaze_0/standalone_domain/bsp/system.mss
TRACE::2022-09-02.17:04:08::SCWMssOS::Found a swdesign opened with the mssfile.
TRACE::2022-09-02.17:04:08::SCWMssOS::Completed writemss as part of save.
TRACE::2022-09-02.17:04:08::SCWMssOS::Commit changes completed.
TRACE::2022-09-02.17:04:08::SCWReader::Adding prebuilt librarypaths as   
TRACE::2022-09-02.17:04:08::SCWReader::Adding prebuilt incpaths  as   
TRACE::2022-09-02.17:04:08::SCWPlatform::Trying to open the hw design at C:/Studies/Embedded/SoC/firstMicroBlaze/hw/micro_wrapper.xsa
TRACE::2022-09-02.17:04:08::SCWPlatform::DSA given C:/Studies/Embedded/SoC/firstMicroBlaze/hw/micro_wrapper.xsa
TRACE::2022-09-02.17:04:08::SCWPlatform::DSA absoulate path C:/Studies/Embedded/SoC/firstMicroBlaze/hw/micro_wrapper.xsa
TRACE::2022-09-02.17:04:08::SCWPlatform::DSA directory C:/Studies/Embedded/SoC/firstMicroBlaze/hw
TRACE::2022-09-02.17:04:08::SCWPlatform:: Platform Path C:/Studies/Embedded/SoC/firstMicroBlaze/hw/micro_wrapper.xsa
TRACE::2022-09-02.17:04:08::SCWPlatform:: Unique name xilinx:basys3::0.0
TRACE::2022-09-02.17:04:08::SCWPlatform::Trying to set the existing hwdb with name micro_wrapper_1
TRACE::2022-09-02.17:04:08::SCWPlatform::Opened existing hwdb micro_wrapper_1
TRACE::2022-09-02.17:04:08::SCWPlatform::Found the Hw Db part of the input DSA
TRACE::2022-09-02.17:04:08::SCWMssOS::Checking the sw design at  C:/Studies/Embedded/SoC/firstMicroBlaze/microblaze_0/standalone_domain/bsp/system.mss
TRACE::2022-09-02.17:04:08::SCWMssOS::DEBUG:  swdes dump  C:/Studies/Embedded/SoC/firstMicroBlaze/microblaze_0/standalone_domain/bsp/system.mss|system||

TRACE::2022-09-02.17:04:08::SCWMssOS::Sw design exists and opened at  C:/Studies/Embedded/SoC/firstMicroBlaze/microblaze_0/standalone_domain/bsp/system.mss
TRACE::2022-09-02.17:04:08::SCWReader::No isolation master present  
LOG::2022-09-02.17:22:09::SCWPlatform::Started generating the artifacts platform firstMicroBlaze
TRACE::2022-09-02.17:22:09::SCWPlatform::Sanity checking of platform is completed
LOG::2022-09-02.17:22:09::SCWPlatform::Started generating the artifacts for system configuration firstMicroBlaze
LOG::2022-09-02.17:22:09::SCWSystem::Checking the domain standalone_domain
LOG::2022-09-02.17:22:09::SCWSystem::Not a boot domain 
LOG::2022-09-02.17:22:09::SCWSystem::Started Processing the domain standalone_domain
TRACE::2022-09-02.17:22:09::SCWDomain::Generating domain artifcats
TRACE::2022-09-02.17:22:09::SCWMssOS::Generating standalone artifcats
TRACE::2022-09-02.17:22:09::SCWMssOS:: Copying the user libraries. 
TRACE::2022-09-02.17:22:09::SCWPlatform::Trying to open the hw design at C:/Studies/Embedded/SoC/firstMicroBlaze/hw/micro_wrapper.xsa
TRACE::2022-09-02.17:22:09::SCWPlatform::DSA given C:/Studies/Embedded/SoC/firstMicroBlaze/hw/micro_wrapper.xsa
TRACE::2022-09-02.17:22:09::SCWPlatform::DSA absoulate path C:/Studies/Embedded/SoC/firstMicroBlaze/hw/micro_wrapper.xsa
TRACE::2022-09-02.17:22:09::SCWPlatform::DSA directory C:/Studies/Embedded/SoC/firstMicroBlaze/hw
TRACE::2022-09-02.17:22:09::SCWPlatform:: Platform Path C:/Studies/Embedded/SoC/firstMicroBlaze/hw/micro_wrapper.xsa
TRACE::2022-09-02.17:22:09::SCWPlatform:: Unique name xilinx:basys3::0.0
TRACE::2022-09-02.17:22:09::SCWPlatform::Trying to set the existing hwdb with name micro_wrapper_1
TRACE::2022-09-02.17:22:09::SCWPlatform::Opened existing hwdb micro_wrapper_1
TRACE::2022-09-02.17:22:09::SCWPlatform::Found the Hw Db part of the input DSA
TRACE::2022-09-02.17:22:09::SCWMssOS::Checking the sw design at  C:/Studies/Embedded/SoC/firstMicroBlaze/microblaze_0/standalone_domain/bsp/system.mss
TRACE::2022-09-02.17:22:09::SCWMssOS::DEBUG:  swdes dump  C:/Studies/Embedded/SoC/firstMicroBlaze/microblaze_0/standalone_domain/bsp/system.mss|system||

TRACE::2022-09-02.17:22:09::SCWMssOS::Sw design exists and opened at  C:/Studies/Embedded/SoC/firstMicroBlaze/microblaze_0/standalone_domain/bsp/system.mss
TRACE::2022-09-02.17:22:09::SCWMssOS::Completed writing the mss file at C:/Studies/Embedded/SoC/firstMicroBlaze/microblaze_0/standalone_domain/bsp
TRACE::2022-09-02.17:22:09::SCWMssOS::Mss edits present, copying mssfile into export location C:/Studies/Embedded/SoC/firstMicroBlaze/microblaze_0/standalone_domain/bsp/system.mss
TRACE::2022-09-02.17:22:09::SCWMssOS::bsp generated is upto date with the mss file. Skipping bsp generation.
TRACE::2022-09-02.17:22:09::SCWMssOS::BSP is already built. skipping the bsp build ... 
TRACE::2022-09-02.17:22:09::SCWDomain::Building the domain as part of full build :  standalone_domain
TRACE::2022-09-02.17:22:09::SCWMssOS::doing bsp build ... 
TRACE::2022-09-02.17:22:09::SCWMssOS::System Command Ran  C: & cd  C:/Studies/Embedded/SoC/firstMicroBlaze/microblaze_0/standalone_domain/bsp & make 
TRACE::2022-09-02.17:22:09::SCWMssOS::make --no-print-directory seq_libs

TRACE::2022-09-02.17:22:09::SCWMssOS::"Running Make include in microblaze_0/libsrc/bram_v4_7/src"

TRACE::2022-09-02.17:22:09::SCWMssOS::make -C microblaze_0/libsrc/bram_v4_7/src -s include  "SHELL=CMD" "COMPILER=mb-gcc" "ASSEMBLER=mb-as" "ARCHIVER=mb-ar" "COMPILE
TRACE::2022-09-02.17:22:09::SCWMssOS::R_FLAGS=  -O2 -c -mcpu=v11.0 -mlittle-endian -mxl-soft-mul" "EXTRA_COMPILER_FLAGS=-g -ffunction-sections -fdata-sections -Wall 
TRACE::2022-09-02.17:22:09::SCWMssOS::-Wextra -fno-tree-loop-distribute-patterns"

TRACE::2022-09-02.17:22:09::SCWMssOS::"Running Make include in microblaze_0/libsrc/cpu_v2_14/src"

TRACE::2022-09-02.17:22:09::SCWMssOS::make -C microblaze_0/libsrc/cpu_v2_14/src -s include  "SHELL=CMD" "COMPILER=mb-gcc" "ASSEMBLER=mb-as" "ARCHIVER=mb-ar" "COMPILE
TRACE::2022-09-02.17:22:09::SCWMssOS::R_FLAGS=  -O2 -c -mcpu=v11.0 -mlittle-endian -mxl-soft-mul" "EXTRA_COMPILER_FLAGS=-g -ffunction-sections -fdata-sections -Wall 
TRACE::2022-09-02.17:22:09::SCWMssOS::-Wextra -fno-tree-loop-distribute-patterns"

TRACE::2022-09-02.17:22:09::SCWMssOS::"Running Make include in microblaze_0/libsrc/gpio_v4_8/src"

TRACE::2022-09-02.17:22:09::SCWMssOS::make -C microblaze_0/libsrc/gpio_v4_8/src -s include  "SHELL=CMD" "COMPILER=mb-gcc" "ASSEMBLER=mb-as" "ARCHIVER=mb-ar" "COMPILE
TRACE::2022-09-02.17:22:09::SCWMssOS::R_FLAGS=  -O2 -c -mcpu=v11.0 -mlittle-endian -mxl-soft-mul" "EXTRA_COMPILER_FLAGS=-g -ffunction-sections -fdata-sections -Wall 
TRACE::2022-09-02.17:22:09::SCWMssOS::-Wextra -fno-tree-loop-distribute-patterns"

TRACE::2022-09-02.17:22:10::SCWMssOS::"Running Make include in microblaze_0/libsrc/intc_v3_13/src"

TRACE::2022-09-02.17:22:10::SCWMssOS::make -C microblaze_0/libsrc/intc_v3_13/src -s include  "SHELL=CMD" "COMPILER=mb-gcc" "ASSEMBLER=mb-as" "ARCHIVER=mb-ar" "COMPIL
TRACE::2022-09-02.17:22:10::SCWMssOS::ER_FLAGS=  -O2 -c -mcpu=v11.0 -mlittle-endian -mxl-soft-mul" "EXTRA_COMPILER_FLAGS=-g -ffunction-sections -fdata-sections -Wall
TRACE::2022-09-02.17:22:10::SCWMssOS:: -Wextra -fno-tree-loop-distribute-patterns"

TRACE::2022-09-02.17:22:10::SCWMssOS::"Running Make include in microblaze_0/libsrc/myGPIO_v1_0/src"

TRACE::2022-09-02.17:22:10::SCWMssOS::make -C microblaze_0/libsrc/myGPIO_v1_0/src -s include  "SHELL=CMD" "COMPILER=mb-gcc" "ASSEMBLER=mb-as" "ARCHIVER=mb-ar" "COMPI
TRACE::2022-09-02.17:22:10::SCWMssOS::LER_FLAGS=  -O2 -c -mcpu=v11.0 -mlittle-endian -mxl-soft-mul" "EXTRA_COMPILER_FLAGS=-g -ffunction-sections -fdata-sections -Wal
TRACE::2022-09-02.17:22:10::SCWMssOS::l -Wextra -fno-tree-loop-distribute-patterns"

TRACE::2022-09-02.17:22:10::SCWMssOS::"Running Make include in microblaze_0/libsrc/standalone_v7_6/src"

TRACE::2022-09-02.17:22:10::SCWMssOS::make -C microblaze_0/libsrc/standalone_v7_6/src -s include  "SHELL=CMD" "COMPILER=mb-gcc" "ASSEMBLER=mb-as" "ARCHIVER=mb-ar" "C
TRACE::2022-09-02.17:22:10::SCWMssOS::OMPILER_FLAGS=  -O2 -c -mcpu=v11.0 -mlittle-endian -mxl-soft-mul" "EXTRA_COMPILER_FLAGS=-g -ffunction-sections -fdata-sections 
TRACE::2022-09-02.17:22:10::SCWMssOS::-Wall -Wextra -fno-tree-loop-distribute-patterns"

TRACE::2022-09-02.17:22:11::SCWMssOS::"Running Make include in microblaze_0/libsrc/uartlite_v3_6/src"

TRACE::2022-09-02.17:22:11::SCWMssOS::make -C microblaze_0/libsrc/uartlite_v3_6/src -s include  "SHELL=CMD" "COMPILER=mb-gcc" "ASSEMBLER=mb-as" "ARCHIVER=mb-ar" "COM
TRACE::2022-09-02.17:22:11::SCWMssOS::PILER_FLAGS=  -O2 -c -mcpu=v11.0 -mlittle-endian -mxl-soft-mul" "EXTRA_COMPILER_FLAGS=-g -ffunction-sections -fdata-sections -W
TRACE::2022-09-02.17:22:11::SCWMssOS::all -Wextra -fno-tree-loop-distribute-patterns"

TRACE::2022-09-02.17:22:11::SCWMssOS::"Running Make libs in microblaze_0/libsrc/myGPIO_v1_0/src"

TRACE::2022-09-02.17:22:11::SCWMssOS::make -C microblaze_0/libsrc/myGPIO_v1_0/src -s libs  "SHELL=CMD" "COMPILER=mb-gcc" "ASSEMBLER=mb-as" "ARCHIVER=mb-ar" "COMPILER
TRACE::2022-09-02.17:22:11::SCWMssOS::_FLAGS=  -O2 -c -mcpu=v11.0 -mlittle-endian -mxl-soft-mul" "EXTRA_COMPILER_FLAGS=-g -ffunction-sections -fdata-sections -Wall -
TRACE::2022-09-02.17:22:11::SCWMssOS::Wextra -fno-tree-loop-distribute-patterns"

TRACE::2022-09-02.17:22:11::SCWMssOS::"Compiling myGPIO..."

ERROR::2022-09-02.17:22:11::SCWMssOS::Failed to build  the bsp sources for domain - standalone_domain
ERROR::2022-09-02.17:22:11::SCWSystem::Error in Processing the domain standalone_domain
LOG::2022-09-02.17:30:04::SCWPlatform::Started generating the artifacts platform firstMicroBlaze
TRACE::2022-09-02.17:30:04::SCWPlatform::Sanity checking of platform is completed
LOG::2022-09-02.17:30:04::SCWPlatform::Started generating the artifacts for system configuration firstMicroBlaze
LOG::2022-09-02.17:30:04::SCWSystem::Checking the domain standalone_domain
LOG::2022-09-02.17:30:04::SCWSystem::Not a boot domain 
LOG::2022-09-02.17:30:04::SCWSystem::Started Processing the domain standalone_domain
TRACE::2022-09-02.17:30:04::SCWDomain::Generating domain artifcats
TRACE::2022-09-02.17:30:04::SCWMssOS::Generating standalone artifcats
TRACE::2022-09-02.17:30:04::SCWMssOS:: Copying the user libraries. 
TRACE::2022-09-02.17:30:04::SCWPlatform::Trying to open the hw design at C:/Studies/Embedded/SoC/firstMicroBlaze/hw/micro_wrapper.xsa
TRACE::2022-09-02.17:30:04::SCWPlatform::DSA given C:/Studies/Embedded/SoC/firstMicroBlaze/hw/micro_wrapper.xsa
TRACE::2022-09-02.17:30:04::SCWPlatform::DSA absoulate path C:/Studies/Embedded/SoC/firstMicroBlaze/hw/micro_wrapper.xsa
TRACE::2022-09-02.17:30:04::SCWPlatform::DSA directory C:/Studies/Embedded/SoC/firstMicroBlaze/hw
TRACE::2022-09-02.17:30:04::SCWPlatform:: Platform Path C:/Studies/Embedded/SoC/firstMicroBlaze/hw/micro_wrapper.xsa
TRACE::2022-09-02.17:30:04::SCWPlatform:: Unique name xilinx:basys3::0.0
TRACE::2022-09-02.17:30:04::SCWPlatform::Trying to set the existing hwdb with name micro_wrapper_1
TRACE::2022-09-02.17:30:04::SCWPlatform::Opened existing hwdb micro_wrapper_1
TRACE::2022-09-02.17:30:04::SCWPlatform::Found the Hw Db part of the input DSA
TRACE::2022-09-02.17:30:04::SCWMssOS::Checking the sw design at  C:/Studies/Embedded/SoC/firstMicroBlaze/microblaze_0/standalone_domain/bsp/system.mss
TRACE::2022-09-02.17:30:04::SCWMssOS::DEBUG:  swdes dump  C:/Studies/Embedded/SoC/firstMicroBlaze/microblaze_0/standalone_domain/bsp/system.mss|system||

TRACE::2022-09-02.17:30:04::SCWMssOS::Sw design exists and opened at  C:/Studies/Embedded/SoC/firstMicroBlaze/microblaze_0/standalone_domain/bsp/system.mss
TRACE::2022-09-02.17:30:04::SCWMssOS::Completed writing the mss file at C:/Studies/Embedded/SoC/firstMicroBlaze/microblaze_0/standalone_domain/bsp
TRACE::2022-09-02.17:30:04::SCWMssOS::Mss edits present, copying mssfile into export location C:/Studies/Embedded/SoC/firstMicroBlaze/microblaze_0/standalone_domain/bsp/system.mss
TRACE::2022-09-02.17:30:04::SCWMssOS::bsp generated is upto date with the mss file. Skipping bsp generation.
TRACE::2022-09-02.17:30:04::SCWMssOS::BSP is already built. skipping the bsp build ... 
TRACE::2022-09-02.17:30:04::SCWDomain::Building the domain as part of full build :  standalone_domain
TRACE::2022-09-02.17:30:04::SCWMssOS::doing bsp build ... 
TRACE::2022-09-02.17:30:04::SCWMssOS::System Command Ran  C: & cd  C:/Studies/Embedded/SoC/firstMicroBlaze/microblaze_0/standalone_domain/bsp & make 
TRACE::2022-09-02.17:30:04::SCWMssOS::make --no-print-directory seq_libs

TRACE::2022-09-02.17:30:04::SCWMssOS::"Running Make include in microblaze_0/libsrc/bram_v4_7/src"

TRACE::2022-09-02.17:30:04::SCWMssOS::make -C microblaze_0/libsrc/bram_v4_7/src -s include  "SHELL=CMD" "COMPILER=mb-gcc" "ASSEMBLER=mb-as" "ARCHIVER=mb-ar" "COMPILE
TRACE::2022-09-02.17:30:04::SCWMssOS::R_FLAGS=  -O2 -c -mcpu=v11.0 -mlittle-endian -mxl-soft-mul" "EXTRA_COMPILER_FLAGS=-g -ffunction-sections -fdata-sections -Wall 
TRACE::2022-09-02.17:30:04::SCWMssOS::-Wextra -fno-tree-loop-distribute-patterns"

TRACE::2022-09-02.17:30:04::SCWMssOS::"Running Make include in microblaze_0/libsrc/cpu_v2_14/src"

TRACE::2022-09-02.17:30:04::SCWMssOS::make -C microblaze_0/libsrc/cpu_v2_14/src -s include  "SHELL=CMD" "COMPILER=mb-gcc" "ASSEMBLER=mb-as" "ARCHIVER=mb-ar" "COMPILE
TRACE::2022-09-02.17:30:04::SCWMssOS::R_FLAGS=  -O2 -c -mcpu=v11.0 -mlittle-endian -mxl-soft-mul" "EXTRA_COMPILER_FLAGS=-g -ffunction-sections -fdata-sections -Wall 
TRACE::2022-09-02.17:30:04::SCWMssOS::-Wextra -fno-tree-loop-distribute-patterns"

TRACE::2022-09-02.17:30:04::SCWMssOS::"Running Make include in microblaze_0/libsrc/gpio_v4_8/src"

TRACE::2022-09-02.17:30:04::SCWMssOS::make -C microblaze_0/libsrc/gpio_v4_8/src -s include  "SHELL=CMD" "COMPILER=mb-gcc" "ASSEMBLER=mb-as" "ARCHIVER=mb-ar" "COMPILE
TRACE::2022-09-02.17:30:04::SCWMssOS::R_FLAGS=  -O2 -c -mcpu=v11.0 -mlittle-endian -mxl-soft-mul" "EXTRA_COMPILER_FLAGS=-g -ffunction-sections -fdata-sections -Wall 
TRACE::2022-09-02.17:30:04::SCWMssOS::-Wextra -fno-tree-loop-distribute-patterns"

TRACE::2022-09-02.17:30:04::SCWMssOS::"Running Make include in microblaze_0/libsrc/intc_v3_13/src"

TRACE::2022-09-02.17:30:04::SCWMssOS::make -C microblaze_0/libsrc/intc_v3_13/src -s include  "SHELL=CMD" "COMPILER=mb-gcc" "ASSEMBLER=mb-as" "ARCHIVER=mb-ar" "COMPIL
TRACE::2022-09-02.17:30:04::SCWMssOS::ER_FLAGS=  -O2 -c -mcpu=v11.0 -mlittle-endian -mxl-soft-mul" "EXTRA_COMPILER_FLAGS=-g -ffunction-sections -fdata-sections -Wall
TRACE::2022-09-02.17:30:04::SCWMssOS:: -Wextra -fno-tree-loop-distribute-patterns"

TRACE::2022-09-02.17:30:04::SCWMssOS::"Running Make include in microblaze_0/libsrc/myGPIO_v1_0/src"

TRACE::2022-09-02.17:30:04::SCWMssOS::make -C microblaze_0/libsrc/myGPIO_v1_0/src -s include  "SHELL=CMD" "COMPILER=mb-gcc" "ASSEMBLER=mb-as" "ARCHIVER=mb-ar" "COMPI
TRACE::2022-09-02.17:30:04::SCWMssOS::LER_FLAGS=  -O2 -c -mcpu=v11.0 -mlittle-endian -mxl-soft-mul" "EXTRA_COMPILER_FLAGS=-g -ffunction-sections -fdata-sections -Wal
TRACE::2022-09-02.17:30:04::SCWMssOS::l -Wextra -fno-tree-loop-distribute-patterns"

TRACE::2022-09-02.17:30:04::SCWMssOS::"Running Make include in microblaze_0/libsrc/standalone_v7_6/src"

TRACE::2022-09-02.17:30:04::SCWMssOS::make -C microblaze_0/libsrc/standalone_v7_6/src -s include  "SHELL=CMD" "COMPILER=mb-gcc" "ASSEMBLER=mb-as" "ARCHIVER=mb-ar" "C
TRACE::2022-09-02.17:30:04::SCWMssOS::OMPILER_FLAGS=  -O2 -c -mcpu=v11.0 -mlittle-endian -mxl-soft-mul" "EXTRA_COMPILER_FLAGS=-g -ffunction-sections -fdata-sections 
TRACE::2022-09-02.17:30:04::SCWMssOS::-Wall -Wextra -fno-tree-loop-distribute-patterns"

TRACE::2022-09-02.17:30:05::SCWMssOS::"Running Make include in microblaze_0/libsrc/uartlite_v3_6/src"

TRACE::2022-09-02.17:30:05::SCWMssOS::make -C microblaze_0/libsrc/uartlite_v3_6/src -s include  "SHELL=CMD" "COMPILER=mb-gcc" "ASSEMBLER=mb-as" "ARCHIVER=mb-ar" "COM
TRACE::2022-09-02.17:30:05::SCWMssOS::PILER_FLAGS=  -O2 -c -mcpu=v11.0 -mlittle-endian -mxl-soft-mul" "EXTRA_COMPILER_FLAGS=-g -ffunction-sections -fdata-sections -W
TRACE::2022-09-02.17:30:05::SCWMssOS::all -Wextra -fno-tree-loop-distribute-patterns"

TRACE::2022-09-02.17:30:05::SCWMssOS::"Running Make libs in microblaze_0/libsrc/myGPIO_v1_0/src"

TRACE::2022-09-02.17:30:05::SCWMssOS::make -C microblaze_0/libsrc/myGPIO_v1_0/src -s libs  "SHELL=CMD" "COMPILER=mb-gcc" "ASSEMBLER=mb-as" "ARCHIVER=mb-ar" "COMPILER
TRACE::2022-09-02.17:30:05::SCWMssOS::_FLAGS=  -O2 -c -mcpu=v11.0 -mlittle-endian -mxl-soft-mul" "EXTRA_COMPILER_FLAGS=-g -ffunction-sections -fdata-sections -Wall -
TRACE::2022-09-02.17:30:05::SCWMssOS::Wextra -fno-tree-loop-distribute-patterns"

TRACE::2022-09-02.17:30:05::SCWMssOS::"Compiling myGPIO..."

ERROR::2022-09-02.17:30:05::SCWMssOS::Failed to build  the bsp sources for domain - standalone_domain
ERROR::2022-09-02.17:30:05::SCWSystem::Error in Processing the domain standalone_domain
