
*** Running vivado
    with args -log sonic.vds -m64 -product Vivado -mode batch -messageDb vivado.pb -notrace -source sonic.tcl



****** Vivado v2021.2 (64-bit)
  **** SW Build 3367213 on Tue Oct 19 02:48:09 MDT 2021
  **** IP Build 3369179 on Thu Oct 21 08:25:16 MDT 2021
    ** Copyright 1986-2021 Xilinx, Inc. All Rights Reserved.

source sonic.tcl -notrace
Command: read_checkpoint -auto_incremental -incremental C:/Studies/FPGA/practice/test/ultraSonic/ultraSonic.srcs/utils_1/imports/synth_1/sonic.dcp
INFO: [Vivado 12-5825] Read reference checkpoint from C:/Studies/FPGA/practice/test/ultraSonic/ultraSonic.srcs/utils_1/imports/synth_1/sonic.dcp for incremental synthesis
INFO: [Vivado 12-7989] Please ensure there are no constraint changes
Command: synth_design -top sonic -part xc7a35tcpg236-1
Starting synth_design
Attempting to get a license for feature 'Synthesis' and/or device 'xc7a35t'
INFO: [Common 17-349] Got license for feature 'Synthesis' and/or device 'xc7a35t'
INFO: [Device 21-403] Loading part xc7a35tcpg236-1
WARNING: [Designutils 20-4072] Reference run did not run incremental synthesis because the design is too small; reverting to default synthesis
INFO: [Designutils 20-4379] Flow is switching to default flow due to incremental criteria not met. If you would like to alter this behaviour and have the flow terminate instead, please set the following parameter config_implementation {autoIncr.Synth.RejectBehavior Terminate}
INFO: [Synth 8-7079] Multithreading enabled for synth_design using a maximum of 2 processes.
INFO: [Synth 8-7078] Launching helper process for spawning children vivado processes
INFO: [Synth 8-7075] Helper process launched with PID 18648
---------------------------------------------------------------------------------
Starting RTL Elaboration : Time (s): cpu = 00:00:05 ; elapsed = 00:00:05 . Memory (MB): peak = 1253.203 ; gain = 0.000
---------------------------------------------------------------------------------
WARNING: [Synth 8-2551] possible infinite loop; process does not have a wait statement [C:/Studies/FPGA/practice/test/ultraSonic/ultraSonic.srcs/sources_1/new/sonic.vhd:79]
WARNING: [Synth 8-2551] possible infinite loop; process does not have a wait statement [C:/Studies/FPGA/practice/test/ultraSonic/ultraSonic.srcs/sources_1/new/sonic.vhd:196]
WARNING: [Synth 8-2551] possible infinite loop; process does not have a wait statement [C:/Studies/FPGA/practice/test/ultraSonic/ultraSonic.srcs/sources_1/new/sonic.vhd:218]
WARNING: [Synth 8-2551] possible infinite loop; process does not have a wait statement [C:/Studies/FPGA/practice/test/ultraSonic/ultraSonic.srcs/sources_1/new/sonic.vhd:241]
INFO: [Synth 8-638] synthesizing module 'sonic' [C:/Studies/FPGA/practice/test/ultraSonic/ultraSonic.srcs/sources_1/new/sonic.vhd:50]
INFO: [Synth 8-3491] module 'clkSetup' declared at 'C:/Studies/FPGA/practice/test/ultraSonic/ultraSonic.runs/synth_1/.Xil/Vivado-11300-DESKTOP-E5S1MHN/realtime/clkSetup_stub.vhdl:5' bound to instance 'i_clock' of component 'clkSetup' [C:/Studies/FPGA/practice/test/ultraSonic/ultraSonic.srcs/sources_1/new/sonic.vhd:66]
INFO: [Synth 8-638] synthesizing module 'clkSetup' [C:/Studies/FPGA/practice/test/ultraSonic/ultraSonic.runs/synth_1/.Xil/Vivado-11300-DESKTOP-E5S1MHN/realtime/clkSetup_stub.vhdl:16]
INFO: [Synth 8-256] done synthesizing module 'sonic' (1#1) [C:/Studies/FPGA/practice/test/ultraSonic/ultraSonic.srcs/sources_1/new/sonic.vhd:50]
WARNING: [Synth 8-7129] Port sw[13] in module sonic is either unconnected or has no load
WARNING: [Synth 8-7129] Port sw[12] in module sonic is either unconnected or has no load
WARNING: [Synth 8-7129] Port sw[11] in module sonic is either unconnected or has no load
WARNING: [Synth 8-7129] Port sw[10] in module sonic is either unconnected or has no load
WARNING: [Synth 8-7129] Port sw[9] in module sonic is either unconnected or has no load
WARNING: [Synth 8-7129] Port sw[8] in module sonic is either unconnected or has no load
WARNING: [Synth 8-7129] Port sw[7] in module sonic is either unconnected or has no load
WARNING: [Synth 8-7129] Port sw[6] in module sonic is either unconnected or has no load
WARNING: [Synth 8-7129] Port sw[5] in module sonic is either unconnected or has no load
WARNING: [Synth 8-7129] Port sw[4] in module sonic is either unconnected or has no load
WARNING: [Synth 8-7129] Port sw[3] in module sonic is either unconnected or has no load
WARNING: [Synth 8-7129] Port sw[2] in module sonic is either unconnected or has no load
WARNING: [Synth 8-7129] Port sw[1] in module sonic is either unconnected or has no load
WARNING: [Synth 8-7129] Port sw[0] in module sonic is either unconnected or has no load
WARNING: [Synth 8-7129] Port btnD in module sonic is either unconnected or has no load
WARNING: [Synth 8-7129] Port btnL in module sonic is either unconnected or has no load
WARNING: [Synth 8-7129] Port btnR in module sonic is either unconnected or has no load
---------------------------------------------------------------------------------
Finished RTL Elaboration : Time (s): cpu = 00:00:06 ; elapsed = 00:00:06 . Memory (MB): peak = 1253.203 ; gain = 0.000
---------------------------------------------------------------------------------
---------------------------------------------------------------------------------
Start Handling Custom Attributes
---------------------------------------------------------------------------------
---------------------------------------------------------------------------------
Finished Handling Custom Attributes : Time (s): cpu = 00:00:07 ; elapsed = 00:00:07 . Memory (MB): peak = 1253.203 ; gain = 0.000
---------------------------------------------------------------------------------
---------------------------------------------------------------------------------
Finished RTL Optimization Phase 1 : Time (s): cpu = 00:00:07 ; elapsed = 00:00:07 . Memory (MB): peak = 1253.203 ; gain = 0.000
---------------------------------------------------------------------------------
Netlist sorting complete. Time (s): cpu = 00:00:00 ; elapsed = 00:00:00.004 . Memory (MB): peak = 1253.203 ; gain = 0.000
INFO: [Project 1-570] Preparing netlist for logic optimization

Processing XDC Constraints
Initializing timing engine
Parsing XDC File [c:/Studies/FPGA/practice/test/ultraSonic/ultraSonic.gen/sources_1/ip/clkSetup/clkSetup/clkSetup_in_context.xdc] for cell 'i_clock'
Finished Parsing XDC File [c:/Studies/FPGA/practice/test/ultraSonic/ultraSonic.gen/sources_1/ip/clkSetup/clkSetup/clkSetup_in_context.xdc] for cell 'i_clock'
Parsing XDC File [C:/Studies/FPGA/practice/test/ultraSonic/ultraSonic.srcs/constrs_1/imports/new/top.xdc]
WARNING: [Vivado 12-584] No ports matched 'osc'. [C:/Studies/FPGA/practice/test/ultraSonic/ultraSonic.srcs/constrs_1/imports/new/top.xdc:10]
WARNING: [Vivado 12-584] No ports matched 'an[0]'. [C:/Studies/FPGA/practice/test/ultraSonic/ultraSonic.srcs/constrs_1/imports/new/top.xdc:101]
WARNING: [Vivado 12-584] No ports matched 'an[0]'. [C:/Studies/FPGA/practice/test/ultraSonic/ultraSonic.srcs/constrs_1/imports/new/top.xdc:102]
WARNING: [Vivado 12-584] No ports matched 'an[1]'. [C:/Studies/FPGA/practice/test/ultraSonic/ultraSonic.srcs/constrs_1/imports/new/top.xdc:103]
WARNING: [Vivado 12-584] No ports matched 'an[1]'. [C:/Studies/FPGA/practice/test/ultraSonic/ultraSonic.srcs/constrs_1/imports/new/top.xdc:104]
WARNING: [Vivado 12-584] No ports matched 'an[2]'. [C:/Studies/FPGA/practice/test/ultraSonic/ultraSonic.srcs/constrs_1/imports/new/top.xdc:105]
WARNING: [Vivado 12-584] No ports matched 'an[2]'. [C:/Studies/FPGA/practice/test/ultraSonic/ultraSonic.srcs/constrs_1/imports/new/top.xdc:106]
WARNING: [Vivado 12-584] No ports matched 'an[3]'. [C:/Studies/FPGA/practice/test/ultraSonic/ultraSonic.srcs/constrs_1/imports/new/top.xdc:107]
WARNING: [Vivado 12-584] No ports matched 'an[3]'. [C:/Studies/FPGA/practice/test/ultraSonic/ultraSonic.srcs/constrs_1/imports/new/top.xdc:108]
WARNING: [Vivado 12-584] No ports matched 'ctrl[0]'. [C:/Studies/FPGA/practice/test/ultraSonic/ultraSonic.srcs/constrs_1/imports/new/top.xdc:155]
WARNING: [Vivado 12-584] No ports matched 'ctrl[0]'. [C:/Studies/FPGA/practice/test/ultraSonic/ultraSonic.srcs/constrs_1/imports/new/top.xdc:156]
WARNING: [Vivado 12-584] No ports matched 'ctrl[1]'. [C:/Studies/FPGA/practice/test/ultraSonic/ultraSonic.srcs/constrs_1/imports/new/top.xdc:158]
WARNING: [Vivado 12-584] No ports matched 'ctrl[1]'. [C:/Studies/FPGA/practice/test/ultraSonic/ultraSonic.srcs/constrs_1/imports/new/top.xdc:159]
WARNING: [Vivado 12-584] No ports matched 'ctrl[2]'. [C:/Studies/FPGA/practice/test/ultraSonic/ultraSonic.srcs/constrs_1/imports/new/top.xdc:161]
WARNING: [Vivado 12-584] No ports matched 'ctrl[2]'. [C:/Studies/FPGA/practice/test/ultraSonic/ultraSonic.srcs/constrs_1/imports/new/top.xdc:162]
WARNING: [Vivado 12-584] No ports matched 'aom'. [C:/Studies/FPGA/practice/test/ultraSonic/ultraSonic.srcs/constrs_1/imports/new/top.xdc:164]
WARNING: [Vivado 12-584] No ports matched 'aom'. [C:/Studies/FPGA/practice/test/ultraSonic/ultraSonic.srcs/constrs_1/imports/new/top.xdc:165]
WARNING: [Vivado 12-584] No ports matched 'aom'. [C:/Studies/FPGA/practice/test/ultraSonic/ultraSonic.srcs/constrs_1/imports/new/top.xdc:166]
WARNING: [Vivado 12-584] No ports matched 'aom'. [C:/Studies/FPGA/practice/test/ultraSonic/ultraSonic.srcs/constrs_1/imports/new/top.xdc:167]
WARNING: [Vivado 12-584] No ports matched 'oscTest'. [C:/Studies/FPGA/practice/test/ultraSonic/ultraSonic.srcs/constrs_1/imports/new/top.xdc:175]
WARNING: [Vivado 12-584] No ports matched 'oscTest'. [C:/Studies/FPGA/practice/test/ultraSonic/ultraSonic.srcs/constrs_1/imports/new/top.xdc:176]
WARNING: [Vivado 12-584] No ports matched 'oscTest'. [C:/Studies/FPGA/practice/test/ultraSonic/ultraSonic.srcs/constrs_1/imports/new/top.xdc:177]
WARNING: [Vivado 12-584] No ports matched 'oscTest'. [C:/Studies/FPGA/practice/test/ultraSonic/ultraSonic.srcs/constrs_1/imports/new/top.xdc:178]
WARNING: [Vivado 12-584] No ports matched 'modLockTest'. [C:/Studies/FPGA/practice/test/ultraSonic/ultraSonic.srcs/constrs_1/imports/new/top.xdc:187]
WARNING: [Vivado 12-584] No ports matched 'modLockTest'. [C:/Studies/FPGA/practice/test/ultraSonic/ultraSonic.srcs/constrs_1/imports/new/top.xdc:188]
WARNING: [Vivado 12-584] No ports matched 'modLockTest'. [C:/Studies/FPGA/practice/test/ultraSonic/ultraSonic.srcs/constrs_1/imports/new/top.xdc:189]
WARNING: [Vivado 12-584] No ports matched 'modLockTest'. [C:/Studies/FPGA/practice/test/ultraSonic/ultraSonic.srcs/constrs_1/imports/new/top.xdc:190]
WARNING: [Vivado 12-584] No ports matched 'osc'. [C:/Studies/FPGA/practice/test/ultraSonic/ultraSonic.srcs/constrs_1/imports/new/top.xdc:195]
WARNING: [Vivado 12-584] No ports matched 'osc'. [C:/Studies/FPGA/practice/test/ultraSonic/ultraSonic.srcs/constrs_1/imports/new/top.xdc:196]
Finished Parsing XDC File [C:/Studies/FPGA/practice/test/ultraSonic/ultraSonic.srcs/constrs_1/imports/new/top.xdc]
WARNING: [Project 1-498] One or more constraints failed evaluation while reading constraint file [C:/Studies/FPGA/practice/test/ultraSonic/ultraSonic.srcs/constrs_1/imports/new/top.xdc] and the design contains unresolved black boxes. These constraints will be read post-synthesis (as long as their source constraint file is marked as used_in_implementation) and should be applied correctly then. You should review the constraints listed in the file [.Xil/sonic_propImpl.xdc] and check the run log file to verify that these constraints were correctly applied.
INFO: [Project 1-236] Implementation specific constraints were found while reading constraint file [C:/Studies/FPGA/practice/test/ultraSonic/ultraSonic.srcs/constrs_1/imports/new/top.xdc]. These constraints will be ignored for synthesis but will be used in implementation. Impacted constraints are listed in the file [.Xil/sonic_propImpl.xdc].
Resolution: To avoid this warning, move constraints listed in [.Xil/sonic_propImpl.xdc] to another XDC file and exclude this new file from synthesis with the used_in_synthesis property (File Properties dialog in GUI) and re-run elaboration/synthesis.
Completed Processing XDC Constraints

Netlist sorting complete. Time (s): cpu = 00:00:00 ; elapsed = 00:00:00 . Memory (MB): peak = 1253.203 ; gain = 0.000
INFO: [Project 1-111] Unisim Transformation Summary:
No Unisim elements were transformed.

Constraint Validation Runtime : Time (s): cpu = 00:00:00 ; elapsed = 00:00:00.004 . Memory (MB): peak = 1253.203 ; gain = 0.000
WARNING: [Designutils 20-4072] Reference run did not run incremental synthesis because the design is too small; reverting to default synthesis
INFO: [Designutils 20-4379] Flow is switching to default flow due to incremental criteria not met. If you would like to alter this behaviour and have the flow terminate instead, please set the following parameter config_implementation {autoIncr.Synth.RejectBehavior Terminate}
---------------------------------------------------------------------------------
Finished Constraint Validation : Time (s): cpu = 00:00:14 ; elapsed = 00:00:15 . Memory (MB): peak = 1253.203 ; gain = 0.000
---------------------------------------------------------------------------------
---------------------------------------------------------------------------------
Start Loading Part and Timing Information
---------------------------------------------------------------------------------
Loading part: xc7a35tcpg236-1
---------------------------------------------------------------------------------
Finished Loading Part and Timing Information : Time (s): cpu = 00:00:14 ; elapsed = 00:00:15 . Memory (MB): peak = 1253.203 ; gain = 0.000
---------------------------------------------------------------------------------
---------------------------------------------------------------------------------
Start Applying 'set_property' XDC Constraints
---------------------------------------------------------------------------------
Applied set_property IO_BUFFER_TYPE = NONE for clk. (constraint file  c:/Studies/FPGA/practice/test/ultraSonic/ultraSonic.gen/sources_1/ip/clkSetup/clkSetup/clkSetup_in_context.xdc, line 5).
Applied set_property CLOCK_BUFFER_TYPE = NONE for clk. (constraint file  c:/Studies/FPGA/practice/test/ultraSonic/ultraSonic.gen/sources_1/ip/clkSetup/clkSetup/clkSetup_in_context.xdc, line 6).
Applied set_property KEEP_HIERARCHY = SOFT for i_clock. (constraint file  auto generated constraint).
---------------------------------------------------------------------------------
Finished applying 'set_property' XDC Constraints : Time (s): cpu = 00:00:14 ; elapsed = 00:00:15 . Memory (MB): peak = 1253.203 ; gain = 0.000
---------------------------------------------------------------------------------
---------------------------------------------------------------------------------
Finished RTL Optimization Phase 2 : Time (s): cpu = 00:00:15 ; elapsed = 00:00:15 . Memory (MB): peak = 1253.203 ; gain = 0.000
---------------------------------------------------------------------------------
---------------------------------------------------------------------------------
Start RTL Component Statistics 
---------------------------------------------------------------------------------
Detailed RTL Component Info : 
+---Adders : 
	   2 Input   32 Bit       Adders := 3     
+---Registers : 
	               16 Bit    Registers := 1     
	                4 Bit    Registers := 1     
+---Muxes : 
	   2 Input    4 Bit        Muxes := 1     
	  15 Input    4 Bit        Muxes := 1     
	   2 Input    1 Bit        Muxes := 2     
	  15 Input    1 Bit        Muxes := 1     
---------------------------------------------------------------------------------
Finished RTL Component Statistics 
---------------------------------------------------------------------------------
---------------------------------------------------------------------------------
Start Part Resource Summary
---------------------------------------------------------------------------------
Part Resources:
DSPs: 90 (col length:60)
BRAMs: 100 (col length: RAMB18 60 RAMB36 30)
---------------------------------------------------------------------------------
Finished Part Resource Summary
---------------------------------------------------------------------------------
---------------------------------------------------------------------------------
Start Cross Boundary and Area Optimization
---------------------------------------------------------------------------------
WARNING: [Synth 8-7080] Parallel synthesis criteria is not met
WARNING: [Synth 8-7129] Port sw[13] in module sonic is either unconnected or has no load
WARNING: [Synth 8-7129] Port sw[12] in module sonic is either unconnected or has no load
WARNING: [Synth 8-7129] Port sw[11] in module sonic is either unconnected or has no load
WARNING: [Synth 8-7129] Port sw[10] in module sonic is either unconnected or has no load
WARNING: [Synth 8-7129] Port sw[9] in module sonic is either unconnected or has no load
WARNING: [Synth 8-7129] Port sw[8] in module sonic is either unconnected or has no load
WARNING: [Synth 8-7129] Port sw[7] in module sonic is either unconnected or has no load
WARNING: [Synth 8-7129] Port sw[6] in module sonic is either unconnected or has no load
WARNING: [Synth 8-7129] Port sw[5] in module sonic is either unconnected or has no load
WARNING: [Synth 8-7129] Port sw[4] in module sonic is either unconnected or has no load
WARNING: [Synth 8-7129] Port sw[3] in module sonic is either unconnected or has no load
WARNING: [Synth 8-7129] Port sw[2] in module sonic is either unconnected or has no load
WARNING: [Synth 8-7129] Port sw[1] in module sonic is either unconnected or has no load
WARNING: [Synth 8-7129] Port sw[0] in module sonic is either unconnected or has no load
WARNING: [Synth 8-7129] Port btnD in module sonic is either unconnected or has no load
WARNING: [Synth 8-7129] Port btnL in module sonic is either unconnected or has no load
WARNING: [Synth 8-7129] Port btnR in module sonic is either unconnected or has no load
---------------------------------------------------------------------------------
Finished Cross Boundary and Area Optimization : Time (s): cpu = 00:00:17 ; elapsed = 00:00:17 . Memory (MB): peak = 1253.203 ; gain = 0.000
---------------------------------------------------------------------------------
---------------------------------------------------------------------------------
Start Applying XDC Timing Constraints
---------------------------------------------------------------------------------
---------------------------------------------------------------------------------
Finished Applying XDC Timing Constraints : Time (s): cpu = 00:00:23 ; elapsed = 00:00:23 . Memory (MB): peak = 1253.203 ; gain = 0.000
---------------------------------------------------------------------------------
---------------------------------------------------------------------------------
Start Timing Optimization
---------------------------------------------------------------------------------
---------------------------------------------------------------------------------
Finished Timing Optimization : Time (s): cpu = 00:00:23 ; elapsed = 00:00:24 . Memory (MB): peak = 1253.203 ; gain = 0.000
---------------------------------------------------------------------------------
---------------------------------------------------------------------------------
Start Technology Mapping
---------------------------------------------------------------------------------
---------------------------------------------------------------------------------
Finished Technology Mapping : Time (s): cpu = 00:00:23 ; elapsed = 00:00:24 . Memory (MB): peak = 1253.203 ; gain = 0.000
---------------------------------------------------------------------------------
---------------------------------------------------------------------------------
Start IO Insertion
---------------------------------------------------------------------------------
---------------------------------------------------------------------------------
Start Flattening Before IO Insertion
---------------------------------------------------------------------------------
---------------------------------------------------------------------------------
Finished Flattening Before IO Insertion
---------------------------------------------------------------------------------
---------------------------------------------------------------------------------
Start Final Netlist Cleanup
---------------------------------------------------------------------------------
---------------------------------------------------------------------------------
Finished Final Netlist Cleanup
---------------------------------------------------------------------------------
---------------------------------------------------------------------------------
Finished IO Insertion : Time (s): cpu = 00:00:28 ; elapsed = 00:00:29 . Memory (MB): peak = 1253.203 ; gain = 0.000
---------------------------------------------------------------------------------
---------------------------------------------------------------------------------
Start Renaming Generated Instances
---------------------------------------------------------------------------------
---------------------------------------------------------------------------------
Finished Renaming Generated Instances : Time (s): cpu = 00:00:28 ; elapsed = 00:00:29 . Memory (MB): peak = 1253.203 ; gain = 0.000
---------------------------------------------------------------------------------
---------------------------------------------------------------------------------
Start Rebuilding User Hierarchy
---------------------------------------------------------------------------------
---------------------------------------------------------------------------------
Finished Rebuilding User Hierarchy : Time (s): cpu = 00:00:28 ; elapsed = 00:00:29 . Memory (MB): peak = 1253.203 ; gain = 0.000
---------------------------------------------------------------------------------
---------------------------------------------------------------------------------
Start Renaming Generated Ports
---------------------------------------------------------------------------------
---------------------------------------------------------------------------------
Finished Renaming Generated Ports : Time (s): cpu = 00:00:28 ; elapsed = 00:00:29 . Memory (MB): peak = 1253.203 ; gain = 0.000
---------------------------------------------------------------------------------
---------------------------------------------------------------------------------
Start Handling Custom Attributes
---------------------------------------------------------------------------------
---------------------------------------------------------------------------------
Finished Handling Custom Attributes : Time (s): cpu = 00:00:28 ; elapsed = 00:00:29 . Memory (MB): peak = 1253.203 ; gain = 0.000
---------------------------------------------------------------------------------
---------------------------------------------------------------------------------
Start Renaming Generated Nets
---------------------------------------------------------------------------------
---------------------------------------------------------------------------------
Finished Renaming Generated Nets : Time (s): cpu = 00:00:28 ; elapsed = 00:00:29 . Memory (MB): peak = 1253.203 ; gain = 0.000
---------------------------------------------------------------------------------
---------------------------------------------------------------------------------
Start Writing Synthesis Report
---------------------------------------------------------------------------------

Report BlackBoxes: 
+------+--------------+----------+
|      |BlackBox name |Instances |
+------+--------------+----------+
|1     |clkSetup      |         1|
+------+--------------+----------+

Report Cell Usage: 
+------+--------------+------+
|      |Cell          |Count |
+------+--------------+------+
|1     |clkSetup_bbox |     1|
|2     |CARRY4        |   136|
|3     |LUT1          |    53|
|4     |LUT2          |   416|
|5     |LUT3          |     2|
|6     |LUT4          |    12|
|7     |LUT5          |     4|
|8     |LUT6          |    25|
|9     |FDCE          |    32|
|10    |FDPE          |     4|
|11    |FDRE          |    97|
|12    |FDSE          |     2|
|13    |IBUF          |     5|
|14    |OBUF          |    10|
|15    |OBUFT         |    15|
+------+--------------+------+
---------------------------------------------------------------------------------
Finished Writing Synthesis Report : Time (s): cpu = 00:00:28 ; elapsed = 00:00:29 . Memory (MB): peak = 1253.203 ; gain = 0.000
---------------------------------------------------------------------------------
Synthesis finished with 0 errors, 0 critical warnings and 18 warnings.
Synthesis Optimization Runtime : Time (s): cpu = 00:00:19 ; elapsed = 00:00:26 . Memory (MB): peak = 1253.203 ; gain = 0.000
Synthesis Optimization Complete : Time (s): cpu = 00:00:28 ; elapsed = 00:00:29 . Memory (MB): peak = 1253.203 ; gain = 0.000
INFO: [Project 1-571] Translating synthesized netlist
Netlist sorting complete. Time (s): cpu = 00:00:00 ; elapsed = 00:00:00.011 . Memory (MB): peak = 1253.203 ; gain = 0.000
INFO: [Netlist 29-17] Analyzing 136 Unisim elements for replacement
INFO: [Netlist 29-28] Unisim Transformation completed in 0 CPU seconds
INFO: [Project 1-570] Preparing netlist for logic optimization
INFO: [Opt 31-138] Pushed 0 inverter(s) to 0 load pin(s).
Netlist sorting complete. Time (s): cpu = 00:00:00 ; elapsed = 00:00:00 . Memory (MB): peak = 1254.070 ; gain = 0.000
INFO: [Project 1-111] Unisim Transformation Summary:
No Unisim elements were transformed.

Synth Design complete, checksum: d359297f
INFO: [Common 17-83] Releasing license: Synthesis
23 Infos, 71 Warnings, 0 Critical Warnings and 0 Errors encountered.
synth_design completed successfully
synth_design: Time (s): cpu = 00:00:33 ; elapsed = 00:00:34 . Memory (MB): peak = 1254.070 ; gain = 0.867
INFO: [Common 17-1381] The checkpoint 'C:/Studies/FPGA/practice/test/ultraSonic/ultraSonic.runs/synth_1/sonic.dcp' has been generated.
INFO: [runtcl-4] Executing : report_utilization -file sonic_utilization_synth.rpt -pb sonic_utilization_synth.pb
INFO: [Common 17-206] Exiting Vivado at Fri Aug  5 13:26:29 2022...
