Copyright 1986-2021 Xilinx, Inc. All Rights Reserved.
------------------------------------------------------------------------------------------------------------------------------------------------------------------------------
| Tool Version : Vivado v.2021.2 (win64) Build 3367213 Tue Oct 19 02:48:09 MDT 2021
| Date         : Mon Sep  5 10:18:48 2022
| Host         : DESKTOP-E5S1MHN running 64-bit major release  (build 9200)
| Command      : report_drc -file microBlazeWithSecond_wrapper_drc_routed.rpt -pb microBlazeWithSecond_wrapper_drc_routed.pb -rpx microBlazeWithSecond_wrapper_drc_routed.rpx
| Design       : microBlazeWithSecond_wrapper
| Device       : xc7a35tcpg236-1
| Speed File   : -1
| Design State : Fully Routed
------------------------------------------------------------------------------------------------------------------------------------------------------------------------------

Report DRC

Table of Contents
-----------------
1. REPORT SUMMARY
2. REPORT DETAILS

1. REPORT SUMMARY
-----------------
            Netlist: netlist
          Floorplan: design_1
      Design limits: <entire design considered>
           Ruledeck: default
             Max violations: <unlimited>
             Violations found: 1
+----------+----------+-------------------+------------+
| Rule     | Severity | Description       | Violations |
+----------+----------+-------------------+------------+
| PDRC-153 | Warning  | Gated clock check | 1          |
+----------+----------+-------------------+------------+

2. REPORT DETAILS
-----------------
PDRC-153#1 Warning
Gated clock check  
Net microBlazeWithSecond_i/mySecondIP_0/U0/mySecondIP_v1_0_S00_AXI_inst/ledOut_reg[15]_i_1_n_0 is a gated clock net sourced by a combinational pin microBlazeWithSecond_i/mySecondIP_0/U0/mySecondIP_v1_0_S00_AXI_inst/ledOut_reg[15]_i_1/O, cell microBlazeWithSecond_i/mySecondIP_0/U0/mySecondIP_v1_0_S00_AXI_inst/ledOut_reg[15]_i_1. This is not good design practice and will likely impact performance. For SLICE registers, for example, use the CE pin to control the loading of data.
Related violations: <none>


