
*** Running vivado
    with args -log microBlazeWithFirst_myFirstIP_0_0.vds -m64 -product Vivado -mode batch -messageDb vivado.pb -notrace -source microBlazeWithFirst_myFirstIP_0_0.tcl



****** Vivado v2021.2 (64-bit)
  **** SW Build 3367213 on Tue Oct 19 02:48:09 MDT 2021
  **** IP Build 3369179 on Thu Oct 21 08:25:16 MDT 2021
    ** Copyright 1986-2021 Xilinx, Inc. All Rights Reserved.

source microBlazeWithFirst_myFirstIP_0_0.tcl -notrace
create_project: Time (s): cpu = 00:00:05 ; elapsed = 00:00:07 . Memory (MB): peak = 1332.035 ; gain = 0.000
INFO: [IP_Flow 19-234] Refreshing IP repositories
INFO: [IP_Flow 19-1700] Loaded user IP repository 'c:/Studies/Embedded/FPGA/BasicToAdvanced/ip_repo/mySecondIP_1.0'.
INFO: [IP_Flow 19-1700] Loaded user IP repository 'c:/Studies/Embedded/FPGA/BasicToAdvanced/ip_repo/myFirstIP_1.0'.
INFO: [IP_Flow 19-2313] Loaded Vivado IP repository 'C:/Xilinx/Vivado/2021.2/data/ip'.
Command: synth_design -top microBlazeWithFirst_myFirstIP_0_0 -part xc7a35tcpg236-1 -mode out_of_context
Starting synth_design
Attempting to get a license for feature 'Synthesis' and/or device 'xc7a35t'
INFO: [Common 17-349] Got license for feature 'Synthesis' and/or device 'xc7a35t'
INFO: [Device 21-403] Loading part xc7a35tcpg236-1
INFO: [Synth 8-7079] Multithreading enabled for synth_design using a maximum of 2 processes.
INFO: [Synth 8-7078] Launching helper process for spawning children vivado processes
INFO: [Synth 8-7075] Helper process launched with PID 15652
---------------------------------------------------------------------------------
Starting RTL Elaboration : Time (s): cpu = 00:00:09 ; elapsed = 00:00:09 . Memory (MB): peak = 1332.035 ; gain = 0.000
---------------------------------------------------------------------------------
INFO: [Synth 8-638] synthesizing module 'microBlazeWithFirst_myFirstIP_0_0' [c:/Studies/Embedded/FPGA/BasicToAdvanced/microBlaze/microBlaze.gen/sources_1/bd/microBlazeWithFirst/ip/microBlazeWithFirst_myFirstIP_0_0/synth/microBlazeWithFirst_myFirstIP_0_0.vhd:83]
	Parameter C_S00_AXI_DATA_WIDTH bound to: 32 - type: integer 
	Parameter C_S00_AXI_ADDR_WIDTH bound to: 4 - type: integer 
INFO: [Synth 8-3491] module 'myFirstIP_v1_0' declared at 'c:/Studies/Embedded/FPGA/BasicToAdvanced/microBlaze/microBlaze.gen/sources_1/bd/microBlazeWithFirst/ipshared/8c17/hdl/myFirstIP_v1_0.vhd:5' bound to instance 'U0' of component 'myFirstIP_v1_0' [c:/Studies/Embedded/FPGA/BasicToAdvanced/microBlaze/microBlaze.gen/sources_1/bd/microBlazeWithFirst/ip/microBlazeWithFirst_myFirstIP_0_0/synth/microBlazeWithFirst_myFirstIP_0_0.vhd:150]
INFO: [Synth 8-638] synthesizing module 'myFirstIP_v1_0' [c:/Studies/Embedded/FPGA/BasicToAdvanced/microBlaze/microBlaze.gen/sources_1/bd/microBlazeWithFirst/ipshared/8c17/hdl/myFirstIP_v1_0.vhd:49]
	Parameter C_S_AXI_DATA_WIDTH bound to: 32 - type: integer 
	Parameter C_S_AXI_ADDR_WIDTH bound to: 4 - type: integer 
INFO: [Synth 8-3491] module 'myFirstIP_v1_0_S00_AXI' declared at 'c:/Studies/Embedded/FPGA/BasicToAdvanced/microBlaze/microBlaze.gen/sources_1/bd/microBlazeWithFirst/ipshared/8c17/hdl/myFirstIP_v1_0_S00_AXI.vhd:5' bound to instance 'myFirstIP_v1_0_S00_AXI_inst' of component 'myFirstIP_v1_0_S00_AXI' [c:/Studies/Embedded/FPGA/BasicToAdvanced/microBlaze/microBlaze.gen/sources_1/bd/microBlazeWithFirst/ipshared/8c17/hdl/myFirstIP_v1_0.vhd:86]
INFO: [Synth 8-638] synthesizing module 'myFirstIP_v1_0_S00_AXI' [c:/Studies/Embedded/FPGA/BasicToAdvanced/microBlaze/microBlaze.gen/sources_1/bd/microBlazeWithFirst/ipshared/8c17/hdl/myFirstIP_v1_0_S00_AXI.vhd:86]
INFO: [Synth 8-226] default block is never used [c:/Studies/Embedded/FPGA/BasicToAdvanced/microBlaze/microBlaze.gen/sources_1/bd/microBlazeWithFirst/ipshared/8c17/hdl/myFirstIP_v1_0_S00_AXI.vhd:224]
INFO: [Synth 8-226] default block is never used [c:/Studies/Embedded/FPGA/BasicToAdvanced/microBlaze/microBlaze.gen/sources_1/bd/microBlazeWithFirst/ipshared/8c17/hdl/myFirstIP_v1_0_S00_AXI.vhd:354]
WARNING: [Synth 8-6014] Unused sequential element loc_addr_reg was removed.  [c:/Studies/Embedded/FPGA/BasicToAdvanced/microBlaze/microBlaze.gen/sources_1/bd/microBlazeWithFirst/ipshared/8c17/hdl/myFirstIP_v1_0_S00_AXI.vhd:222]
INFO: [Synth 8-256] done synthesizing module 'myFirstIP_v1_0_S00_AXI' (1#1) [c:/Studies/Embedded/FPGA/BasicToAdvanced/microBlaze/microBlaze.gen/sources_1/bd/microBlazeWithFirst/ipshared/8c17/hdl/myFirstIP_v1_0_S00_AXI.vhd:86]
INFO: [Synth 8-256] done synthesizing module 'myFirstIP_v1_0' (2#1) [c:/Studies/Embedded/FPGA/BasicToAdvanced/microBlaze/microBlaze.gen/sources_1/bd/microBlazeWithFirst/ipshared/8c17/hdl/myFirstIP_v1_0.vhd:49]
INFO: [Synth 8-256] done synthesizing module 'microBlazeWithFirst_myFirstIP_0_0' (3#1) [c:/Studies/Embedded/FPGA/BasicToAdvanced/microBlaze/microBlaze.gen/sources_1/bd/microBlazeWithFirst/ip/microBlazeWithFirst_myFirstIP_0_0/synth/microBlazeWithFirst_myFirstIP_0_0.vhd:83]
WARNING: [Synth 8-7129] Port S_AXI_AWPROT[2] in module myFirstIP_v1_0_S00_AXI is either unconnected or has no load
WARNING: [Synth 8-7129] Port S_AXI_AWPROT[1] in module myFirstIP_v1_0_S00_AXI is either unconnected or has no load
WARNING: [Synth 8-7129] Port S_AXI_AWPROT[0] in module myFirstIP_v1_0_S00_AXI is either unconnected or has no load
WARNING: [Synth 8-7129] Port S_AXI_ARPROT[2] in module myFirstIP_v1_0_S00_AXI is either unconnected or has no load
WARNING: [Synth 8-7129] Port S_AXI_ARPROT[1] in module myFirstIP_v1_0_S00_AXI is either unconnected or has no load
WARNING: [Synth 8-7129] Port S_AXI_ARPROT[0] in module myFirstIP_v1_0_S00_AXI is either unconnected or has no load
---------------------------------------------------------------------------------
Finished RTL Elaboration : Time (s): cpu = 00:00:11 ; elapsed = 00:00:11 . Memory (MB): peak = 1332.035 ; gain = 0.000
---------------------------------------------------------------------------------
---------------------------------------------------------------------------------
Start Handling Custom Attributes
---------------------------------------------------------------------------------
---------------------------------------------------------------------------------
Finished Handling Custom Attributes : Time (s): cpu = 00:00:12 ; elapsed = 00:00:12 . Memory (MB): peak = 1332.035 ; gain = 0.000
---------------------------------------------------------------------------------
---------------------------------------------------------------------------------
Finished RTL Optimization Phase 1 : Time (s): cpu = 00:00:12 ; elapsed = 00:00:12 . Memory (MB): peak = 1332.035 ; gain = 0.000
---------------------------------------------------------------------------------
Netlist sorting complete. Time (s): cpu = 00:00:00 ; elapsed = 00:00:00.008 . Memory (MB): peak = 1332.035 ; gain = 0.000
INFO: [Project 1-570] Preparing netlist for logic optimization

Processing XDC Constraints
Initializing timing engine
Completed Processing XDC Constraints

Netlist sorting complete. Time (s): cpu = 00:00:00 ; elapsed = 00:00:00 . Memory (MB): peak = 1332.035 ; gain = 0.000
INFO: [Project 1-111] Unisim Transformation Summary:
No Unisim elements were transformed.

Constraint Validation Runtime : Time (s): cpu = 00:00:00 ; elapsed = 00:00:00.033 . Memory (MB): peak = 1332.035 ; gain = 0.000
---------------------------------------------------------------------------------
Finished Constraint Validation : Time (s): cpu = 00:00:22 ; elapsed = 00:00:23 . Memory (MB): peak = 1332.035 ; gain = 0.000
---------------------------------------------------------------------------------
---------------------------------------------------------------------------------
Start Loading Part and Timing Information
---------------------------------------------------------------------------------
Loading part: xc7a35tcpg236-1
---------------------------------------------------------------------------------
Finished Loading Part and Timing Information : Time (s): cpu = 00:00:22 ; elapsed = 00:00:23 . Memory (MB): peak = 1332.035 ; gain = 0.000
---------------------------------------------------------------------------------
---------------------------------------------------------------------------------
Start Applying 'set_property' XDC Constraints
---------------------------------------------------------------------------------
---------------------------------------------------------------------------------
Finished applying 'set_property' XDC Constraints : Time (s): cpu = 00:00:23 ; elapsed = 00:00:23 . Memory (MB): peak = 1332.035 ; gain = 0.000
---------------------------------------------------------------------------------
---------------------------------------------------------------------------------
Finished RTL Optimization Phase 2 : Time (s): cpu = 00:00:23 ; elapsed = 00:00:24 . Memory (MB): peak = 1332.035 ; gain = 0.000
---------------------------------------------------------------------------------
---------------------------------------------------------------------------------
Start RTL Component Statistics 
---------------------------------------------------------------------------------
Detailed RTL Component Info : 
+---Registers : 
	               32 Bit    Registers := 4     
	               16 Bit    Registers := 1     
	                4 Bit    Registers := 2     
	                2 Bit    Registers := 2     
	                1 Bit    Registers := 6     
+---Muxes : 
	   2 Input   32 Bit        Muxes := 4     
	   4 Input   32 Bit        Muxes := 5     
	   2 Input    1 Bit        Muxes := 5     
---------------------------------------------------------------------------------
Finished RTL Component Statistics 
---------------------------------------------------------------------------------
---------------------------------------------------------------------------------
Start Part Resource Summary
---------------------------------------------------------------------------------
Part Resources:
DSPs: 90 (col length:60)
BRAMs: 100 (col length: RAMB18 60 RAMB36 30)
---------------------------------------------------------------------------------
Finished Part Resource Summary
---------------------------------------------------------------------------------
---------------------------------------------------------------------------------
Start Cross Boundary and Area Optimization
---------------------------------------------------------------------------------
WARNING: [Synth 8-7080] Parallel synthesis criteria is not met
WARNING: [Synth 8-7129] Port s00_axi_awprot[2] in module microBlazeWithFirst_myFirstIP_0_0 is either unconnected or has no load
WARNING: [Synth 8-7129] Port s00_axi_awprot[1] in module microBlazeWithFirst_myFirstIP_0_0 is either unconnected or has no load
WARNING: [Synth 8-7129] Port s00_axi_awprot[0] in module microBlazeWithFirst_myFirstIP_0_0 is either unconnected or has no load
WARNING: [Synth 8-7129] Port s00_axi_arprot[2] in module microBlazeWithFirst_myFirstIP_0_0 is either unconnected or has no load
WARNING: [Synth 8-7129] Port s00_axi_arprot[1] in module microBlazeWithFirst_myFirstIP_0_0 is either unconnected or has no load
WARNING: [Synth 8-7129] Port s00_axi_arprot[0] in module microBlazeWithFirst_myFirstIP_0_0 is either unconnected or has no load
CRITICAL WARNING: [Synth 8-6859] multi-driven net on pin Q with 1st driver pin 'U0/myFirstIP_v1_0_S00_AXI_inst/axi_rdata_reg[31]/Q' [c:/Studies/Embedded/FPGA/BasicToAdvanced/microBlaze/microBlaze.gen/sources_1/bd/microBlazeWithFirst/ipshared/8c17/hdl/myFirstIP_v1_0_S00_AXI.vhd:392]
CRITICAL WARNING: [Synth 8-6859] multi-driven net on pin Q with 2nd driver pin 'GND' [c:/Studies/Embedded/FPGA/BasicToAdvanced/microBlaze/microBlaze.gen/sources_1/bd/microBlazeWithFirst/ipshared/8c17/hdl/myFirstIP_v1_0_S00_AXI.vhd:392]
CRITICAL WARNING: [Synth 8-6858] multi-driven net Q is connected to at least one constant driver which has been preserved, other driver is ignored [c:/Studies/Embedded/FPGA/BasicToAdvanced/microBlaze/microBlaze.gen/sources_1/bd/microBlazeWithFirst/ipshared/8c17/hdl/myFirstIP_v1_0_S00_AXI.vhd:392]
CRITICAL WARNING: [Synth 8-6859] multi-driven net on pin Q with 1st driver pin 'U0/myFirstIP_v1_0_S00_AXI_inst/axi_rdata_reg[30]/Q' [c:/Studies/Embedded/FPGA/BasicToAdvanced/microBlaze/microBlaze.gen/sources_1/bd/microBlazeWithFirst/ipshared/8c17/hdl/myFirstIP_v1_0_S00_AXI.vhd:392]
CRITICAL WARNING: [Synth 8-6859] multi-driven net on pin Q with 2nd driver pin 'GND' [c:/Studies/Embedded/FPGA/BasicToAdvanced/microBlaze/microBlaze.gen/sources_1/bd/microBlazeWithFirst/ipshared/8c17/hdl/myFirstIP_v1_0_S00_AXI.vhd:392]
CRITICAL WARNING: [Synth 8-6858] multi-driven net Q is connected to at least one constant driver which has been preserved, other driver is ignored [c:/Studies/Embedded/FPGA/BasicToAdvanced/microBlaze/microBlaze.gen/sources_1/bd/microBlazeWithFirst/ipshared/8c17/hdl/myFirstIP_v1_0_S00_AXI.vhd:392]
CRITICAL WARNING: [Synth 8-6859] multi-driven net on pin Q with 1st driver pin 'U0/myFirstIP_v1_0_S00_AXI_inst/axi_rdata_reg[29]/Q' [c:/Studies/Embedded/FPGA/BasicToAdvanced/microBlaze/microBlaze.gen/sources_1/bd/microBlazeWithFirst/ipshared/8c17/hdl/myFirstIP_v1_0_S00_AXI.vhd:392]
CRITICAL WARNING: [Synth 8-6859] multi-driven net on pin Q with 2nd driver pin 'GND' [c:/Studies/Embedded/FPGA/BasicToAdvanced/microBlaze/microBlaze.gen/sources_1/bd/microBlazeWithFirst/ipshared/8c17/hdl/myFirstIP_v1_0_S00_AXI.vhd:392]
CRITICAL WARNING: [Synth 8-6858] multi-driven net Q is connected to at least one constant driver which has been preserved, other driver is ignored [c:/Studies/Embedded/FPGA/BasicToAdvanced/microBlaze/microBlaze.gen/sources_1/bd/microBlazeWithFirst/ipshared/8c17/hdl/myFirstIP_v1_0_S00_AXI.vhd:392]
CRITICAL WARNING: [Synth 8-6859] multi-driven net on pin Q with 1st driver pin 'U0/myFirstIP_v1_0_S00_AXI_inst/axi_rdata_reg[28]/Q' [c:/Studies/Embedded/FPGA/BasicToAdvanced/microBlaze/microBlaze.gen/sources_1/bd/microBlazeWithFirst/ipshared/8c17/hdl/myFirstIP_v1_0_S00_AXI.vhd:392]
CRITICAL WARNING: [Synth 8-6859] multi-driven net on pin Q with 2nd driver pin 'GND' [c:/Studies/Embedded/FPGA/BasicToAdvanced/microBlaze/microBlaze.gen/sources_1/bd/microBlazeWithFirst/ipshared/8c17/hdl/myFirstIP_v1_0_S00_AXI.vhd:392]
CRITICAL WARNING: [Synth 8-6858] multi-driven net Q is connected to at least one constant driver which has been preserved, other driver is ignored [c:/Studies/Embedded/FPGA/BasicToAdvanced/microBlaze/microBlaze.gen/sources_1/bd/microBlazeWithFirst/ipshared/8c17/hdl/myFirstIP_v1_0_S00_AXI.vhd:392]
CRITICAL WARNING: [Synth 8-6859] multi-driven net on pin Q with 1st driver pin 'U0/myFirstIP_v1_0_S00_AXI_inst/axi_rdata_reg[27]/Q' [c:/Studies/Embedded/FPGA/BasicToAdvanced/microBlaze/microBlaze.gen/sources_1/bd/microBlazeWithFirst/ipshared/8c17/hdl/myFirstIP_v1_0_S00_AXI.vhd:392]
CRITICAL WARNING: [Synth 8-6859] multi-driven net on pin Q with 2nd driver pin 'GND' [c:/Studies/Embedded/FPGA/BasicToAdvanced/microBlaze/microBlaze.gen/sources_1/bd/microBlazeWithFirst/ipshared/8c17/hdl/myFirstIP_v1_0_S00_AXI.vhd:392]
CRITICAL WARNING: [Synth 8-6858] multi-driven net Q is connected to at least one constant driver which has been preserved, other driver is ignored [c:/Studies/Embedded/FPGA/BasicToAdvanced/microBlaze/microBlaze.gen/sources_1/bd/microBlazeWithFirst/ipshared/8c17/hdl/myFirstIP_v1_0_S00_AXI.vhd:392]
CRITICAL WARNING: [Synth 8-6859] multi-driven net on pin Q with 1st driver pin 'U0/myFirstIP_v1_0_S00_AXI_inst/axi_rdata_reg[26]/Q' [c:/Studies/Embedded/FPGA/BasicToAdvanced/microBlaze/microBlaze.gen/sources_1/bd/microBlazeWithFirst/ipshared/8c17/hdl/myFirstIP_v1_0_S00_AXI.vhd:392]
CRITICAL WARNING: [Synth 8-6859] multi-driven net on pin Q with 2nd driver pin 'GND' [c:/Studies/Embedded/FPGA/BasicToAdvanced/microBlaze/microBlaze.gen/sources_1/bd/microBlazeWithFirst/ipshared/8c17/hdl/myFirstIP_v1_0_S00_AXI.vhd:392]
CRITICAL WARNING: [Synth 8-6858] multi-driven net Q is connected to at least one constant driver which has been preserved, other driver is ignored [c:/Studies/Embedded/FPGA/BasicToAdvanced/microBlaze/microBlaze.gen/sources_1/bd/microBlazeWithFirst/ipshared/8c17/hdl/myFirstIP_v1_0_S00_AXI.vhd:392]
CRITICAL WARNING: [Synth 8-6859] multi-driven net on pin Q with 1st driver pin 'U0/myFirstIP_v1_0_S00_AXI_inst/axi_rdata_reg[25]/Q' [c:/Studies/Embedded/FPGA/BasicToAdvanced/microBlaze/microBlaze.gen/sources_1/bd/microBlazeWithFirst/ipshared/8c17/hdl/myFirstIP_v1_0_S00_AXI.vhd:392]
CRITICAL WARNING: [Synth 8-6859] multi-driven net on pin Q with 2nd driver pin 'GND' [c:/Studies/Embedded/FPGA/BasicToAdvanced/microBlaze/microBlaze.gen/sources_1/bd/microBlazeWithFirst/ipshared/8c17/hdl/myFirstIP_v1_0_S00_AXI.vhd:392]
CRITICAL WARNING: [Synth 8-6858] multi-driven net Q is connected to at least one constant driver which has been preserved, other driver is ignored [c:/Studies/Embedded/FPGA/BasicToAdvanced/microBlaze/microBlaze.gen/sources_1/bd/microBlazeWithFirst/ipshared/8c17/hdl/myFirstIP_v1_0_S00_AXI.vhd:392]
CRITICAL WARNING: [Synth 8-6859] multi-driven net on pin Q with 1st driver pin 'U0/myFirstIP_v1_0_S00_AXI_inst/axi_rdata_reg[24]/Q' [c:/Studies/Embedded/FPGA/BasicToAdvanced/microBlaze/microBlaze.gen/sources_1/bd/microBlazeWithFirst/ipshared/8c17/hdl/myFirstIP_v1_0_S00_AXI.vhd:392]
CRITICAL WARNING: [Synth 8-6859] multi-driven net on pin Q with 2nd driver pin 'GND' [c:/Studies/Embedded/FPGA/BasicToAdvanced/microBlaze/microBlaze.gen/sources_1/bd/microBlazeWithFirst/ipshared/8c17/hdl/myFirstIP_v1_0_S00_AXI.vhd:392]
CRITICAL WARNING: [Synth 8-6858] multi-driven net Q is connected to at least one constant driver which has been preserved, other driver is ignored [c:/Studies/Embedded/FPGA/BasicToAdvanced/microBlaze/microBlaze.gen/sources_1/bd/microBlazeWithFirst/ipshared/8c17/hdl/myFirstIP_v1_0_S00_AXI.vhd:392]
CRITICAL WARNING: [Synth 8-6859] multi-driven net on pin Q with 1st driver pin 'U0/myFirstIP_v1_0_S00_AXI_inst/axi_rdata_reg[23]/Q' [c:/Studies/Embedded/FPGA/BasicToAdvanced/microBlaze/microBlaze.gen/sources_1/bd/microBlazeWithFirst/ipshared/8c17/hdl/myFirstIP_v1_0_S00_AXI.vhd:392]
CRITICAL WARNING: [Synth 8-6859] multi-driven net on pin Q with 2nd driver pin 'GND' [c:/Studies/Embedded/FPGA/BasicToAdvanced/microBlaze/microBlaze.gen/sources_1/bd/microBlazeWithFirst/ipshared/8c17/hdl/myFirstIP_v1_0_S00_AXI.vhd:392]
CRITICAL WARNING: [Synth 8-6858] multi-driven net Q is connected to at least one constant driver which has been preserved, other driver is ignored [c:/Studies/Embedded/FPGA/BasicToAdvanced/microBlaze/microBlaze.gen/sources_1/bd/microBlazeWithFirst/ipshared/8c17/hdl/myFirstIP_v1_0_S00_AXI.vhd:392]
CRITICAL WARNING: [Synth 8-6859] multi-driven net on pin Q with 1st driver pin 'U0/myFirstIP_v1_0_S00_AXI_inst/axi_rdata_reg[22]/Q' [c:/Studies/Embedded/FPGA/BasicToAdvanced/microBlaze/microBlaze.gen/sources_1/bd/microBlazeWithFirst/ipshared/8c17/hdl/myFirstIP_v1_0_S00_AXI.vhd:392]
CRITICAL WARNING: [Synth 8-6859] multi-driven net on pin Q with 2nd driver pin 'GND' [c:/Studies/Embedded/FPGA/BasicToAdvanced/microBlaze/microBlaze.gen/sources_1/bd/microBlazeWithFirst/ipshared/8c17/hdl/myFirstIP_v1_0_S00_AXI.vhd:392]
CRITICAL WARNING: [Synth 8-6858] multi-driven net Q is connected to at least one constant driver which has been preserved, other driver is ignored [c:/Studies/Embedded/FPGA/BasicToAdvanced/microBlaze/microBlaze.gen/sources_1/bd/microBlazeWithFirst/ipshared/8c17/hdl/myFirstIP_v1_0_S00_AXI.vhd:392]
CRITICAL WARNING: [Synth 8-6859] multi-driven net on pin Q with 1st driver pin 'U0/myFirstIP_v1_0_S00_AXI_inst/axi_rdata_reg[21]/Q' [c:/Studies/Embedded/FPGA/BasicToAdvanced/microBlaze/microBlaze.gen/sources_1/bd/microBlazeWithFirst/ipshared/8c17/hdl/myFirstIP_v1_0_S00_AXI.vhd:392]
CRITICAL WARNING: [Synth 8-6859] multi-driven net on pin Q with 2nd driver pin 'GND' [c:/Studies/Embedded/FPGA/BasicToAdvanced/microBlaze/microBlaze.gen/sources_1/bd/microBlazeWithFirst/ipshared/8c17/hdl/myFirstIP_v1_0_S00_AXI.vhd:392]
CRITICAL WARNING: [Synth 8-6858] multi-driven net Q is connected to at least one constant driver which has been preserved, other driver is ignored [c:/Studies/Embedded/FPGA/BasicToAdvanced/microBlaze/microBlaze.gen/sources_1/bd/microBlazeWithFirst/ipshared/8c17/hdl/myFirstIP_v1_0_S00_AXI.vhd:392]
CRITICAL WARNING: [Synth 8-6859] multi-driven net on pin Q with 1st driver pin 'U0/myFirstIP_v1_0_S00_AXI_inst/axi_rdata_reg[20]/Q' [c:/Studies/Embedded/FPGA/BasicToAdvanced/microBlaze/microBlaze.gen/sources_1/bd/microBlazeWithFirst/ipshared/8c17/hdl/myFirstIP_v1_0_S00_AXI.vhd:392]
CRITICAL WARNING: [Synth 8-6859] multi-driven net on pin Q with 2nd driver pin 'GND' [c:/Studies/Embedded/FPGA/BasicToAdvanced/microBlaze/microBlaze.gen/sources_1/bd/microBlazeWithFirst/ipshared/8c17/hdl/myFirstIP_v1_0_S00_AXI.vhd:392]
CRITICAL WARNING: [Synth 8-6858] multi-driven net Q is connected to at least one constant driver which has been preserved, other driver is ignored [c:/Studies/Embedded/FPGA/BasicToAdvanced/microBlaze/microBlaze.gen/sources_1/bd/microBlazeWithFirst/ipshared/8c17/hdl/myFirstIP_v1_0_S00_AXI.vhd:392]
CRITICAL WARNING: [Synth 8-6859] multi-driven net on pin Q with 1st driver pin 'U0/myFirstIP_v1_0_S00_AXI_inst/axi_rdata_reg[19]/Q' [c:/Studies/Embedded/FPGA/BasicToAdvanced/microBlaze/microBlaze.gen/sources_1/bd/microBlazeWithFirst/ipshared/8c17/hdl/myFirstIP_v1_0_S00_AXI.vhd:392]
CRITICAL WARNING: [Synth 8-6859] multi-driven net on pin Q with 2nd driver pin 'GND' [c:/Studies/Embedded/FPGA/BasicToAdvanced/microBlaze/microBlaze.gen/sources_1/bd/microBlazeWithFirst/ipshared/8c17/hdl/myFirstIP_v1_0_S00_AXI.vhd:392]
CRITICAL WARNING: [Synth 8-6858] multi-driven net Q is connected to at least one constant driver which has been preserved, other driver is ignored [c:/Studies/Embedded/FPGA/BasicToAdvanced/microBlaze/microBlaze.gen/sources_1/bd/microBlazeWithFirst/ipshared/8c17/hdl/myFirstIP_v1_0_S00_AXI.vhd:392]
CRITICAL WARNING: [Synth 8-6859] multi-driven net on pin Q with 1st driver pin 'U0/myFirstIP_v1_0_S00_AXI_inst/axi_rdata_reg[18]/Q' [c:/Studies/Embedded/FPGA/BasicToAdvanced/microBlaze/microBlaze.gen/sources_1/bd/microBlazeWithFirst/ipshared/8c17/hdl/myFirstIP_v1_0_S00_AXI.vhd:392]
CRITICAL WARNING: [Synth 8-6859] multi-driven net on pin Q with 2nd driver pin 'GND' [c:/Studies/Embedded/FPGA/BasicToAdvanced/microBlaze/microBlaze.gen/sources_1/bd/microBlazeWithFirst/ipshared/8c17/hdl/myFirstIP_v1_0_S00_AXI.vhd:392]
CRITICAL WARNING: [Synth 8-6858] multi-driven net Q is connected to at least one constant driver which has been preserved, other driver is ignored [c:/Studies/Embedded/FPGA/BasicToAdvanced/microBlaze/microBlaze.gen/sources_1/bd/microBlazeWithFirst/ipshared/8c17/hdl/myFirstIP_v1_0_S00_AXI.vhd:392]
CRITICAL WARNING: [Synth 8-6859] multi-driven net on pin Q with 1st driver pin 'U0/myFirstIP_v1_0_S00_AXI_inst/axi_rdata_reg[17]/Q' [c:/Studies/Embedded/FPGA/BasicToAdvanced/microBlaze/microBlaze.gen/sources_1/bd/microBlazeWithFirst/ipshared/8c17/hdl/myFirstIP_v1_0_S00_AXI.vhd:392]
CRITICAL WARNING: [Synth 8-6859] multi-driven net on pin Q with 2nd driver pin 'GND' [c:/Studies/Embedded/FPGA/BasicToAdvanced/microBlaze/microBlaze.gen/sources_1/bd/microBlazeWithFirst/ipshared/8c17/hdl/myFirstIP_v1_0_S00_AXI.vhd:392]
CRITICAL WARNING: [Synth 8-6858] multi-driven net Q is connected to at least one constant driver which has been preserved, other driver is ignored [c:/Studies/Embedded/FPGA/BasicToAdvanced/microBlaze/microBlaze.gen/sources_1/bd/microBlazeWithFirst/ipshared/8c17/hdl/myFirstIP_v1_0_S00_AXI.vhd:392]
CRITICAL WARNING: [Synth 8-6859] multi-driven net on pin Q with 1st driver pin 'U0/myFirstIP_v1_0_S00_AXI_inst/axi_rdata_reg[16]/Q' [c:/Studies/Embedded/FPGA/BasicToAdvanced/microBlaze/microBlaze.gen/sources_1/bd/microBlazeWithFirst/ipshared/8c17/hdl/myFirstIP_v1_0_S00_AXI.vhd:392]
CRITICAL WARNING: [Synth 8-6859] multi-driven net on pin Q with 2nd driver pin 'GND' [c:/Studies/Embedded/FPGA/BasicToAdvanced/microBlaze/microBlaze.gen/sources_1/bd/microBlazeWithFirst/ipshared/8c17/hdl/myFirstIP_v1_0_S00_AXI.vhd:392]
CRITICAL WARNING: [Synth 8-6858] multi-driven net Q is connected to at least one constant driver which has been preserved, other driver is ignored [c:/Studies/Embedded/FPGA/BasicToAdvanced/microBlaze/microBlaze.gen/sources_1/bd/microBlazeWithFirst/ipshared/8c17/hdl/myFirstIP_v1_0_S00_AXI.vhd:392]
CRITICAL WARNING: [Synth 8-6859] multi-driven net on pin Q with 1st driver pin 'U0/myFirstIP_v1_0_S00_AXI_inst/axi_rdata_reg[15]/Q' [c:/Studies/Embedded/FPGA/BasicToAdvanced/microBlaze/microBlaze.gen/sources_1/bd/microBlazeWithFirst/ipshared/8c17/hdl/myFirstIP_v1_0_S00_AXI.vhd:392]
CRITICAL WARNING: [Synth 8-6859] multi-driven net on pin Q with 2nd driver pin 'GND' [c:/Studies/Embedded/FPGA/BasicToAdvanced/microBlaze/microBlaze.gen/sources_1/bd/microBlazeWithFirst/ipshared/8c17/hdl/myFirstIP_v1_0_S00_AXI.vhd:392]
CRITICAL WARNING: [Synth 8-6858] multi-driven net Q is connected to at least one constant driver which has been preserved, other driver is ignored [c:/Studies/Embedded/FPGA/BasicToAdvanced/microBlaze/microBlaze.gen/sources_1/bd/microBlazeWithFirst/ipshared/8c17/hdl/myFirstIP_v1_0_S00_AXI.vhd:392]
CRITICAL WARNING: [Synth 8-6859] multi-driven net on pin Q with 1st driver pin 'U0/myFirstIP_v1_0_S00_AXI_inst/axi_rdata_reg[14]/Q' [c:/Studies/Embedded/FPGA/BasicToAdvanced/microBlaze/microBlaze.gen/sources_1/bd/microBlazeWithFirst/ipshared/8c17/hdl/myFirstIP_v1_0_S00_AXI.vhd:392]
CRITICAL WARNING: [Synth 8-6859] multi-driven net on pin Q with 2nd driver pin 'GND' [c:/Studies/Embedded/FPGA/BasicToAdvanced/microBlaze/microBlaze.gen/sources_1/bd/microBlazeWithFirst/ipshared/8c17/hdl/myFirstIP_v1_0_S00_AXI.vhd:392]
CRITICAL WARNING: [Synth 8-6858] multi-driven net Q is connected to at least one constant driver which has been preserved, other driver is ignored [c:/Studies/Embedded/FPGA/BasicToAdvanced/microBlaze/microBlaze.gen/sources_1/bd/microBlazeWithFirst/ipshared/8c17/hdl/myFirstIP_v1_0_S00_AXI.vhd:392]
CRITICAL WARNING: [Synth 8-6859] multi-driven net on pin Q with 1st driver pin 'U0/myFirstIP_v1_0_S00_AXI_inst/axi_rdata_reg[13]/Q' [c:/Studies/Embedded/FPGA/BasicToAdvanced/microBlaze/microBlaze.gen/sources_1/bd/microBlazeWithFirst/ipshared/8c17/hdl/myFirstIP_v1_0_S00_AXI.vhd:392]
CRITICAL WARNING: [Synth 8-6859] multi-driven net on pin Q with 2nd driver pin 'GND' [c:/Studies/Embedded/FPGA/BasicToAdvanced/microBlaze/microBlaze.gen/sources_1/bd/microBlazeWithFirst/ipshared/8c17/hdl/myFirstIP_v1_0_S00_AXI.vhd:392]
CRITICAL WARNING: [Synth 8-6858] multi-driven net Q is connected to at least one constant driver which has been preserved, other driver is ignored [c:/Studies/Embedded/FPGA/BasicToAdvanced/microBlaze/microBlaze.gen/sources_1/bd/microBlazeWithFirst/ipshared/8c17/hdl/myFirstIP_v1_0_S00_AXI.vhd:392]
CRITICAL WARNING: [Synth 8-6859] multi-driven net on pin Q with 1st driver pin 'U0/myFirstIP_v1_0_S00_AXI_inst/axi_rdata_reg[12]/Q' [c:/Studies/Embedded/FPGA/BasicToAdvanced/microBlaze/microBlaze.gen/sources_1/bd/microBlazeWithFirst/ipshared/8c17/hdl/myFirstIP_v1_0_S00_AXI.vhd:392]
CRITICAL WARNING: [Synth 8-6859] multi-driven net on pin Q with 2nd driver pin 'GND' [c:/Studies/Embedded/FPGA/BasicToAdvanced/microBlaze/microBlaze.gen/sources_1/bd/microBlazeWithFirst/ipshared/8c17/hdl/myFirstIP_v1_0_S00_AXI.vhd:392]
CRITICAL WARNING: [Synth 8-6858] multi-driven net Q is connected to at least one constant driver which has been preserved, other driver is ignored [c:/Studies/Embedded/FPGA/BasicToAdvanced/microBlaze/microBlaze.gen/sources_1/bd/microBlazeWithFirst/ipshared/8c17/hdl/myFirstIP_v1_0_S00_AXI.vhd:392]
CRITICAL WARNING: [Synth 8-6859] multi-driven net on pin Q with 1st driver pin 'U0/myFirstIP_v1_0_S00_AXI_inst/axi_rdata_reg[11]/Q' [c:/Studies/Embedded/FPGA/BasicToAdvanced/microBlaze/microBlaze.gen/sources_1/bd/microBlazeWithFirst/ipshared/8c17/hdl/myFirstIP_v1_0_S00_AXI.vhd:392]
CRITICAL WARNING: [Synth 8-6859] multi-driven net on pin Q with 2nd driver pin 'GND' [c:/Studies/Embedded/FPGA/BasicToAdvanced/microBlaze/microBlaze.gen/sources_1/bd/microBlazeWithFirst/ipshared/8c17/hdl/myFirstIP_v1_0_S00_AXI.vhd:392]
CRITICAL WARNING: [Synth 8-6858] multi-driven net Q is connected to at least one constant driver which has been preserved, other driver is ignored [c:/Studies/Embedded/FPGA/BasicToAdvanced/microBlaze/microBlaze.gen/sources_1/bd/microBlazeWithFirst/ipshared/8c17/hdl/myFirstIP_v1_0_S00_AXI.vhd:392]
CRITICAL WARNING: [Synth 8-6859] multi-driven net on pin Q with 1st driver pin 'U0/myFirstIP_v1_0_S00_AXI_inst/axi_rdata_reg[10]/Q' [c:/Studies/Embedded/FPGA/BasicToAdvanced/microBlaze/microBlaze.gen/sources_1/bd/microBlazeWithFirst/ipshared/8c17/hdl/myFirstIP_v1_0_S00_AXI.vhd:392]
CRITICAL WARNING: [Synth 8-6859] multi-driven net on pin Q with 2nd driver pin 'GND' [c:/Studies/Embedded/FPGA/BasicToAdvanced/microBlaze/microBlaze.gen/sources_1/bd/microBlazeWithFirst/ipshared/8c17/hdl/myFirstIP_v1_0_S00_AXI.vhd:392]
CRITICAL WARNING: [Synth 8-6858] multi-driven net Q is connected to at least one constant driver which has been preserved, other driver is ignored [c:/Studies/Embedded/FPGA/BasicToAdvanced/microBlaze/microBlaze.gen/sources_1/bd/microBlazeWithFirst/ipshared/8c17/hdl/myFirstIP_v1_0_S00_AXI.vhd:392]
CRITICAL WARNING: [Synth 8-6859] multi-driven net on pin Q with 1st driver pin 'U0/myFirstIP_v1_0_S00_AXI_inst/axi_rdata_reg[9]/Q' [c:/Studies/Embedded/FPGA/BasicToAdvanced/microBlaze/microBlaze.gen/sources_1/bd/microBlazeWithFirst/ipshared/8c17/hdl/myFirstIP_v1_0_S00_AXI.vhd:392]
CRITICAL WARNING: [Synth 8-6859] multi-driven net on pin Q with 2nd driver pin 'GND' [c:/Studies/Embedded/FPGA/BasicToAdvanced/microBlaze/microBlaze.gen/sources_1/bd/microBlazeWithFirst/ipshared/8c17/hdl/myFirstIP_v1_0_S00_AXI.vhd:392]
CRITICAL WARNING: [Synth 8-6858] multi-driven net Q is connected to at least one constant driver which has been preserved, other driver is ignored [c:/Studies/Embedded/FPGA/BasicToAdvanced/microBlaze/microBlaze.gen/sources_1/bd/microBlazeWithFirst/ipshared/8c17/hdl/myFirstIP_v1_0_S00_AXI.vhd:392]
CRITICAL WARNING: [Synth 8-6859] multi-driven net on pin Q with 1st driver pin 'U0/myFirstIP_v1_0_S00_AXI_inst/axi_rdata_reg[8]/Q' [c:/Studies/Embedded/FPGA/BasicToAdvanced/microBlaze/microBlaze.gen/sources_1/bd/microBlazeWithFirst/ipshared/8c17/hdl/myFirstIP_v1_0_S00_AXI.vhd:392]
CRITICAL WARNING: [Synth 8-6859] multi-driven net on pin Q with 2nd driver pin 'GND' [c:/Studies/Embedded/FPGA/BasicToAdvanced/microBlaze/microBlaze.gen/sources_1/bd/microBlazeWithFirst/ipshared/8c17/hdl/myFirstIP_v1_0_S00_AXI.vhd:392]
CRITICAL WARNING: [Synth 8-6858] multi-driven net Q is connected to at least one constant driver which has been preserved, other driver is ignored [c:/Studies/Embedded/FPGA/BasicToAdvanced/microBlaze/microBlaze.gen/sources_1/bd/microBlazeWithFirst/ipshared/8c17/hdl/myFirstIP_v1_0_S00_AXI.vhd:392]
CRITICAL WARNING: [Synth 8-6859] multi-driven net on pin Q with 1st driver pin 'U0/myFirstIP_v1_0_S00_AXI_inst/axi_rdata_reg[7]/Q' [c:/Studies/Embedded/FPGA/BasicToAdvanced/microBlaze/microBlaze.gen/sources_1/bd/microBlazeWithFirst/ipshared/8c17/hdl/myFirstIP_v1_0_S00_AXI.vhd:392]
CRITICAL WARNING: [Synth 8-6859] multi-driven net on pin Q with 2nd driver pin 'GND' [c:/Studies/Embedded/FPGA/BasicToAdvanced/microBlaze/microBlaze.gen/sources_1/bd/microBlazeWithFirst/ipshared/8c17/hdl/myFirstIP_v1_0_S00_AXI.vhd:392]
CRITICAL WARNING: [Synth 8-6858] multi-driven net Q is connected to at least one constant driver which has been preserved, other driver is ignored [c:/Studies/Embedded/FPGA/BasicToAdvanced/microBlaze/microBlaze.gen/sources_1/bd/microBlazeWithFirst/ipshared/8c17/hdl/myFirstIP_v1_0_S00_AXI.vhd:392]
CRITICAL WARNING: [Synth 8-6859] multi-driven net on pin Q with 1st driver pin 'U0/myFirstIP_v1_0_S00_AXI_inst/axi_rdata_reg[6]/Q' [c:/Studies/Embedded/FPGA/BasicToAdvanced/microBlaze/microBlaze.gen/sources_1/bd/microBlazeWithFirst/ipshared/8c17/hdl/myFirstIP_v1_0_S00_AXI.vhd:392]
CRITICAL WARNING: [Synth 8-6859] multi-driven net on pin Q with 2nd driver pin 'GND' [c:/Studies/Embedded/FPGA/BasicToAdvanced/microBlaze/microBlaze.gen/sources_1/bd/microBlazeWithFirst/ipshared/8c17/hdl/myFirstIP_v1_0_S00_AXI.vhd:392]
CRITICAL WARNING: [Synth 8-6858] multi-driven net Q is connected to at least one constant driver which has been preserved, other driver is ignored [c:/Studies/Embedded/FPGA/BasicToAdvanced/microBlaze/microBlaze.gen/sources_1/bd/microBlazeWithFirst/ipshared/8c17/hdl/myFirstIP_v1_0_S00_AXI.vhd:392]
CRITICAL WARNING: [Synth 8-6859] multi-driven net on pin Q with 1st driver pin 'U0/myFirstIP_v1_0_S00_AXI_inst/axi_rdata_reg[5]/Q' [c:/Studies/Embedded/FPGA/BasicToAdvanced/microBlaze/microBlaze.gen/sources_1/bd/microBlazeWithFirst/ipshared/8c17/hdl/myFirstIP_v1_0_S00_AXI.vhd:392]
CRITICAL WARNING: [Synth 8-6859] multi-driven net on pin Q with 2nd driver pin 'GND' [c:/Studies/Embedded/FPGA/BasicToAdvanced/microBlaze/microBlaze.gen/sources_1/bd/microBlazeWithFirst/ipshared/8c17/hdl/myFirstIP_v1_0_S00_AXI.vhd:392]
CRITICAL WARNING: [Synth 8-6858] multi-driven net Q is connected to at least one constant driver which has been preserved, other driver is ignored [c:/Studies/Embedded/FPGA/BasicToAdvanced/microBlaze/microBlaze.gen/sources_1/bd/microBlazeWithFirst/ipshared/8c17/hdl/myFirstIP_v1_0_S00_AXI.vhd:392]
CRITICAL WARNING: [Synth 8-6859] multi-driven net on pin Q with 1st driver pin 'U0/myFirstIP_v1_0_S00_AXI_inst/axi_rdata_reg[4]/Q' [c:/Studies/Embedded/FPGA/BasicToAdvanced/microBlaze/microBlaze.gen/sources_1/bd/microBlazeWithFirst/ipshared/8c17/hdl/myFirstIP_v1_0_S00_AXI.vhd:392]
CRITICAL WARNING: [Synth 8-6859] multi-driven net on pin Q with 2nd driver pin 'GND' [c:/Studies/Embedded/FPGA/BasicToAdvanced/microBlaze/microBlaze.gen/sources_1/bd/microBlazeWithFirst/ipshared/8c17/hdl/myFirstIP_v1_0_S00_AXI.vhd:392]
CRITICAL WARNING: [Synth 8-6858] multi-driven net Q is connected to at least one constant driver which has been preserved, other driver is ignored [c:/Studies/Embedded/FPGA/BasicToAdvanced/microBlaze/microBlaze.gen/sources_1/bd/microBlazeWithFirst/ipshared/8c17/hdl/myFirstIP_v1_0_S00_AXI.vhd:392]
CRITICAL WARNING: [Synth 8-6859] multi-driven net on pin Q with 1st driver pin 'U0/myFirstIP_v1_0_S00_AXI_inst/axi_rdata_reg[3]/Q' [c:/Studies/Embedded/FPGA/BasicToAdvanced/microBlaze/microBlaze.gen/sources_1/bd/microBlazeWithFirst/ipshared/8c17/hdl/myFirstIP_v1_0_S00_AXI.vhd:392]
CRITICAL WARNING: [Synth 8-6859] multi-driven net on pin Q with 2nd driver pin 'GND' [c:/Studies/Embedded/FPGA/BasicToAdvanced/microBlaze/microBlaze.gen/sources_1/bd/microBlazeWithFirst/ipshared/8c17/hdl/myFirstIP_v1_0_S00_AXI.vhd:392]
CRITICAL WARNING: [Synth 8-6858] multi-driven net Q is connected to at least one constant driver which has been preserved, other driver is ignored [c:/Studies/Embedded/FPGA/BasicToAdvanced/microBlaze/microBlaze.gen/sources_1/bd/microBlazeWithFirst/ipshared/8c17/hdl/myFirstIP_v1_0_S00_AXI.vhd:392]
CRITICAL WARNING: [Synth 8-6859] multi-driven net on pin Q with 1st driver pin 'U0/myFirstIP_v1_0_S00_AXI_inst/axi_rdata_reg[2]/Q' [c:/Studies/Embedded/FPGA/BasicToAdvanced/microBlaze/microBlaze.gen/sources_1/bd/microBlazeWithFirst/ipshared/8c17/hdl/myFirstIP_v1_0_S00_AXI.vhd:392]
CRITICAL WARNING: [Synth 8-6859] multi-driven net on pin Q with 2nd driver pin 'GND' [c:/Studies/Embedded/FPGA/BasicToAdvanced/microBlaze/microBlaze.gen/sources_1/bd/microBlazeWithFirst/ipshared/8c17/hdl/myFirstIP_v1_0_S00_AXI.vhd:392]
CRITICAL WARNING: [Synth 8-6858] multi-driven net Q is connected to at least one constant driver which has been preserved, other driver is ignored [c:/Studies/Embedded/FPGA/BasicToAdvanced/microBlaze/microBlaze.gen/sources_1/bd/microBlazeWithFirst/ipshared/8c17/hdl/myFirstIP_v1_0_S00_AXI.vhd:392]
CRITICAL WARNING: [Synth 8-6859] multi-driven net on pin Q with 1st driver pin 'U0/myFirstIP_v1_0_S00_AXI_inst/axi_rdata_reg[1]/Q' [c:/Studies/Embedded/FPGA/BasicToAdvanced/microBlaze/microBlaze.gen/sources_1/bd/microBlazeWithFirst/ipshared/8c17/hdl/myFirstIP_v1_0_S00_AXI.vhd:392]
CRITICAL WARNING: [Synth 8-6859] multi-driven net on pin Q with 2nd driver pin 'GND' [c:/Studies/Embedded/FPGA/BasicToAdvanced/microBlaze/microBlaze.gen/sources_1/bd/microBlazeWithFirst/ipshared/8c17/hdl/myFirstIP_v1_0_S00_AXI.vhd:392]
CRITICAL WARNING: [Synth 8-6858] multi-driven net Q is connected to at least one constant driver which has been preserved, other driver is ignored [c:/Studies/Embedded/FPGA/BasicToAdvanced/microBlaze/microBlaze.gen/sources_1/bd/microBlazeWithFirst/ipshared/8c17/hdl/myFirstIP_v1_0_S00_AXI.vhd:392]
CRITICAL WARNING: [Synth 8-6859] multi-driven net on pin Q with 1st driver pin 'U0/myFirstIP_v1_0_S00_AXI_inst/axi_rdata_reg[0]/Q' [c:/Studies/Embedded/FPGA/BasicToAdvanced/microBlaze/microBlaze.gen/sources_1/bd/microBlazeWithFirst/ipshared/8c17/hdl/myFirstIP_v1_0_S00_AXI.vhd:392]
CRITICAL WARNING: [Synth 8-6859] multi-driven net on pin Q with 2nd driver pin 'GND' [c:/Studies/Embedded/FPGA/BasicToAdvanced/microBlaze/microBlaze.gen/sources_1/bd/microBlazeWithFirst/ipshared/8c17/hdl/myFirstIP_v1_0_S00_AXI.vhd:392]
CRITICAL WARNING: [Synth 8-6858] multi-driven net Q is connected to at least one constant driver which has been preserved, other driver is ignored [c:/Studies/Embedded/FPGA/BasicToAdvanced/microBlaze/microBlaze.gen/sources_1/bd/microBlazeWithFirst/ipshared/8c17/hdl/myFirstIP_v1_0_S00_AXI.vhd:392]
---------------------------------------------------------------------------------
Finished Cross Boundary and Area Optimization : Time (s): cpu = 00:00:26 ; elapsed = 00:00:26 . Memory (MB): peak = 1332.035 ; gain = 0.000
---------------------------------------------------------------------------------
---------------------------------------------------------------------------------
Start Applying XDC Timing Constraints
---------------------------------------------------------------------------------
---------------------------------------------------------------------------------
Finished Applying XDC Timing Constraints : Time (s): cpu = 00:00:36 ; elapsed = 00:00:37 . Memory (MB): peak = 1332.035 ; gain = 0.000
---------------------------------------------------------------------------------
---------------------------------------------------------------------------------
Start Timing Optimization
---------------------------------------------------------------------------------
---------------------------------------------------------------------------------
Finished Timing Optimization : Time (s): cpu = 00:00:36 ; elapsed = 00:00:37 . Memory (MB): peak = 1332.035 ; gain = 0.000
---------------------------------------------------------------------------------
---------------------------------------------------------------------------------
Start Technology Mapping
---------------------------------------------------------------------------------
---------------------------------------------------------------------------------
Finished Technology Mapping : Time (s): cpu = 00:00:36 ; elapsed = 00:00:37 . Memory (MB): peak = 1332.035 ; gain = 0.000
---------------------------------------------------------------------------------
---------------------------------------------------------------------------------
Start IO Insertion
---------------------------------------------------------------------------------
---------------------------------------------------------------------------------
Start Flattening Before IO Insertion
---------------------------------------------------------------------------------
---------------------------------------------------------------------------------
Finished Flattening Before IO Insertion
---------------------------------------------------------------------------------
---------------------------------------------------------------------------------
Start Final Netlist Cleanup
---------------------------------------------------------------------------------
---------------------------------------------------------------------------------
Finished Final Netlist Cleanup
---------------------------------------------------------------------------------
---------------------------------------------------------------------------------
Finished IO Insertion : Time (s): cpu = 00:00:43 ; elapsed = 00:00:44 . Memory (MB): peak = 1332.035 ; gain = 0.000
---------------------------------------------------------------------------------
---------------------------------------------------------------------------------
Start Renaming Generated Instances
---------------------------------------------------------------------------------
---------------------------------------------------------------------------------
Finished Renaming Generated Instances : Time (s): cpu = 00:00:43 ; elapsed = 00:00:44 . Memory (MB): peak = 1332.035 ; gain = 0.000
---------------------------------------------------------------------------------
---------------------------------------------------------------------------------
Start Rebuilding User Hierarchy
---------------------------------------------------------------------------------
---------------------------------------------------------------------------------
Finished Rebuilding User Hierarchy : Time (s): cpu = 00:00:43 ; elapsed = 00:00:44 . Memory (MB): peak = 1332.035 ; gain = 0.000
---------------------------------------------------------------------------------
---------------------------------------------------------------------------------
Start Renaming Generated Ports
---------------------------------------------------------------------------------
---------------------------------------------------------------------------------
Finished Renaming Generated Ports : Time (s): cpu = 00:00:43 ; elapsed = 00:00:44 . Memory (MB): peak = 1332.035 ; gain = 0.000
---------------------------------------------------------------------------------
---------------------------------------------------------------------------------
Start Handling Custom Attributes
---------------------------------------------------------------------------------
---------------------------------------------------------------------------------
Finished Handling Custom Attributes : Time (s): cpu = 00:00:43 ; elapsed = 00:00:44 . Memory (MB): peak = 1332.035 ; gain = 0.000
---------------------------------------------------------------------------------
---------------------------------------------------------------------------------
Start Renaming Generated Nets
---------------------------------------------------------------------------------
---------------------------------------------------------------------------------
Finished Renaming Generated Nets : Time (s): cpu = 00:00:43 ; elapsed = 00:00:44 . Memory (MB): peak = 1332.035 ; gain = 0.000
---------------------------------------------------------------------------------
---------------------------------------------------------------------------------
Start Writing Synthesis Report
---------------------------------------------------------------------------------

Report BlackBoxes: 
+-+--------------+----------+
| |BlackBox name |Instances |
+-+--------------+----------+
+-+--------------+----------+

Report Cell Usage: 
+------+-----+------+
|      |Cell |Count |
+------+-----+------+
|1     |LUT1 |     1|
|2     |LUT2 |     1|
|3     |LUT4 |     3|
|4     |LUT6 |     2|
|5     |FDRE |     5|
|6     |FDSE |     1|
+------+-----+------+
---------------------------------------------------------------------------------
Finished Writing Synthesis Report : Time (s): cpu = 00:00:43 ; elapsed = 00:00:44 . Memory (MB): peak = 1332.035 ; gain = 0.000
---------------------------------------------------------------------------------
Synthesis finished with 0 errors, 96 critical warnings and 7 warnings.
Synthesis Optimization Runtime : Time (s): cpu = 00:00:28 ; elapsed = 00:00:41 . Memory (MB): peak = 1332.035 ; gain = 0.000
Synthesis Optimization Complete : Time (s): cpu = 00:00:43 ; elapsed = 00:00:44 . Memory (MB): peak = 1332.035 ; gain = 0.000
INFO: [Project 1-571] Translating synthesized netlist
Netlist sorting complete. Time (s): cpu = 00:00:00 ; elapsed = 00:00:00.001 . Memory (MB): peak = 1335.938 ; gain = 0.000
INFO: [Project 1-570] Preparing netlist for logic optimization
INFO: [Opt 31-138] Pushed 0 inverter(s) to 0 load pin(s).
Netlist sorting complete. Time (s): cpu = 00:00:00 ; elapsed = 00:00:00 . Memory (MB): peak = 1352.234 ; gain = 0.000
INFO: [Project 1-111] Unisim Transformation Summary:
No Unisim elements were transformed.

Synth Design complete, checksum: c48074b6
INFO: [Common 17-83] Releasing license: Synthesis
26 Infos, 14 Warnings, 96 Critical Warnings and 0 Errors encountered.
synth_design completed successfully
synth_design: Time (s): cpu = 00:00:50 ; elapsed = 00:00:53 . Memory (MB): peak = 1352.234 ; gain = 20.199
INFO: [Common 17-1381] The checkpoint 'C:/Studies/Embedded/FPGA/BasicToAdvanced/microBlaze/microBlaze.runs/microBlazeWithFirst_myFirstIP_0_0_synth_1/microBlazeWithFirst_myFirstIP_0_0.dcp' has been generated.
INFO: [runtcl-6] Synthesis results are not added to the cache due to CRITICAL_WARNING
INFO: [Coretcl 2-1174] Renamed 2 cell refs.
INFO: [Common 17-1381] The checkpoint 'C:/Studies/Embedded/FPGA/BasicToAdvanced/microBlaze/microBlaze.runs/microBlazeWithFirst_myFirstIP_0_0_synth_1/microBlazeWithFirst_myFirstIP_0_0.dcp' has been generated.
INFO: [runtcl-4] Executing : report_utilization -file microBlazeWithFirst_myFirstIP_0_0_utilization_synth.rpt -pb microBlazeWithFirst_myFirstIP_0_0_utilization_synth.pb
INFO: [Common 17-206] Exiting Vivado at Mon Sep  5 09:54:34 2022...
